[2026-05-02T03:59:48Z] issue=1246 category=RESOLVE_NOT_READY exit=1 result=skip
[2026-05-02T03:59:48Z] issue=1245 category=RESOLVE_NOT_READY exit=1 result=skip
[2026-05-02T03:59:49Z] issue=1242 category=RESOLVE_NOT_READY exit=1 result=skip
[2026-05-02T03:59:49Z] issue=1231 category=RESOLVE_NOT_READY exit=1 result=skip
[2026-05-02T04:00:00Z] issue=1246 category=RESOLVE_NOT_READY exit=1 result=skip
[2026-05-02T04:00:00Z] issue=1245 category=RESOLVE_NOT_READY exit=1 result=skip
[2026-05-02T04:00:00Z] issue=1242 category=RESOLVE_NOT_READY exit=1 result=skip
[2026-05-02T04:00:00Z] issue=1231 category=RESOLVE_NOT_READY exit=1 result=skip
[2026-05-02T04:00:11Z] issue=1246 category=RESOLVE_NOT_READY exit=1 result=skip
[2026-05-02T04:00:11Z] issue=1245 category=RESOLVE_NOT_READY exit=1 result=skip
[2026-05-02T04:00:12Z] issue=1242 category=RESOLVE_NOT_READY exit=1 result=skip
[2026-05-02T04:00:12Z] issue=1231 category=RESOLVE_NOT_READY exit=1 result=skip
[2026-05-02T04:00:23Z] issue=1246 category=RESOLVE_NOT_READY exit=1 result=skip
[2026-05-02T04:00:23Z] issue=1245 category=RESOLVE_NOT_READY exit=1 result=skip
[2026-05-02T04:00:23Z] issue=1242 category=RESOLVE_NOT_READY exit=1 result=skip
[2026-05-02T04:00:23Z] issue=1231 category=RESOLVE_NOT_READY exit=1 result=skip
[2026-05-02T04:00:34Z] issue=1246 category=RESOLVE_NOT_READY exit=1 result=skip
[2026-05-02T04:00:34Z] issue=1245 category=RESOLVE_NOT_READY exit=1 result=skip
[2026-05-02T04:00:35Z] issue=1242 category=RESOLVE_NOT_READY exit=1 result=skip
[2026-05-02T04:00:35Z] issue=1231 category=RESOLVE_NOT_READY exit=1 result=skip
[2026-05-02T04:00:46Z] issue=1246 category=RESOLVE_NOT_READY exit=1 result=skip
[2026-05-02T04:00:46Z] issue=1245 category=RESOLVE_NOT_READY exit=1 result=skip
[2026-05-02T04:00:46Z] issue=1242 category=RESOLVE_NOT_READY exit=1 result=skip
[2026-05-02T04:00:46Z] issue=1231 category=RESOLVE_NOT_READY exit=1 result=skip
[2026-05-02T04:00:57Z] issue=1246 category=RESOLVE_NOT_READY exit=1 result=skip
[2026-05-02T04:00:58Z] issue=1245 category=RESOLVE_NOT_READY exit=1 result=skip
[2026-05-02T04:00:58Z] issue=1242 category=RESOLVE_NOT_READY exit=1 result=skip
[2026-05-02T04:00:58Z] issue=1231 category=RESOLVE_NOT_READY exit=1 result=skip
[2026-05-02T04:01:09Z] issue=1246 category=RESOLVE_NOT_READY exit=1 result=skip
[2026-05-02T04:01:09Z] issue=1245 category=RESOLVE_NOT_READY exit=1 result=skip
[2026-05-02T04:01:10Z] issue=1242 category=RESOLVE_NOT_READY exit=1 result=skip
[2026-05-02T04:01:10Z] issue=1231 category=RESOLVE_NOT_READY exit=1 result=skip
[2026-05-02T04:01:21Z] issue=1246 category=RESOLVE_NOT_READY exit=1 result=skip
[2026-05-02T04:01:21Z] issue=1245 category=RESOLVE_NOT_READY exit=1 result=skip
[2026-05-02T04:01:21Z] issue=1242 category=RESOLVE_NOT_READY exit=1 result=skip
[2026-05-02T04:01:22Z] issue=1231 category=RESOLVE_NOT_READY exit=1 result=skip
[2026-05-02T04:01:33Z] issue=1246 category=RESOLVE_NOT_READY exit=1 result=skip
[2026-05-02T04:01:33Z] issue=1245 category=RESOLVE_NOT_READY exit=1 result=skip
[2026-05-02T04:01:33Z] issue=1242 category=RESOLVE_NOT_READY exit=1 result=skip
[2026-05-02T04:01:33Z] issue=1231 category=RESOLVE_NOT_READY exit=1 result=skip
[2026-05-02T04:01:44Z] issue=1246 category=RESOLVE_NOT_READY exit=1 result=skip
[2026-05-02T04:01:45Z] issue=1245 category=RESOLVE_NOT_READY exit=1 result=skip
[2026-05-02T04:01:45Z] issue=1242 category=RESOLVE_NOT_READY exit=1 result=skip
[2026-05-02T04:01:45Z] issue=1231 category=RESOLVE_NOT_READY exit=1 result=skip
[2026-05-02T04:01:56Z] issue=1246 category=RESOLVE_NOT_READY exit=1 result=skip
[2026-05-02T04:01:56Z] issue=1245 category=RESOLVE_NOT_READY exit=1 result=skip
[2026-05-02T04:01:56Z] issue=1242 category=RESOLVE_NOT_READY exit=1 result=skip
[2026-05-02T04:01:57Z] issue=1231 category=RESOLVE_NOT_READY exit=1 result=skip
[2026-05-02T04:02:07Z] issue=1246 category=RESOLVE_NOT_READY exit=1 result=skip
[2026-05-02T04:02:08Z] issue=1245 category=RESOLVE_NOT_READY exit=1 result=skip
[2026-05-02T04:02:08Z] issue=1242 category=INJECT_SUCCESS skill=/twl:workflow-test-ready result=success status=running current_step=ac-extract pr= branch=
[2026-05-02T04:02:08Z] issue=1231 category=RESOLVE_NOT_READY exit=1 result=skip
[2026-05-02T04:02:19Z] issue=1246 category=RESOLVE_NOT_READY exit=1 result=skip
[2026-05-02T04:02:20Z] issue=1245 category=RESOLVE_NOT_READY exit=1 result=skip
[2026-05-02T04:02:20Z] issue=1231 category=RESOLVE_NOT_READY exit=1 result=skip
[2026-05-02T04:02:31Z] issue=1246 category=RESOLVE_NOT_READY exit=1 result=skip
[2026-05-02T04:02:31Z] issue=1245 category=RESOLVE_NOT_READY exit=1 result=skip
[2026-05-02T04:02:32Z] issue=1231 category=RESOLVE_NOT_READY exit=1 result=skip
[2026-05-02T04:02:42Z] issue=1246 category=INJECT_SUCCESS skill=/twl:workflow-test-ready result=success status=running current_step=ac-extract pr= branch=
[2026-05-02T04:02:43Z] issue=1245 category=INJECT_SUCCESS skill=/twl:workflow-test-ready result=success status=running current_step=ac-extract pr= branch=
[2026-05-02T04:02:43Z] issue=1242 category=RESOLVE_NOT_READY exit=1 result=skip
[2026-05-02T04:02:44Z] issue=1231 category=INJECT_SUCCESS skill=/twl:workflow-test-ready result=success status=running current_step=ac-extract pr= branch=
[2026-05-02T04:02:55Z] issue=1242 category=RESOLVE_NOT_READY exit=1 result=skip
[2026-05-02T04:03:06Z] issue=1246 category=RESOLVE_NOT_READY exit=1 result=skip
[2026-05-02T04:03:06Z] issue=1242 category=RESOLVE_NOT_READY exit=1 result=skip
[2026-05-02T04:03:17Z] issue=1246 category=RESOLVE_NOT_READY exit=1 result=skip
[2026-05-02T04:03:18Z] issue=1245 category=RESOLVE_NOT_READY exit=1 result=skip
[2026-05-02T04:03:18Z] issue=1242 category=RESOLVE_NOT_READY exit=1 result=skip
[2026-05-02T04:03:18Z] issue=1231 category=RESOLVE_NOT_READY exit=1 result=skip
[2026-05-02T04:03:29Z] issue=1246 category=RESOLVE_NOT_READY exit=1 result=skip
[2026-05-02T04:03:29Z] issue=1245 category=RESOLVE_NOT_READY exit=1 result=skip
[2026-05-02T04:03:29Z] issue=1242 category=RESOLVE_NOT_READY exit=1 result=skip
[2026-05-02T04:03:30Z] issue=1231 category=RESOLVE_NOT_READY exit=1 result=skip
[2026-05-02T04:03:41Z] issue=1246 category=RESOLVE_NOT_READY exit=1 result=skip
[2026-05-02T04:03:41Z] issue=1245 category=RESOLVE_NOT_READY exit=1 result=skip
[2026-05-02T04:03:41Z] issue=1242 category=RESOLVE_NOT_READY exit=1 result=skip
[2026-05-02T04:03:41Z] issue=1231 category=RESOLVE_NOT_READY exit=1 result=skip
[2026-05-02T04:03:52Z] issue=1246 category=RESOLVE_NOT_READY exit=1 result=skip
[2026-05-02T04:03:53Z] issue=1245 category=RESOLVE_NOT_READY exit=1 result=skip
[2026-05-02T04:03:53Z] issue=1242 category=RESOLVE_NOT_READY exit=1 result=skip
[2026-05-02T04:03:53Z] issue=1231 category=RESOLVE_NOT_READY exit=1 result=skip
[2026-05-02T04:04:04Z] issue=1246 category=RESOLVE_NOT_READY exit=1 result=skip
[2026-05-02T04:04:04Z] issue=1245 category=RESOLVE_NOT_READY exit=1 result=skip
[2026-05-02T04:04:05Z] issue=1242 category=RESOLVE_NOT_READY exit=1 result=skip
[2026-05-02T04:04:05Z] issue=1231 category=RESOLVE_NOT_READY exit=1 result=skip
[2026-05-02T04:04:16Z] issue=1246 category=RESOLVE_NOT_READY exit=1 result=skip
[2026-05-02T04:04:16Z] issue=1245 category=RESOLVE_NOT_READY exit=1 result=skip
[2026-05-02T04:04:16Z] issue=1242 category=RESOLVE_NOT_READY exit=1 result=skip
[2026-05-02T04:04:17Z] issue=1231 category=RESOLVE_NOT_READY exit=1 result=skip
[2026-05-02T04:04:28Z] issue=1246 category=RESOLVE_NOT_READY exit=1 result=skip
[2026-05-02T04:04:28Z] issue=1245 category=RESOLVE_NOT_READY exit=1 result=skip
[2026-05-02T04:04:28Z] issue=1242 category=RESOLVE_NOT_READY exit=1 result=skip
[2026-05-02T04:04:28Z] issue=1231 category=RESOLVE_NOT_READY exit=1 result=skip
[2026-05-02T04:04:39Z] issue=1246 category=RESOLVE_NOT_READY exit=1 result=skip
[2026-05-02T04:04:40Z] issue=1245 category=RESOLVE_NOT_READY exit=1 result=skip
[2026-05-02T04:04:40Z] issue=1242 category=RESOLVE_NOT_READY exit=1 result=skip
[2026-05-02T04:04:40Z] issue=1231 category=RESOLVE_NOT_READY exit=1 result=skip
[2026-05-02T04:04:51Z] issue=1246 category=RESOLVE_NOT_READY exit=1 result=skip
[2026-05-02T04:04:51Z] issue=1245 category=RESOLVE_NOT_READY exit=1 result=skip
[2026-05-02T04:04:52Z] issue=1242 category=RESOLVE_NOT_READY exit=1 result=skip
[2026-05-02T04:04:52Z] issue=1231 category=RESOLVE_NOT_READY exit=1 result=skip
[2026-05-02T04:05:03Z] issue=1246 category=RESOLVE_NOT_READY exit=1 result=skip
[2026-05-02T04:05:03Z] issue=1245 category=RESOLVE_NOT_READY exit=1 result=skip
[2026-05-02T04:05:03Z] issue=1242 category=RESOLVE_NOT_READY exit=1 result=skip
[2026-05-02T04:05:04Z] issue=1231 category=RESOLVE_NOT_READY exit=1 result=skip
[2026-05-02T04:05:15Z] issue=1246 category=RESOLVE_NOT_READY exit=1 result=skip
[2026-05-02T04:05:15Z] issue=1245 category=RESOLVE_NOT_READY exit=1 result=skip
[2026-05-02T04:05:15Z] issue=1242 category=RESOLVE_NOT_READY exit=1 result=skip
[2026-05-02T04:05:15Z] issue=1231 category=RESOLVE_NOT_READY exit=1 result=skip
[2026-05-02T04:05:26Z] issue=1246 category=RESOLVE_NOT_READY exit=1 result=skip
[2026-05-02T04:05:26Z] issue=1245 category=RESOLVE_NOT_READY exit=1 result=skip
[2026-05-02T04:05:27Z] issue=1242 category=RESOLVE_NOT_READY exit=1 result=skip
[2026-05-02T04:05:27Z] issue=1231 category=RESOLVE_NOT_READY exit=1 result=skip
[2026-05-02T04:05:38Z] issue=1246 category=RESOLVE_NOT_READY exit=1 result=skip
[2026-05-02T04:05:38Z] issue=1245 category=RESOLVE_NOT_READY exit=1 result=skip
[2026-05-02T04:05:38Z] issue=1242 category=RESOLVE_NOT_READY exit=1 result=skip
[2026-05-02T04:05:39Z] issue=1231 category=RESOLVE_NOT_READY exit=1 result=skip
[2026-05-02T04:05:50Z] issue=1246 category=RESOLVE_NOT_READY exit=1 result=skip
[2026-05-02T04:05:50Z] issue=1245 category=RESOLVE_NOT_READY exit=1 result=skip
[2026-05-02T04:05:50Z] issue=1242 category=RESOLVE_NOT_READY exit=1 result=skip
[2026-05-02T04:05:50Z] issue=1231 category=RESOLVE_NOT_READY exit=1 result=skip
[2026-05-02T04:06:01Z] issue=1246 category=RESOLVE_NOT_READY exit=1 result=skip
[2026-05-02T04:06:01Z] issue=1245 category=RESOLVE_NOT_READY exit=1 result=skip
[2026-05-02T04:06:02Z] issue=1242 category=RESOLVE_NOT_READY exit=1 result=skip
[2026-05-02T04:06:02Z] issue=1231 category=RESOLVE_NOT_READY exit=1 result=skip
[2026-05-02T04:06:13Z] issue=1246 category=RESOLVE_NOT_READY exit=1 result=skip
[2026-05-02T04:06:13Z] issue=1245 category=RESOLVE_NOT_READY exit=1 result=skip
[2026-05-02T04:06:13Z] issue=1242 category=RESOLVE_NOT_READY exit=1 result=skip
[2026-05-02T04:06:14Z] issue=1231 category=RESOLVE_NOT_READY exit=1 result=skip
[2026-05-02T04:06:24Z] issue=1246 category=RESOLVE_NOT_READY exit=1 result=skip
[2026-05-02T04:06:25Z] issue=1245 category=RESOLVE_NOT_READY exit=1 result=skip
[2026-05-02T04:06:25Z] issue=1242 category=INJECT_SUCCESS skill=/twl:workflow-pr-verify result=success status=running current_step=check pr= branch=
[2026-05-02T04:06:25Z] issue=1231 category=RESOLVE_NOT_READY exit=1 result=skip
[2026-05-02T04:06:36Z] issue=1246 category=RESOLVE_NOT_READY exit=1 result=skip
[2026-05-02T04:06:36Z] issue=1245 category=RESOLVE_NOT_READY exit=1 result=skip
[2026-05-02T04:06:37Z] issue=1231 category=RESOLVE_NOT_READY exit=1 result=skip
[2026-05-02T04:06:48Z] issue=1246 category=RESOLVE_NOT_READY exit=1 result=skip
[2026-05-02T04:06:48Z] issue=1245 category=RESOLVE_NOT_READY exit=1 result=skip
[2026-05-02T04:06:48Z] issue=1231 category=RESOLVE_NOT_READY exit=1 result=skip
[2026-05-02T04:06:59Z] issue=1246 category=RESOLVE_NOT_READY exit=1 result=skip
[2026-05-02T04:06:59Z] issue=1245 category=RESOLVE_NOT_READY exit=1 result=skip
[2026-05-02T04:07:00Z] issue=1231 category=RESOLVE_NOT_READY exit=1 result=skip
[2026-05-02T04:07:11Z] issue=1246 category=RESOLVE_NOT_READY exit=1 result=skip
[2026-05-02T04:07:11Z] issue=1245 category=RESOLVE_NOT_READY exit=1 result=skip
[2026-05-02T04:07:12Z] issue=1231 category=RESOLVE_NOT_READY exit=1 result=skip
[2026-05-02T04:07:22Z] issue=1246 category=RESOLVE_NOT_READY exit=1 result=skip
[2026-05-02T04:07:23Z] issue=1245 category=RESOLVE_NOT_READY exit=1 result=skip
[2026-05-02T04:07:23Z] issue=1231 category=RESOLVE_NOT_READY exit=1 result=skip
[2026-05-02T04:07:34Z] issue=1246 category=RESOLVE_NOT_READY exit=1 result=skip
[2026-05-02T04:07:34Z] issue=1245 category=RESOLVE_NOT_READY exit=1 result=skip
[2026-05-02T04:07:35Z] issue=1231 category=RESOLVE_NOT_READY exit=1 result=skip
[2026-05-02T04:07:46Z] issue=1246 category=RESOLVE_NOT_READY exit=1 result=skip
[2026-05-02T04:07:46Z] issue=1245 category=INJECT_SUCCESS skill=/twl:workflow-pr-verify result=success status=running current_step=check pr= branch=
[2026-05-02T04:07:47Z] issue=1231 category=RESOLVE_NOT_READY exit=1 result=skip
[2026-05-02T04:07:57Z] issue=1246 category=RESOLVE_NOT_READY exit=1 result=skip
[2026-05-02T04:07:58Z] issue=1231 category=RESOLVE_NOT_READY exit=1 result=skip
[2026-05-02T04:08:09Z] issue=1246 category=RESOLVE_NOT_READY exit=1 result=skip
[2026-05-02T04:08:09Z] issue=1231 category=RESOLVE_NOT_READY exit=1 result=skip
[2026-05-02T04:08:20Z] issue=1246 category=RESOLVE_NOT_READY exit=1 result=skip
[2026-05-02T04:08:21Z] issue=1231 category=RESOLVE_NOT_READY exit=1 result=skip
[2026-05-02T04:08:32Z] issue=1246 category=RESOLVE_NOT_READY exit=1 result=skip
[2026-05-02T04:08:32Z] issue=1231 category=RESOLVE_NOT_READY exit=1 result=skip
[2026-05-02T04:08:43Z] issue=1246 category=RESOLVE_NOT_READY exit=1 result=skip
[2026-05-02T04:08:44Z] issue=1242 category=RESOLVE_NOT_READY exit=1 result=skip
[2026-05-02T04:08:44Z] issue=1231 category=RESOLVE_NOT_READY exit=1 result=skip
[2026-05-02T04:08:55Z] issue=1246 category=RESOLVE_NOT_READY exit=1 result=skip
[2026-05-02T04:08:55Z] issue=1242 category=RESOLVE_NOT_READY exit=1 result=skip
[2026-05-02T04:08:56Z] issue=1231 category=RESOLVE_NOT_READY exit=1 result=skip
[2026-05-02T04:09:07Z] issue=1246 category=RESOLVE_NOT_READY exit=1 result=skip
[2026-05-02T04:09:07Z] issue=1242 category=RESOLVE_NOT_READY exit=1 result=skip
[2026-05-02T04:09:07Z] issue=1231 category=RESOLVE_NOT_READY exit=1 result=skip
[2026-05-02T04:09:18Z] issue=1246 category=RESOLVE_NOT_READY exit=1 result=skip
[2026-05-02T04:09:19Z] issue=1242 category=RESOLVE_NOT_READY exit=1 result=skip
[2026-05-02T04:09:19Z] issue=1231 category=INJECT_SUCCESS skill=/twl:workflow-pr-verify result=success status=running current_step=check pr= branch=
[2026-05-02T04:09:30Z] issue=1246 category=RESOLVE_NOT_READY exit=1 result=skip
[2026-05-02T04:09:30Z] issue=1242 category=RESOLVE_NOT_READY exit=1 result=skip
[2026-05-02T04:09:41Z] issue=1246 category=RESOLVE_NOT_READY exit=1 result=skip
[2026-05-02T04:09:42Z] issue=1242 category=RESOLVE_NOT_READY exit=1 result=skip
[2026-05-02T04:09:53Z] issue=1246 category=RESOLVE_NOT_READY exit=1 result=skip
[2026-05-02T04:09:53Z] issue=1242 category=RESOLVE_NOT_READY exit=1 result=skip
[2026-05-02T04:10:04Z] issue=1246 category=RESOLVE_NOT_READY exit=1 result=skip
[2026-05-02T04:10:05Z] issue=1242 category=RESOLVE_NOT_READY exit=1 result=skip
[2026-05-02T04:10:16Z] issue=1246 category=RESOLVE_NOT_READY exit=1 result=skip
[2026-05-02T04:10:16Z] issue=1242 category=RESOLVE_NOT_READY exit=1 result=skip
[2026-05-02T04:10:27Z] issue=1246 category=RESOLVE_NOT_READY exit=1 result=skip
[2026-05-02T04:10:28Z] issue=1242 category=RESOLVE_NOT_READY exit=1 result=skip
[2026-05-02T04:10:39Z] issue=1246 category=RESOLVE_NOT_READY exit=1 result=skip
[2026-05-02T04:10:39Z] issue=1242 category=RESOLVE_NOT_READY exit=1 result=skip
[2026-05-02T04:10:50Z] issue=1246 category=RESOLVE_NOT_READY exit=1 result=skip
[2026-05-02T04:10:51Z] issue=1242 category=RESOLVE_NOT_READY exit=1 result=skip
[2026-05-02T04:11:02Z] issue=1246 category=RESOLVE_NOT_READY exit=1 result=skip
[2026-05-02T04:11:02Z] issue=1242 category=RESOLVE_NOT_READY exit=1 result=skip
[2026-05-02T04:11:13Z] issue=1246 category=RESOLVE_NOT_READY exit=1 result=skip
[2026-05-02T04:11:14Z] issue=1245 category=RESOLVE_NOT_READY exit=1 result=skip
[2026-05-02T04:11:14Z] issue=1242 category=RESOLVE_NOT_READY exit=1 result=skip
[2026-05-02T04:11:25Z] issue=1246 category=RESOLVE_NOT_READY exit=1 result=skip
[2026-05-02T04:11:25Z] issue=1245 category=RESOLVE_NOT_READY exit=1 result=skip
[2026-05-02T04:11:26Z] issue=1242 category=RESOLVE_NOT_READY exit=1 result=skip
[2026-05-02T04:11:37Z] issue=1246 category=RESOLVE_NOT_READY exit=1 result=skip
[2026-05-02T04:11:37Z] issue=1245 category=RESOLVE_NOT_READY exit=1 result=skip
[2026-05-02T04:11:37Z] issue=1242 category=RESOLVE_NOT_READY exit=1 result=skip
[2026-05-02T04:11:48Z] issue=1246 category=RESOLVE_NOT_READY exit=1 result=skip
[2026-05-02T04:11:49Z] issue=1245 category=RESOLVE_NOT_READY exit=1 result=skip
[2026-05-02T04:11:49Z] issue=1242 category=RESOLVE_NOT_READY exit=1 result=skip
[2026-05-02T04:12:00Z] issue=1246 category=RESOLVE_NOT_READY exit=1 result=skip
[2026-05-02T04:12:00Z] issue=1245 category=RESOLVE_NOT_READY exit=1 result=skip
[2026-05-02T04:12:00Z] issue=1242 category=RESOLVE_NOT_READY exit=1 result=skip
[2026-05-02T04:12:11Z] issue=1246 category=RESOLVE_NOT_READY exit=1 result=skip
[2026-05-02T04:12:12Z] issue=1245 category=RESOLVE_NOT_READY exit=1 result=skip
[2026-05-02T04:12:12Z] issue=1242 category=RESOLVE_NOT_READY exit=1 result=skip
[2026-05-02T04:12:23Z] issue=1246 category=RESOLVE_NOT_READY exit=1 result=skip
[2026-05-02T04:12:23Z] issue=1245 category=RESOLVE_NOT_READY exit=1 result=skip
[2026-05-02T04:12:24Z] issue=1242 category=RESOLVE_NOT_READY exit=1 result=skip
[2026-05-02T04:12:24Z] issue=1231 category=RESOLVE_NOT_READY exit=1 result=skip
[2026-05-02T04:12:35Z] issue=1246 category=RESOLVE_NOT_READY exit=1 result=skip
[2026-05-02T04:12:35Z] issue=1245 category=RESOLVE_NOT_READY exit=1 result=skip
[2026-05-02T04:12:35Z] issue=1242 category=RESOLVE_NOT_READY exit=1 result=skip
[2026-05-02T04:12:35Z] issue=1231 category=RESOLVE_NOT_READY exit=1 result=skip
[2026-05-02T04:12:46Z] issue=1246 category=RESOLVE_NOT_READY exit=1 result=skip
[2026-05-02T04:12:46Z] issue=1245 category=RESOLVE_NOT_READY exit=1 result=skip
[2026-05-02T04:12:47Z] issue=1242 category=RESOLVE_NOT_READY exit=1 result=skip
[2026-05-02T04:12:47Z] issue=1231 category=RESOLVE_NOT_READY exit=1 result=skip
[2026-05-02T04:12:58Z] issue=1246 category=RESOLVE_NOT_READY exit=1 result=skip
[2026-05-02T04:12:58Z] issue=1245 category=RESOLVE_NOT_READY exit=1 result=skip
[2026-05-02T04:12:58Z] issue=1242 category=RESOLVE_NOT_READY exit=1 result=skip
[2026-05-02T04:12:58Z] issue=1231 category=RESOLVE_NOT_READY exit=1 result=skip
[2026-05-02T04:13:09Z] issue=1246 category=RESOLVE_NOT_READY exit=1 result=skip
[2026-05-02T04:13:09Z] issue=1246 skill=RESOLVE_FAILED result=stagnate elapsed=603s count=53
[2026-05-02T04:13:10Z] issue=1245 category=RESOLVE_NOT_READY exit=1 result=skip
[2026-05-02T04:13:10Z] issue=1242 category=RESOLVE_NOT_READY exit=1 result=skip
[2026-05-02T04:13:10Z] issue=1231 category=RESOLVE_NOT_READY exit=1 result=skip
[2026-05-02T04:13:21Z] issue=1246 category=RESOLVE_NOT_READY exit=1 result=skip
[2026-05-02T04:13:21Z] issue=1246 skill=RESOLVE_FAILED result=stagnate elapsed=615s count=54
[2026-05-02T04:13:21Z] issue=1245 category=RESOLVE_NOT_READY exit=1 result=skip
[2026-05-02T04:13:22Z] issue=1242 category=RESOLVE_NOT_READY exit=1 result=skip
[2026-05-02T04:13:22Z] issue=1231 category=RESOLVE_NOT_READY exit=1 result=skip
[2026-05-02T04:13:33Z] issue=1246 category=RESOLVE_NOT_READY exit=1 result=skip
[2026-05-02T04:13:33Z] issue=1246 skill=RESOLVE_FAILED result=stagnate elapsed=627s count=55
[2026-05-02T04:13:33Z] issue=1245 category=RESOLVE_NOT_READY exit=1 result=skip
[2026-05-02T04:13:33Z] issue=1242 category=RESOLVE_NOT_READY exit=1 result=skip
[2026-05-02T04:13:34Z] issue=1231 category=RESOLVE_NOT_READY exit=1 result=skip
[2026-05-02T04:13:45Z] issue=1246 category=RESOLVE_NOT_READY exit=1 result=skip
[2026-05-02T04:13:45Z] issue=1246 skill=RESOLVE_FAILED result=stagnate elapsed=639s count=56
[2026-05-02T04:13:45Z] issue=1245 category=RESOLVE_NOT_READY exit=1 result=skip
[2026-05-02T04:13:45Z] issue=1242 category=RESOLVE_NOT_READY exit=1 result=skip
[2026-05-02T04:13:45Z] issue=1231 category=RESOLVE_NOT_READY exit=1 result=skip
[2026-05-02T04:13:56Z] issue=1246 category=RESOLVE_NOT_READY exit=1 result=skip
[2026-05-02T04:13:56Z] issue=1246 skill=RESOLVE_FAILED result=stagnate elapsed=650s count=57
[2026-05-02T04:13:57Z] issue=1245 category=RESOLVE_NOT_READY exit=1 result=skip
[2026-05-02T04:13:57Z] issue=1242 category=RESOLVE_NOT_READY exit=1 result=skip
[2026-05-02T04:13:57Z] issue=1231 category=RESOLVE_NOT_READY exit=1 result=skip
[2026-05-02T04:14:08Z] issue=1246 category=RESOLVE_NOT_READY exit=1 result=skip
[2026-05-02T04:14:08Z] issue=1246 skill=RESOLVE_FAILED result=stagnate elapsed=662s count=58
[2026-05-02T04:14:08Z] issue=1245 category=RESOLVE_NOT_READY exit=1 result=skip
[2026-05-02T04:14:08Z] issue=1242 category=RESOLVE_NOT_READY exit=1 result=skip
[2026-05-02T04:14:09Z] issue=1231 category=RESOLVE_NOT_READY exit=1 result=skip
[2026-05-02T04:14:20Z] issue=1246 category=RESOLVE_NOT_READY exit=1 result=skip
[2026-05-02T04:14:20Z] issue=1246 skill=RESOLVE_FAILED result=stagnate elapsed=674s count=59
[2026-05-02T04:14:20Z] issue=1245 category=RESOLVE_NOT_READY exit=1 result=skip
[2026-05-02T04:14:20Z] issue=1242 category=RESOLVE_NOT_READY exit=1 result=skip
[2026-05-02T04:14:20Z] issue=1231 category=RESOLVE_NOT_READY exit=1 result=skip
[2026-05-02T04:14:31Z] issue=1246 category=RESOLVE_NOT_READY exit=1 result=skip
[2026-05-02T04:14:31Z] issue=1246 skill=RESOLVE_FAILED result=stagnate elapsed=685s count=60
[2026-05-02T04:14:32Z] issue=1245 category=RESOLVE_NOT_READY exit=1 result=skip
[2026-05-02T04:14:32Z] issue=1242 category=INJECT_SUCCESS skill=/twl:workflow-pr-fix result=success status=running current_step=ac-verify pr= branch=
[2026-05-02T04:14:32Z] issue=1231 category=RESOLVE_NOT_READY exit=1 result=skip
[2026-05-02T04:14:43Z] issue=1246 category=RESOLVE_NOT_READY exit=1 result=skip
[2026-05-02T04:14:43Z] issue=1246 skill=RESOLVE_FAILED result=stagnate elapsed=697s count=61
[2026-05-02T04:14:44Z] issue=1245 category=RESOLVE_NOT_READY exit=1 result=skip
[2026-05-02T04:14:44Z] issue=1231 category=RESOLVE_NOT_READY exit=1 result=skip
[2026-05-02T04:14:55Z] issue=1246 category=RESOLVE_NOT_READY exit=1 result=skip
[2026-05-02T04:14:55Z] issue=1246 skill=RESOLVE_FAILED result=stagnate elapsed=709s count=62
[2026-05-02T04:14:55Z] issue=1245 category=RESOLVE_NOT_READY exit=1 result=skip
[2026-05-02T04:14:55Z] issue=1231 category=RESOLVE_NOT_READY exit=1 result=skip
[2026-05-02T04:15:06Z] issue=1246 category=RESOLVE_NOT_READY exit=1 result=skip
[2026-05-02T04:15:06Z] issue=1246 skill=RESOLVE_FAILED result=stagnate elapsed=720s count=63
[2026-05-02T04:15:07Z] issue=1245 category=RESOLVE_NOT_READY exit=1 result=skip
[2026-05-02T04:15:07Z] issue=1231 category=RESOLVE_NOT_READY exit=1 result=skip
[2026-05-02T04:15:18Z] issue=1246 category=RESOLVE_NOT_READY exit=1 result=skip
[2026-05-02T04:15:18Z] issue=1246 skill=RESOLVE_FAILED result=stagnate elapsed=732s count=64
[2026-05-02T04:15:18Z] issue=1245 category=RESOLVE_NOT_READY exit=1 result=skip
[2026-05-02T04:15:19Z] issue=1231 category=RESOLVE_NOT_READY exit=1 result=skip
[2026-05-02T04:15:30Z] issue=1246 category=RESOLVE_NOT_READY exit=1 result=skip
[2026-05-02T04:15:30Z] issue=1246 skill=RESOLVE_FAILED result=stagnate elapsed=744s count=65
[2026-05-02T04:15:30Z] issue=1245 category=RESOLVE_NOT_READY exit=1 result=skip
[2026-05-02T04:15:30Z] issue=1231 category=RESOLVE_NOT_READY exit=1 result=skip
[2026-05-02T04:15:41Z] issue=1246 category=RESOLVE_NOT_READY exit=1 result=skip
[2026-05-02T04:15:42Z] issue=1245 category=RESOLVE_NOT_READY exit=1 result=skip
[2026-05-02T04:15:42Z] issue=1231 category=RESOLVE_NOT_READY exit=1 result=skip
[2026-05-02T04:15:53Z] issue=1246 category=RESOLVE_NOT_READY exit=1 result=skip
[2026-05-02T04:15:53Z] issue=1245 category=RESOLVE_NOT_READY exit=1 result=skip
[2026-05-02T04:15:54Z] issue=1231 category=RESOLVE_NOT_READY exit=1 result=skip
[2026-05-02T04:16:05Z] issue=1246 category=RESOLVE_NOT_READY exit=1 result=skip
[2026-05-02T04:16:05Z] issue=1245 category=RESOLVE_NOT_READY exit=1 result=skip
[2026-05-02T04:16:06Z] issue=1231 category=RESOLVE_NOT_READY exit=1 result=skip
[2026-05-02T04:16:16Z] issue=1246 category=RESOLVE_NOT_READY exit=1 result=skip
[2026-05-02T04:16:17Z] issue=1245 category=RESOLVE_NOT_READY exit=1 result=skip
[2026-05-02T04:16:17Z] issue=1242 category=INJECT_PR_MERGE_DEBUG skill=/twl:workflow-pr-merge status=running result=debug reason="status not merge-ready, AC-4 expected behavior"
[2026-05-02T04:16:17Z] issue=1242 category=INJECT_SUCCESS skill=/twl:workflow-pr-merge result=success status=running current_step=warning-fix pr= branch=
[2026-05-02T04:16:17Z] issue=1231 category=RESOLVE_NOT_READY exit=1 result=skip
[2026-05-02T04:16:28Z] issue=1246 category=INJECT_SUCCESS skill=/twl:workflow-pr-verify result=success status=running current_step=check pr= branch=
[2026-05-02T04:16:29Z] issue=1245 category=RESOLVE_NOT_READY exit=1 result=skip
[2026-05-02T04:16:29Z] issue=1242 category=RESOLVE_NOT_READY exit=1 result=skip
[2026-05-02T04:16:29Z] issue=1231 category=RESOLVE_NOT_READY exit=1 result=skip
[2026-05-02T04:16:40Z] issue=1245 category=RESOLVE_NOT_READY exit=1 result=skip
[2026-05-02T04:16:40Z] issue=1242 category=RESOLVE_NOT_READY exit=1 result=skip
[2026-05-02T04:16:41Z] issue=1231 category=RESOLVE_NOT_READY exit=1 result=skip
[2026-05-02T04:16:52Z] issue=1245 category=INJECT_SUCCESS skill=/twl:workflow-pr-fix result=success status=running current_step=ac-verify pr= branch=
[2026-05-02T04:16:52Z] issue=1242 category=RESOLVE_NOT_READY exit=1 result=skip
[2026-05-02T04:16:52Z] issue=1231 category=RESOLVE_NOT_READY exit=1 result=skip
[2026-05-02T04:17:04Z] issue=1242 category=RESOLVE_NOT_READY exit=1 result=skip
[2026-05-02T04:17:04Z] issue=1231 category=RESOLVE_NOT_READY exit=1 result=skip
[2026-05-02T04:17:15Z] issue=1242 category=RESOLVE_NOT_READY exit=1 result=skip
[2026-05-02T04:17:15Z] issue=1231 category=RESOLVE_NOT_READY exit=1 result=skip
[2026-05-02T04:17:27Z] issue=1242 category=RESOLVE_NOT_READY exit=1 result=skip
[2026-05-02T04:17:27Z] issue=1231 category=RESOLVE_NOT_READY exit=1 result=skip
[2026-05-02T04:17:38Z] issue=1231 category=RESOLVE_NOT_READY exit=1 result=skip
[2026-05-02T04:17:50Z] issue=1231 category=RESOLVE_NOT_READY exit=1 result=skip
[2026-05-02T04:18:01Z] issue=1231 category=RESOLVE_NOT_READY exit=1 result=skip
[2026-05-02T04:18:13Z] issue=1231 category=RESOLVE_NOT_READY exit=1 result=skip
[2026-05-02T04:18:24Z] issue=1245 category=INJECT_PR_MERGE_DEBUG skill=/twl:workflow-pr-merge status=running result=debug reason="status not merge-ready, AC-4 expected behavior"
[2026-05-02T04:18:24Z] issue=1245 category=INJECT_SUCCESS skill=/twl:workflow-pr-merge result=success status=running current_step=warning-fix pr= branch=
[2026-05-02T04:18:24Z] issue=1231 category=RESOLVE_NOT_READY exit=1 result=skip
[2026-05-02T04:18:35Z] issue=1231 category=RESOLVE_NOT_READY exit=1 result=skip
[2026-05-02T04:18:47Z] issue=1231 category=RESOLVE_NOT_READY exit=1 result=skip
[2026-05-02T04:18:58Z] issue=1245 category=RESOLVE_NOT_READY exit=1 result=skip
[2026-05-02T04:18:58Z] issue=1231 category=RESOLVE_NOT_READY exit=1 result=skip
[2026-05-02T04:19:09Z] issue=1245 category=RESOLVE_NOT_READY exit=1 result=skip
[2026-05-02T04:19:10Z] issue=1231 category=RESOLVE_NOT_READY exit=1 result=skip
[2026-05-02T04:19:21Z] issue=1245 category=RESOLVE_NOT_READY exit=1 result=skip
[2026-05-02T04:19:21Z] issue=1231 category=RESOLVE_NOT_READY exit=1 result=skip
[2026-05-02T04:19:32Z] issue=1245 category=RESOLVE_NOT_READY exit=1 result=skip
[2026-05-02T04:19:32Z] issue=1231 category=RESOLVE_NOT_READY exit=1 result=skip
[2026-05-02T04:19:43Z] issue=1245 category=RESOLVE_NOT_READY exit=1 result=skip
[2026-05-02T04:19:44Z] issue=1231 category=RESOLVE_NOT_READY exit=1 result=skip
[2026-05-02T04:19:55Z] issue=1245 category=RESOLVE_NOT_READY exit=1 result=skip
[2026-05-02T04:19:55Z] issue=1231 category=RESOLVE_NOT_READY exit=1 result=skip
[2026-05-02T04:20:06Z] issue=1245 category=RESOLVE_NOT_READY exit=1 result=skip
[2026-05-02T04:20:07Z] issue=1231 category=RESOLVE_NOT_READY exit=1 result=skip
[2026-05-02T04:20:18Z] issue=1245 category=RESOLVE_NOT_READY exit=1 result=skip
[2026-05-02T04:20:18Z] issue=1231 category=INJECT_SUCCESS skill=/twl:workflow-pr-fix result=success status=running current_step=ac-verify pr= branch=
[2026-05-02T04:20:29Z] issue=1245 category=RESOLVE_NOT_READY exit=1 result=skip
[2026-05-02T04:20:41Z] issue=1245 category=RESOLVE_NOT_READY exit=1 result=skip
[2026-05-02T04:20:52Z] issue=1246 category=RESOLVE_NOT_READY exit=1 result=skip
[2026-05-02T04:20:52Z] issue=1245 category=RESOLVE_NOT_READY exit=1 result=skip
[2026-05-02T04:21:03Z] issue=1246 category=RESOLVE_NOT_READY exit=1 result=skip
[2026-05-02T04:21:15Z] issue=1246 category=RESOLVE_NOT_READY exit=1 result=skip
[2026-05-02T04:21:26Z] issue=1246 category=RESOLVE_NOT_READY exit=1 result=skip
[2026-05-02T04:21:37Z] issue=1246 category=RESOLVE_NOT_READY exit=1 result=skip
[2026-05-02T04:21:48Z] issue=1246 category=RESOLVE_NOT_READY exit=1 result=skip
[2026-05-02T04:21:59Z] issue=1246 category=RESOLVE_NOT_READY exit=1 result=skip
[2026-05-02T04:22:10Z] issue=1246 category=RESOLVE_NOT_READY exit=1 result=skip
[2026-05-02T04:22:21Z] issue=1246 category=RESOLVE_NOT_READY exit=1 result=skip
[2026-05-02T04:22:32Z] issue=1246 category=RESOLVE_NOT_READY exit=1 result=skip
[2026-05-02T04:22:43Z] issue=1246 category=RESOLVE_NOT_READY exit=1 result=skip
[2026-05-02T04:22:54Z] issue=1246 category=RESOLVE_NOT_READY exit=1 result=skip
[2026-05-02T04:23:06Z] issue=1246 category=RESOLVE_NOT_READY exit=1 result=skip
[2026-05-02T04:23:17Z] issue=1246 category=RESOLVE_NOT_READY exit=1 result=skip
[2026-05-02T04:23:17Z] issue=1231 category=INJECT_PR_MERGE_DEBUG skill=/twl:workflow-pr-merge status=running result=debug reason="status not merge-ready, AC-4 expected behavior"
[2026-05-02T04:23:17Z] issue=1231 category=INJECT_SUCCESS skill=/twl:workflow-pr-merge result=success status=running current_step=warning-fix pr= branch=
[2026-05-02T04:23:28Z] issue=1246 category=RESOLVE_NOT_READY exit=1 result=skip
[2026-05-02T04:23:39Z] issue=1246 category=RESOLVE_NOT_READY exit=1 result=skip
[2026-05-02T04:23:50Z] issue=1246 category=RESOLVE_NOT_READY exit=1 result=skip
[2026-05-02T04:24:02Z] issue=1246 category=RESOLVE_NOT_READY exit=1 result=skip
[2026-05-02T04:24:02Z] issue=1231 category=RESOLVE_NOT_READY exit=1 result=skip
[2026-05-02T04:24:13Z] issue=1246 category=RESOLVE_NOT_READY exit=1 result=skip
[2026-05-02T04:24:13Z] issue=1231 category=RESOLVE_NOT_READY exit=1 result=skip
[2026-05-02T04:24:24Z] issue=1246 category=RESOLVE_NOT_READY exit=1 result=skip
[2026-05-02T04:24:24Z] issue=1231 category=RESOLVE_NOT_READY exit=1 result=skip
[2026-05-02T04:24:35Z] issue=1246 category=RESOLVE_NOT_READY exit=1 result=skip
[2026-05-02T04:24:35Z] issue=1231 category=RESOLVE_NOT_READY exit=1 result=skip
[2026-05-02T04:24:46Z] issue=1246 category=RESOLVE_NOT_READY exit=1 result=skip
[2026-05-02T04:24:47Z] issue=1231 category=RESOLVE_NOT_READY exit=1 result=skip
[2026-05-02T04:24:58Z] issue=1246 category=RESOLVE_NOT_READY exit=1 result=skip
[2026-05-02T04:24:58Z] issue=1231 category=RESOLVE_NOT_READY exit=1 result=skip
[2026-05-02T04:25:09Z] issue=1246 category=RESOLVE_NOT_READY exit=1 result=skip
[2026-05-02T04:25:09Z] issue=1231 category=RESOLVE_NOT_READY exit=1 result=skip
[2026-05-02T04:25:20Z] issue=1246 category=RESOLVE_NOT_READY exit=1 result=skip
[2026-05-02T04:25:20Z] issue=1231 category=RESOLVE_NOT_READY exit=1 result=skip
[2026-05-02T04:25:31Z] issue=1246 category=RESOLVE_NOT_READY exit=1 result=skip
[2026-05-02T04:25:42Z] issue=1246 category=RESOLVE_NOT_READY exit=1 result=skip
[2026-05-02T04:25:53Z] issue=1246 category=RESOLVE_NOT_READY exit=1 result=skip
[2026-05-02T04:26:04Z] issue=1246 category=RESOLVE_NOT_READY exit=1 result=skip
[2026-05-02T04:26:15Z] issue=1246 category=RESOLVE_NOT_READY exit=1 result=skip
[2026-05-02T04:26:26Z] issue=1246 category=RESOLVE_NOT_READY exit=1 result=skip
[2026-05-02T04:26:38Z] issue=1246 category=RESOLVE_NOT_READY exit=1 result=skip
[2026-05-02T04:26:49Z] issue=1246 category=RESOLVE_NOT_READY exit=1 result=skip
[2026-05-02T04:27:00Z] issue=1246 category=RESOLVE_NOT_READY exit=1 result=skip
[2026-05-02T04:27:11Z] issue=1246 category=RESOLVE_NOT_READY exit=1 result=skip
[2026-05-02T04:27:22Z] issue=1246 category=RESOLVE_NOT_READY exit=1 result=skip
[2026-05-02T04:27:33Z] issue=1246 category=RESOLVE_NOT_READY exit=1 result=skip
[2026-05-02T04:27:44Z] issue=1246 category=RESOLVE_NOT_READY exit=1 result=skip
[2026-05-02T04:27:55Z] issue=1246 category=RESOLVE_NOT_READY exit=1 result=skip
[2026-05-02T04:28:06Z] issue=1246 category=RESOLVE_NOT_READY exit=1 result=skip
[2026-05-02T04:28:17Z] issue=1246 category=INJECT_SUCCESS skill=/twl:workflow-pr-fix result=success status=running current_step=ac-verify pr= branch=
[2026-05-02T04:29:45Z] issue=1246 category=INJECT_PR_MERGE_DEBUG skill=/twl:workflow-pr-merge status=running result=debug reason="status not merge-ready, AC-4 expected behavior"
[2026-05-02T04:29:45Z] issue=1246 category=INJECT_SUCCESS skill=/twl:workflow-pr-merge result=success status=running current_step=warning-fix pr= branch=
[2026-05-02T04:31:03Z] issue=1246 category=RESOLVE_NOT_READY exit=1 result=skip
[2026-05-02T04:31:14Z] issue=1246 category=RESOLVE_NOT_READY exit=1 result=skip
[2026-05-02T04:31:25Z] issue=1246 category=RESOLVE_NOT_READY exit=1 result=skip
[2026-05-02T04:31:36Z] issue=1246 category=RESOLVE_NOT_READY exit=1 result=skip
[2026-05-02T04:31:47Z] issue=1246 category=RESOLVE_NOT_READY exit=1 result=skip
[2026-05-02T04:31:58Z] issue=1246 category=RESOLVE_NOT_READY exit=1 result=skip
[2026-05-02T04:32:09Z] issue=1246 category=RESOLVE_NOT_READY exit=1 result=skip
[2026-05-02T04:32:20Z] issue=1246 category=RESOLVE_NOT_READY exit=1 result=skip
