[2026-05-09T04:44:17Z] issue=1626 category=RESOLVE_NOT_READY exit=1 result=skip
[2026-05-09T04:44:28Z] issue=1626 category=RESOLVE_NOT_READY exit=1 result=skip
[2026-05-09T04:44:39Z] issue=1626 category=RESOLVE_NOT_READY exit=1 result=skip
[2026-05-09T04:44:50Z] issue=1626 category=RESOLVE_NOT_READY exit=1 result=skip
[2026-05-09T04:45:01Z] issue=1626 category=RESOLVE_NOT_READY exit=1 result=skip
[2026-05-09T04:45:11Z] issue=1626 category=RESOLVE_NOT_READY exit=1 result=skip
[2026-05-09T04:45:22Z] issue=1626 category=RESOLVE_NOT_READY exit=1 result=skip
[2026-05-09T04:45:33Z] issue=1626 category=RESOLVE_NOT_READY exit=1 result=skip
[2026-05-09T04:45:44Z] issue=1626 category=RESOLVE_NOT_READY exit=1 result=skip
[2026-05-09T04:45:55Z] issue=1626 category=RESOLVE_NOT_READY exit=1 result=skip
[2026-05-09T04:46:06Z] issue=1626 category=RESOLVE_NOT_READY exit=1 result=skip
[2026-05-09T04:46:17Z] issue=1626 category=INJECT_SUCCESS skill=/twl:workflow-test-ready result=success status=running current_step=ac-extract pr= branch=
[2026-05-09T04:46:49Z] issue=1626 category=RESOLVE_NOT_READY exit=1 result=skip
[2026-05-09T04:47:00Z] issue=1626 category=RESOLVE_NOT_READY exit=1 result=skip
[2026-05-09T04:47:11Z] issue=1626 category=RESOLVE_NOT_READY exit=1 result=skip
[2026-05-09T04:47:22Z] issue=1626 category=RESOLVE_NOT_READY exit=1 result=skip
[2026-05-09T04:47:33Z] issue=1626 category=RESOLVE_NOT_READY exit=1 result=skip
[2026-05-09T04:47:44Z] issue=1626 category=RESOLVE_NOT_READY exit=1 result=skip
[2026-05-09T04:47:55Z] issue=1626 category=RESOLVE_NOT_READY exit=1 result=skip
[2026-05-09T04:48:06Z] issue=1626 category=RESOLVE_NOT_READY exit=1 result=skip
[2026-05-09T04:48:17Z] issue=1626 category=RESOLVE_NOT_READY exit=1 result=skip
[2026-05-09T04:48:27Z] issue=1626 category=RESOLVE_NOT_READY exit=1 result=skip
[2026-05-09T04:48:38Z] issue=1626 category=RESOLVE_NOT_READY exit=1 result=skip
[2026-05-09T04:48:49Z] issue=1626 category=RESOLVE_NOT_READY exit=1 result=skip
[2026-05-09T04:49:00Z] issue=1626 category=RESOLVE_NOT_READY exit=1 result=skip
[2026-05-09T04:49:11Z] issue=1626 category=RESOLVE_NOT_READY exit=1 result=skip
[2026-05-09T04:49:22Z] issue=1626 category=RESOLVE_NOT_READY exit=1 result=skip
[2026-05-09T04:49:33Z] issue=1626 category=RESOLVE_NOT_READY exit=1 result=skip
[2026-05-09T04:49:44Z] issue=1626 category=RESOLVE_NOT_READY exit=1 result=skip
[2026-05-09T04:49:55Z] issue=1626 category=RESOLVE_NOT_READY exit=1 result=skip
[2026-05-09T04:50:06Z] issue=1626 category=RESOLVE_NOT_READY exit=1 result=skip
[2026-05-09T04:50:17Z] issue=1626 category=RESOLVE_NOT_READY exit=1 result=skip
[2026-05-09T04:50:28Z] issue=1626 category=RESOLVE_NOT_READY exit=1 result=skip
[2026-05-09T04:50:39Z] issue=1626 category=RESOLVE_NOT_READY exit=1 result=skip
[2026-05-09T04:50:49Z] issue=1626 category=RESOLVE_NOT_READY exit=1 result=skip
[2026-05-09T04:51:00Z] issue=1626 category=RESOLVE_NOT_READY exit=1 result=skip
[2026-05-09T04:51:11Z] issue=1626 category=RESOLVE_NOT_READY exit=1 result=skip
[2026-05-09T04:51:22Z] issue=1626 category=RESOLVE_NOT_READY exit=1 result=skip
[2026-05-09T04:51:33Z] issue=1626 category=RESOLVE_NOT_READY exit=1 result=skip
[2026-05-09T04:51:44Z] issue=1626 category=RESOLVE_NOT_READY exit=1 result=skip
[2026-05-09T04:51:55Z] issue=1626 category=RESOLVE_NOT_READY exit=1 result=skip
[2026-05-09T04:52:06Z] issue=1626 category=RESOLVE_NOT_READY exit=1 result=skip
[2026-05-09T04:52:17Z] issue=1626 category=RESOLVE_NOT_READY exit=1 result=skip
[2026-05-09T04:52:28Z] issue=1626 category=RESOLVE_NOT_READY exit=1 result=skip
[2026-05-09T04:52:39Z] issue=1626 category=RESOLVE_NOT_READY exit=1 result=skip
[2026-05-09T04:52:50Z] issue=1626 category=RESOLVE_NOT_READY exit=1 result=skip
[2026-05-09T04:53:01Z] issue=1626 category=RESOLVE_NOT_READY exit=1 result=skip
[2026-05-09T04:53:12Z] issue=1626 category=RESOLVE_NOT_READY exit=1 result=skip
[2026-05-09T04:53:23Z] issue=1626 category=RESOLVE_NOT_READY exit=1 result=skip
[2026-05-09T04:53:34Z] issue=1626 category=RESOLVE_NOT_READY exit=1 result=skip
[2026-05-09T04:53:45Z] issue=1626 category=RESOLVE_NOT_READY exit=1 result=skip
[2026-05-09T04:53:56Z] issue=1626 category=RESOLVE_NOT_READY exit=1 result=skip
[2026-05-09T04:54:07Z] issue=1626 category=RESOLVE_NOT_READY exit=1 result=skip
[2026-05-09T04:54:17Z] issue=1626 category=RESOLVE_NOT_READY exit=1 result=skip
[2026-05-09T04:54:28Z] issue=1626 category=RESOLVE_NOT_READY exit=1 result=skip
[2026-05-09T04:54:39Z] issue=1626 category=RESOLVE_NOT_READY exit=1 result=skip
[2026-05-09T04:54:50Z] issue=1626 category=RESOLVE_NOT_READY exit=1 result=skip
[2026-05-09T04:55:01Z] issue=1626 category=RESOLVE_NOT_READY exit=1 result=skip
[2026-05-09T04:55:12Z] issue=1626 category=RESOLVE_NOT_READY exit=1 result=skip
[2026-05-09T04:55:23Z] issue=1626 category=RESOLVE_NOT_READY exit=1 result=skip
[2026-05-09T04:55:34Z] issue=1626 category=RESOLVE_NOT_READY exit=1 result=skip
[2026-05-09T04:55:45Z] issue=1626 category=RESOLVE_NOT_READY exit=1 result=skip
[2026-05-09T04:55:56Z] issue=1626 category=RESOLVE_NOT_READY exit=1 result=skip
[2026-05-09T04:56:07Z] issue=1626 category=RESOLVE_NOT_READY exit=1 result=skip
[2026-05-09T04:56:18Z] issue=1626 category=RESOLVE_NOT_READY exit=1 result=skip
[2026-05-09T04:56:29Z] issue=1626 category=RESOLVE_NOT_READY exit=1 result=skip
[2026-05-09T04:56:40Z] issue=1626 category=RESOLVE_NOT_READY exit=1 result=skip
[2026-05-09T04:56:51Z] issue=1626 category=RESOLVE_NOT_READY exit=1 result=skip
[2026-05-09T04:57:02Z] issue=1626 category=RESOLVE_NOT_READY exit=1 result=skip
[2026-05-09T04:57:13Z] issue=1626 category=RESOLVE_NOT_READY exit=1 result=skip
[2026-05-09T04:57:24Z] issue=1626 category=RESOLVE_NOT_READY exit=1 result=skip
[2026-05-09T04:57:35Z] issue=1626 category=RESOLVE_NOT_READY exit=1 result=skip
[2026-05-09T04:57:45Z] issue=1626 category=RESOLVE_NOT_READY exit=1 result=skip
[2026-05-09T04:57:45Z] issue=1626 skill=RESOLVE_FAILED result=stagnate elapsed=601s count=56
[2026-05-09T04:57:45Z] issue=1626 skill=AUTO_UNSTUCK result=stagnate_signal elapsed=601s
[2026-05-09T04:57:56Z] issue=1626 category=RESOLVE_NOT_READY exit=1 result=skip
[2026-05-09T04:57:56Z] issue=1626 skill=RESOLVE_FAILED result=stagnate elapsed=612s count=57
[2026-05-09T04:57:56Z] issue=1626 skill=AUTO_UNSTUCK result=stagnate_signal elapsed=612s
[2026-05-09T04:58:07Z] issue=1626 category=RESOLVE_NOT_READY exit=1 result=skip
[2026-05-09T04:58:07Z] issue=1626 skill=RESOLVE_FAILED result=stagnate elapsed=623s count=58
[2026-05-09T04:58:07Z] issue=1626 skill=AUTO_UNSTUCK result=stagnate_signal elapsed=623s
[2026-05-09T04:58:18Z] issue=1626 category=RESOLVE_NOT_READY exit=1 result=skip
[2026-05-09T04:58:18Z] issue=1626 skill=RESOLVE_FAILED result=stagnate elapsed=634s count=59
[2026-05-09T04:58:18Z] issue=1626 skill=AUTO_UNSTUCK result=stagnate_signal elapsed=634s
[2026-05-09T04:58:29Z] issue=1626 category=RESOLVE_NOT_READY exit=1 result=skip
[2026-05-09T04:58:29Z] issue=1626 skill=RESOLVE_FAILED result=stagnate elapsed=645s count=60
[2026-05-09T04:58:29Z] issue=1626 skill=AUTO_UNSTUCK result=stagnate_signal elapsed=645s
[2026-05-09T04:58:40Z] issue=1626 category=RESOLVE_NOT_READY exit=1 result=skip
[2026-05-09T04:58:40Z] issue=1626 skill=RESOLVE_FAILED result=stagnate elapsed=656s count=61
[2026-05-09T04:58:40Z] issue=1626 skill=AUTO_UNSTUCK result=stagnate_signal elapsed=656s
[2026-05-09T04:58:51Z] issue=1626 category=RESOLVE_NOT_READY exit=1 result=skip
[2026-05-09T04:58:51Z] issue=1626 skill=RESOLVE_FAILED result=stagnate elapsed=667s count=62
[2026-05-09T04:58:51Z] issue=1626 skill=AUTO_UNSTUCK result=stagnate_signal elapsed=667s
[2026-05-09T04:59:02Z] issue=1626 category=RESOLVE_NOT_READY exit=1 result=skip
[2026-05-09T04:59:02Z] issue=1626 skill=RESOLVE_FAILED result=stagnate elapsed=678s count=63
[2026-05-09T04:59:02Z] issue=1626 skill=AUTO_UNSTUCK result=stagnate_signal elapsed=678s
[2026-05-09T04:59:13Z] issue=1626 category=RESOLVE_NOT_READY exit=1 result=skip
[2026-05-09T04:59:13Z] issue=1626 skill=RESOLVE_FAILED result=stagnate elapsed=689s count=64
[2026-05-09T04:59:13Z] issue=1626 skill=AUTO_UNSTUCK result=stagnate_signal elapsed=689s
[2026-05-09T04:59:24Z] issue=1626 category=RESOLVE_NOT_READY exit=1 result=skip
[2026-05-09T04:59:24Z] issue=1626 skill=RESOLVE_FAILED result=stagnate elapsed=700s count=65
[2026-05-09T04:59:24Z] issue=1626 skill=AUTO_UNSTUCK result=stagnate_signal elapsed=700s
[2026-05-09T04:59:35Z] issue=1626 category=RESOLVE_NOT_READY exit=1 result=skip
[2026-05-09T04:59:35Z] issue=1626 skill=RESOLVE_FAILED result=stagnate elapsed=711s count=66
[2026-05-09T04:59:35Z] issue=1626 skill=AUTO_UNSTUCK result=stagnate_signal elapsed=711s
[2026-05-09T04:59:46Z] issue=1626 category=RESOLVE_NOT_READY exit=1 result=skip
[2026-05-09T04:59:46Z] issue=1626 skill=RESOLVE_FAILED result=stagnate elapsed=722s count=67
[2026-05-09T04:59:46Z] issue=1626 skill=AUTO_UNSTUCK result=stagnate_signal elapsed=722s
[2026-05-09T04:59:57Z] issue=1626 category=RESOLVE_NOT_READY exit=1 result=skip
[2026-05-09T04:59:57Z] issue=1626 skill=RESOLVE_FAILED result=stagnate elapsed=733s count=68
[2026-05-09T04:59:57Z] issue=1626 skill=AUTO_UNSTUCK result=stagnate_signal elapsed=733s
[2026-05-09T05:00:08Z] issue=1626 category=INJECT_SUCCESS skill=/twl:workflow-pr-verify result=success status=running current_step=check pr= branch=
[2026-05-09T05:00:30Z] issue=1626 category=RESOLVE_NOT_READY exit=1 result=skip
[2026-05-09T05:00:41Z] issue=1626 category=RESOLVE_NOT_READY exit=1 result=skip
[2026-05-09T05:00:52Z] issue=1626 category=RESOLVE_NOT_READY exit=1 result=skip
[2026-05-09T05:01:03Z] issue=1626 category=RESOLVE_NOT_READY exit=1 result=skip
[2026-05-09T05:01:13Z] issue=1626 category=RESOLVE_NOT_READY exit=1 result=skip
[2026-05-09T05:01:24Z] issue=1626 category=RESOLVE_NOT_READY exit=1 result=skip
[2026-05-09T05:01:35Z] issue=1626 category=RESOLVE_NOT_READY exit=1 result=skip
[2026-05-09T05:01:46Z] issue=1626 category=RESOLVE_NOT_READY exit=1 result=skip
[2026-05-09T05:01:57Z] issue=1626 category=RESOLVE_NOT_READY exit=1 result=skip
[2026-05-09T05:02:08Z] issue=1626 category=RESOLVE_NOT_READY exit=1 result=skip
[2026-05-09T05:02:19Z] issue=1626 category=RESOLVE_NOT_READY exit=1 result=skip
[2026-05-09T05:02:30Z] issue=1626 category=RESOLVE_NOT_READY exit=1 result=skip
[2026-05-09T05:02:41Z] issue=1626 category=RESOLVE_NOT_READY exit=1 result=skip
[2026-05-09T05:02:52Z] issue=1626 category=RESOLVE_NOT_READY exit=1 result=skip
[2026-05-09T05:03:03Z] issue=1626 category=RESOLVE_NOT_READY exit=1 result=skip
[2026-05-09T05:03:14Z] issue=1626 category=RESOLVE_NOT_READY exit=1 result=skip
[2026-05-09T05:03:25Z] issue=1626 category=RESOLVE_NOT_READY exit=1 result=skip
[2026-05-09T05:03:35Z] issue=1626 category=RESOLVE_NOT_READY exit=1 result=skip
[2026-05-09T05:03:46Z] issue=1626 category=RESOLVE_NOT_READY exit=1 result=skip
[2026-05-09T05:03:57Z] issue=1626 category=RESOLVE_NOT_READY exit=1 result=skip
[2026-05-09T05:04:08Z] issue=1626 category=RESOLVE_NOT_READY exit=1 result=skip
[2026-05-09T05:04:19Z] issue=1626 category=RESOLVE_NOT_READY exit=1 result=skip
[2026-05-09T05:04:30Z] issue=1626 category=RESOLVE_NOT_READY exit=1 result=skip
[2026-05-09T05:04:41Z] issue=1626 category=RESOLVE_NOT_READY exit=1 result=skip
[2026-05-09T05:04:52Z] issue=1626 category=RESOLVE_NOT_READY exit=1 result=skip
[2026-05-09T05:05:03Z] issue=1626 category=RESOLVE_NOT_READY exit=1 result=skip
[2026-05-09T05:05:14Z] issue=1626 category=RESOLVE_NOT_READY exit=1 result=skip
[2026-05-09T05:05:25Z] issue=1626 category=RESOLVE_NOT_READY exit=1 result=skip
[2026-05-09T05:05:36Z] issue=1626 category=RESOLVE_NOT_READY exit=1 result=skip
[2026-05-09T05:05:47Z] issue=1626 category=INJECT_SUCCESS skill=/twl:workflow-pr-fix result=success status=running current_step=ac-verify pr= branch=
[2026-05-09T05:16:17Z] issue=1626 category=RESOLVE_NOT_READY exit=1 result=skip
[2026-05-09T05:16:28Z] issue=1626 category=RESOLVE_NOT_READY exit=1 result=skip
[2026-05-09T05:16:39Z] issue=1626 category=RESOLVE_NOT_READY exit=1 result=skip
[2026-05-09T06:34:56Z] issue=1618 category=RESOLVE_NOT_READY exit=1 result=skip
[2026-05-09T06:35:07Z] issue=1618 category=RESOLVE_NOT_READY exit=1 result=skip
[2026-05-09T06:35:08Z] issue=1581 category=RESOLVE_NOT_READY exit=1 result=skip
[2026-05-09T06:35:19Z] issue=1618 category=RESOLVE_NOT_READY exit=1 result=skip
[2026-05-09T06:35:19Z] issue=1581 category=RESOLVE_NOT_READY exit=1 result=skip
[2026-05-09T06:35:30Z] issue=1618 category=RESOLVE_NOT_READY exit=1 result=skip
[2026-05-09T06:35:30Z] issue=1581 category=RESOLVE_NOT_READY exit=1 result=skip
[2026-05-09T06:35:41Z] issue=1618 category=RESOLVE_NOT_READY exit=1 result=skip
[2026-05-09T06:35:41Z] issue=1581 category=RESOLVE_NOT_READY exit=1 result=skip
[2026-05-09T06:35:52Z] issue=1618 category=RESOLVE_NOT_READY exit=1 result=skip
[2026-05-09T06:35:52Z] issue=1581 category=RESOLVE_NOT_READY exit=1 result=skip
[2026-05-09T06:36:03Z] issue=1618 category=RESOLVE_NOT_READY exit=1 result=skip
[2026-05-09T06:36:03Z] issue=1581 category=RESOLVE_NOT_READY exit=1 result=skip
[2026-05-09T06:36:14Z] issue=1618 category=RESOLVE_NOT_READY exit=1 result=skip
[2026-05-09T06:36:15Z] issue=1581 category=RESOLVE_NOT_READY exit=1 result=skip
[2026-05-09T06:36:26Z] issue=1618 category=RESOLVE_NOT_READY exit=1 result=skip
[2026-05-09T06:36:26Z] issue=1581 category=RESOLVE_NOT_READY exit=1 result=skip
[2026-05-09T06:36:37Z] issue=1618 category=RESOLVE_NOT_READY exit=1 result=skip
[2026-05-09T06:36:37Z] issue=1581 category=RESOLVE_NOT_READY exit=1 result=skip
[2026-05-09T06:36:48Z] issue=1618 category=RESOLVE_NOT_READY exit=1 result=skip
[2026-05-09T06:36:48Z] issue=1581 category=RESOLVE_NOT_READY exit=1 result=skip
[2026-05-09T06:36:59Z] issue=1618 category=RESOLVE_NOT_READY exit=1 result=skip
[2026-05-09T06:36:59Z] issue=1581 category=RESOLVE_NOT_READY exit=1 result=skip
[2026-05-09T06:37:11Z] issue=1618 category=RESOLVE_NOT_READY exit=1 result=skip
[2026-05-09T06:37:11Z] issue=1581 category=RESOLVE_NOT_READY exit=1 result=skip
[2026-05-09T06:37:22Z] issue=1618 category=RESOLVE_NOT_READY exit=1 result=skip
[2026-05-09T06:37:22Z] issue=1581 category=RESOLVE_NOT_READY exit=1 result=skip
[2026-05-09T06:37:33Z] issue=1618 category=RESOLVE_NOT_READY exit=1 result=skip
[2026-05-09T06:37:33Z] issue=1581 category=RESOLVE_NOT_READY exit=1 result=skip
[2026-05-09T06:37:44Z] issue=1618 category=RESOLVE_NOT_READY exit=1 result=skip
[2026-05-09T06:37:44Z] issue=1581 category=RESOLVE_NOT_READY exit=1 result=skip
[2026-05-09T06:37:55Z] issue=1618 category=INJECT_SUCCESS skill=/twl:workflow-test-ready result=success status=running current_step=ac-extract pr= branch=
[2026-05-09T06:37:56Z] issue=1581 category=RESOLVE_NOT_READY exit=1 result=skip
[2026-05-09T06:38:07Z] issue=1581 category=RESOLVE_NOT_READY exit=1 result=skip
[2026-05-09T06:38:18Z] issue=1581 category=RESOLVE_NOT_READY exit=1 result=skip
[2026-05-09T06:38:29Z] issue=1618 category=RESOLVE_NOT_READY exit=1 result=skip
[2026-05-09T06:38:29Z] issue=1581 category=RESOLVE_NOT_READY exit=1 result=skip
[2026-05-09T06:38:40Z] issue=1618 category=RESOLVE_NOT_READY exit=1 result=skip
[2026-05-09T06:38:41Z] issue=1581 category=INJECT_SUCCESS skill=/twl:workflow-test-ready result=success status=running current_step=ac-extract pr= branch=
[2026-05-09T06:38:52Z] issue=1618 category=RESOLVE_NOT_READY exit=1 result=skip
[2026-05-09T06:39:03Z] issue=1618 category=RESOLVE_NOT_READY exit=1 result=skip
[2026-05-09T06:39:03Z] issue=1581 category=RESOLVE_NOT_READY exit=1 result=skip
[2026-05-09T06:39:14Z] issue=1618 category=RESOLVE_NOT_READY exit=1 result=skip
[2026-05-09T06:39:14Z] issue=1581 category=RESOLVE_NOT_READY exit=1 result=skip
[2026-05-09T06:39:25Z] issue=1618 category=RESOLVE_NOT_READY exit=1 result=skip
[2026-05-09T06:39:26Z] issue=1581 category=RESOLVE_NOT_READY exit=1 result=skip
[2026-05-09T06:39:37Z] issue=1618 category=RESOLVE_NOT_READY exit=1 result=skip
[2026-05-09T06:39:37Z] issue=1581 category=RESOLVE_NOT_READY exit=1 result=skip
[2026-05-09T06:39:48Z] issue=1618 category=RESOLVE_NOT_READY exit=1 result=skip
[2026-05-09T06:39:48Z] issue=1581 category=RESOLVE_NOT_READY exit=1 result=skip
[2026-05-09T06:39:59Z] issue=1618 category=RESOLVE_NOT_READY exit=1 result=skip
[2026-05-09T06:39:59Z] issue=1581 category=RESOLVE_NOT_READY exit=1 result=skip
[2026-05-09T06:40:10Z] issue=1618 category=RESOLVE_NOT_READY exit=1 result=skip
[2026-05-09T06:40:10Z] issue=1581 category=RESOLVE_NOT_READY exit=1 result=skip
[2026-05-09T06:40:21Z] issue=1618 category=RESOLVE_NOT_READY exit=1 result=skip
[2026-05-09T06:40:22Z] issue=1581 category=RESOLVE_NOT_READY exit=1 result=skip
[2026-05-09T06:40:33Z] issue=1618 category=RESOLVE_NOT_READY exit=1 result=skip
[2026-05-09T06:40:33Z] issue=1581 category=RESOLVE_NOT_READY exit=1 result=skip
[2026-05-09T06:40:44Z] issue=1618 category=RESOLVE_NOT_READY exit=1 result=skip
[2026-05-09T06:40:44Z] issue=1581 category=RESOLVE_NOT_READY exit=1 result=skip
[2026-05-09T06:40:55Z] issue=1618 category=RESOLVE_NOT_READY exit=1 result=skip
[2026-05-09T06:40:56Z] issue=1581 category=RESOLVE_NOT_READY exit=1 result=skip
[2026-05-09T06:41:07Z] issue=1618 category=RESOLVE_NOT_READY exit=1 result=skip
[2026-05-09T06:41:07Z] issue=1581 category=RESOLVE_NOT_READY exit=1 result=skip
[2026-05-09T06:41:18Z] issue=1618 category=RESOLVE_NOT_READY exit=1 result=skip
[2026-05-09T06:41:18Z] issue=1581 category=RESOLVE_NOT_READY exit=1 result=skip
[2026-05-09T06:41:29Z] issue=1618 category=RESOLVE_NOT_READY exit=1 result=skip
[2026-05-09T06:41:30Z] issue=1581 category=RESOLVE_NOT_READY exit=1 result=skip
[2026-05-09T06:41:41Z] issue=1618 category=RESOLVE_NOT_READY exit=1 result=skip
[2026-05-09T06:41:41Z] issue=1581 category=RESOLVE_NOT_READY exit=1 result=skip
[2026-05-09T06:41:52Z] issue=1618 category=RESOLVE_NOT_READY exit=1 result=skip
[2026-05-09T06:41:52Z] issue=1581 category=RESOLVE_NOT_READY exit=1 result=skip
[2026-05-09T06:42:03Z] issue=1618 category=RESOLVE_NOT_READY exit=1 result=skip
[2026-05-09T06:42:03Z] issue=1581 category=RESOLVE_NOT_READY exit=1 result=skip
[2026-05-09T06:42:14Z] issue=1618 category=RESOLVE_NOT_READY exit=1 result=skip
[2026-05-09T06:42:15Z] issue=1581 category=RESOLVE_NOT_READY exit=1 result=skip
[2026-05-09T06:42:26Z] issue=1618 category=RESOLVE_NOT_READY exit=1 result=skip
[2026-05-09T06:42:26Z] issue=1581 category=RESOLVE_NOT_READY exit=1 result=skip
[2026-05-09T06:42:37Z] issue=1618 category=RESOLVE_NOT_READY exit=1 result=skip
[2026-05-09T06:42:37Z] issue=1581 category=RESOLVE_NOT_READY exit=1 result=skip
[2026-05-09T06:42:48Z] issue=1618 category=RESOLVE_NOT_READY exit=1 result=skip
[2026-05-09T06:42:48Z] issue=1581 category=RESOLVE_NOT_READY exit=1 result=skip
[2026-05-09T06:42:59Z] issue=1618 category=RESOLVE_NOT_READY exit=1 result=skip
[2026-05-09T06:43:00Z] issue=1581 category=RESOLVE_NOT_READY exit=1 result=skip
[2026-05-09T06:43:11Z] issue=1618 category=RESOLVE_NOT_READY exit=1 result=skip
[2026-05-09T06:43:11Z] issue=1581 category=RESOLVE_NOT_READY exit=1 result=skip
[2026-05-09T06:43:21Z] issue=1618 category=RESOLVE_NOT_READY exit=1 result=skip
[2026-05-09T06:43:22Z] issue=1581 category=RESOLVE_NOT_READY exit=1 result=skip
[2026-05-09T06:43:33Z] issue=1618 category=RESOLVE_NOT_READY exit=1 result=skip
[2026-05-09T06:43:33Z] issue=1581 category=RESOLVE_NOT_READY exit=1 result=skip
[2026-05-09T06:43:44Z] issue=1618 category=RESOLVE_NOT_READY exit=1 result=skip
[2026-05-09T06:43:44Z] issue=1581 category=RESOLVE_NOT_READY exit=1 result=skip
[2026-05-09T06:43:55Z] issue=1618 category=RESOLVE_NOT_READY exit=1 result=skip
[2026-05-09T06:43:55Z] issue=1581 category=RESOLVE_NOT_READY exit=1 result=skip
[2026-05-09T06:44:07Z] issue=1618 category=INJECT_SUCCESS skill=/twl:workflow-pr-verify result=success status=running current_step=check pr= branch=
[2026-05-09T06:44:07Z] issue=1581 category=RESOLVE_NOT_READY exit=1 result=skip
[2026-05-09T06:44:18Z] issue=1581 category=RESOLVE_NOT_READY exit=1 result=skip
[2026-05-09T06:44:29Z] issue=1581 category=RESOLVE_NOT_READY exit=1 result=skip
[2026-05-09T06:44:40Z] issue=1581 category=RESOLVE_NOT_READY exit=1 result=skip
[2026-05-09T06:44:52Z] issue=1581 category=RESOLVE_NOT_READY exit=1 result=skip
[2026-05-09T06:45:02Z] issue=1618 category=RESOLVE_NOT_READY exit=1 result=skip
[2026-05-09T06:45:03Z] issue=1581 category=RESOLVE_NOT_READY exit=1 result=skip
[2026-05-09T06:45:14Z] issue=1618 category=RESOLVE_NOT_READY exit=1 result=skip
[2026-05-09T06:45:14Z] issue=1581 category=RESOLVE_NOT_READY exit=1 result=skip
[2026-05-09T06:45:25Z] issue=1618 category=RESOLVE_NOT_READY exit=1 result=skip
[2026-05-09T06:45:25Z] issue=1581 category=RESOLVE_NOT_READY exit=1 result=skip
[2026-05-09T06:45:36Z] issue=1618 category=RESOLVE_NOT_READY exit=1 result=skip
[2026-05-09T06:45:37Z] issue=1581 category=RESOLVE_NOT_READY exit=1 result=skip
[2026-05-09T06:45:47Z] issue=1618 category=RESOLVE_NOT_READY exit=1 result=skip
[2026-05-09T06:45:48Z] issue=1581 category=RESOLVE_NOT_READY exit=1 result=skip
[2026-05-09T06:45:59Z] issue=1618 category=RESOLVE_NOT_READY exit=1 result=skip
[2026-05-09T06:45:59Z] issue=1581 category=INJECT_SUCCESS skill=/twl:workflow-pr-verify result=success status=running current_step=check pr= branch=
[2026-05-09T06:46:10Z] issue=1618 category=RESOLVE_NOT_READY exit=1 result=skip
[2026-05-09T06:46:21Z] issue=1618 category=RESOLVE_NOT_READY exit=1 result=skip
[2026-05-09T06:46:21Z] issue=1581 category=RESOLVE_NOT_READY exit=1 result=skip
[2026-05-09T06:46:32Z] issue=1618 category=RESOLVE_NOT_READY exit=1 result=skip
[2026-05-09T06:46:33Z] issue=1581 category=RESOLVE_NOT_READY exit=1 result=skip
[2026-05-09T06:46:44Z] issue=1618 category=RESOLVE_NOT_READY exit=1 result=skip
[2026-05-09T06:46:44Z] issue=1581 category=RESOLVE_NOT_READY exit=1 result=skip
[2026-05-09T06:46:55Z] issue=1618 category=RESOLVE_NOT_READY exit=1 result=skip
[2026-05-09T06:46:55Z] issue=1581 category=RESOLVE_NOT_READY exit=1 result=skip
[2026-05-09T06:47:06Z] issue=1618 category=RESOLVE_NOT_READY exit=1 result=skip
[2026-05-09T06:47:06Z] issue=1581 category=RESOLVE_NOT_READY exit=1 result=skip
[2026-05-09T06:47:17Z] issue=1618 category=RESOLVE_NOT_READY exit=1 result=skip
[2026-05-09T06:47:17Z] issue=1581 category=RESOLVE_NOT_READY exit=1 result=skip
[2026-05-09T06:47:28Z] issue=1618 category=RESOLVE_NOT_READY exit=1 result=skip
[2026-05-09T06:47:29Z] issue=1581 category=RESOLVE_NOT_READY exit=1 result=skip
[2026-05-09T06:47:40Z] issue=1618 category=RESOLVE_NOT_READY exit=1 result=skip
[2026-05-09T06:47:40Z] issue=1581 category=RESOLVE_NOT_READY exit=1 result=skip
[2026-05-09T06:47:51Z] issue=1618 category=RESOLVE_NOT_READY exit=1 result=skip
[2026-05-09T06:47:51Z] issue=1581 category=RESOLVE_NOT_READY exit=1 result=skip
[2026-05-09T06:48:02Z] issue=1618 category=RESOLVE_NOT_READY exit=1 result=skip
[2026-05-09T06:48:02Z] issue=1581 category=RESOLVE_NOT_READY exit=1 result=skip
[2026-05-09T06:48:13Z] issue=1618 category=RESOLVE_NOT_READY exit=1 result=skip
[2026-05-09T06:48:13Z] issue=1581 category=RESOLVE_NOT_READY exit=1 result=skip
[2026-05-09T06:48:24Z] issue=1618 category=RESOLVE_NOT_READY exit=1 result=skip
[2026-05-09T06:48:25Z] issue=1581 category=RESOLVE_NOT_READY exit=1 result=skip
[2026-05-09T06:48:35Z] issue=1618 category=RESOLVE_NOT_READY exit=1 result=skip
[2026-05-09T06:48:36Z] issue=1581 category=RESOLVE_NOT_READY exit=1 result=skip
[2026-05-09T06:48:47Z] issue=1618 category=RESOLVE_NOT_READY exit=1 result=skip
[2026-05-09T06:48:47Z] issue=1581 category=RESOLVE_NOT_READY exit=1 result=skip
[2026-05-09T06:48:58Z] issue=1618 category=RESOLVE_NOT_READY exit=1 result=skip
[2026-05-09T06:48:58Z] issue=1581 category=RESOLVE_NOT_READY exit=1 result=skip
[2026-05-09T06:49:09Z] issue=1618 category=RESOLVE_NOT_READY exit=1 result=skip
[2026-05-09T06:49:09Z] issue=1581 category=RESOLVE_NOT_READY exit=1 result=skip
[2026-05-09T06:49:20Z] issue=1618 category=RESOLVE_NOT_READY exit=1 result=skip
[2026-05-09T06:49:20Z] issue=1581 category=RESOLVE_NOT_READY exit=1 result=skip
[2026-05-09T06:49:31Z] issue=1618 category=RESOLVE_NOT_READY exit=1 result=skip
[2026-05-09T06:49:32Z] issue=1581 category=RESOLVE_NOT_READY exit=1 result=skip
[2026-05-09T06:49:43Z] issue=1618 category=RESOLVE_NOT_READY exit=1 result=skip
[2026-05-09T06:49:43Z] issue=1581 category=RESOLVE_NOT_READY exit=1 result=skip
[2026-05-09T06:49:54Z] issue=1618 category=RESOLVE_NOT_READY exit=1 result=skip
[2026-05-09T06:49:54Z] issue=1581 category=RESOLVE_NOT_READY exit=1 result=skip
[2026-05-09T06:50:05Z] issue=1618 category=RESOLVE_NOT_READY exit=1 result=skip
[2026-05-09T06:50:05Z] issue=1581 category=RESOLVE_NOT_READY exit=1 result=skip
[2026-05-09T06:50:16Z] issue=1618 category=RESOLVE_NOT_READY exit=1 result=skip
[2026-05-09T06:50:16Z] issue=1581 category=RESOLVE_NOT_READY exit=1 result=skip
[2026-05-09T06:50:27Z] issue=1618 category=RESOLVE_NOT_READY exit=1 result=skip
[2026-05-09T06:50:28Z] issue=1581 category=RESOLVE_NOT_READY exit=1 result=skip
[2026-05-09T06:50:39Z] issue=1618 category=RESOLVE_NOT_READY exit=1 result=skip
[2026-05-09T06:50:39Z] issue=1581 category=RESOLVE_NOT_READY exit=1 result=skip
[2026-05-09T06:50:50Z] issue=1618 category=RESOLVE_NOT_READY exit=1 result=skip
[2026-05-09T06:50:50Z] issue=1581 category=RESOLVE_NOT_READY exit=1 result=skip
[2026-05-09T06:51:01Z] issue=1618 category=RESOLVE_NOT_READY exit=1 result=skip
[2026-05-09T06:51:01Z] issue=1581 category=RESOLVE_NOT_READY exit=1 result=skip
[2026-05-09T06:51:12Z] issue=1618 category=RESOLVE_NOT_READY exit=1 result=skip
[2026-05-09T06:51:12Z] issue=1581 category=RESOLVE_NOT_READY exit=1 result=skip
[2026-05-09T06:51:23Z] issue=1618 category=RESOLVE_NOT_READY exit=1 result=skip
[2026-05-09T06:51:24Z] issue=1581 category=RESOLVE_NOT_READY exit=1 result=skip
[2026-05-09T06:51:35Z] issue=1618 category=RESOLVE_NOT_READY exit=1 result=skip
[2026-05-09T06:51:35Z] issue=1581 category=RESOLVE_NOT_READY exit=1 result=skip
[2026-05-09T06:51:46Z] issue=1618 category=RESOLVE_NOT_READY exit=1 result=skip
[2026-05-09T06:51:46Z] issue=1581 category=RESOLVE_NOT_READY exit=1 result=skip
[2026-05-09T06:51:57Z] issue=1618 category=RESOLVE_NOT_READY exit=1 result=skip
[2026-05-09T06:51:57Z] issue=1581 category=RESOLVE_NOT_READY exit=1 result=skip
[2026-05-09T06:52:08Z] issue=1618 category=INJECT_SUCCESS skill=/twl:workflow-pr-fix result=success status=running current_step=ac-verify pr= branch=
[2026-05-09T06:52:09Z] issue=1581 category=RESOLVE_NOT_READY exit=1 result=skip
[2026-05-09T06:52:20Z] issue=1581 category=INJECT_SUCCESS skill=/twl:workflow-pr-fix result=success status=running current_step=ac-verify pr= branch=
[2026-05-09T06:52:53Z] issue=1618 category=RESOLVE_NOT_READY exit=1 result=skip
[2026-05-09T06:53:05Z] issue=1618 category=RESOLVE_NOT_READY exit=1 result=skip
[2026-05-09T06:53:16Z] issue=1618 category=RESOLVE_NOT_READY exit=1 result=skip
[2026-05-09T06:53:27Z] issue=1618 category=RESOLVE_NOT_READY exit=1 result=skip
[2026-05-09T06:53:39Z] issue=1618 category=RESOLVE_NOT_READY exit=1 result=skip
[2026-05-09T06:53:50Z] issue=1618 category=RESOLVE_NOT_READY exit=1 result=skip
[2026-05-09T06:54:01Z] issue=1618 category=RESOLVE_NOT_READY exit=1 result=skip
[2026-05-09T06:54:12Z] issue=1618 category=RESOLVE_NOT_READY exit=1 result=skip
[2026-05-09T06:54:13Z] issue=1581 category=RESOLVE_NOT_READY exit=1 result=skip
[2026-05-09T06:54:24Z] issue=1618 category=RESOLVE_NOT_READY exit=1 result=skip
[2026-05-09T06:54:24Z] issue=1581 category=RESOLVE_NOT_READY exit=1 result=skip
[2026-05-09T06:54:35Z] issue=1618 category=RESOLVE_NOT_READY exit=1 result=skip
[2026-05-09T06:54:35Z] issue=1581 category=RESOLVE_NOT_READY exit=1 result=skip
[2026-05-09T06:54:46Z] issue=1618 category=RESOLVE_NOT_READY exit=1 result=skip
[2026-05-09T06:54:46Z] issue=1581 category=RESOLVE_NOT_READY exit=1 result=skip
[2026-05-09T06:54:57Z] issue=1618 category=RESOLVE_NOT_READY exit=1 result=skip
[2026-05-09T06:54:58Z] issue=1581 category=RESOLVE_NOT_READY exit=1 result=skip
[2026-05-09T06:55:09Z] issue=1618 category=RESOLVE_NOT_READY exit=1 result=skip
[2026-05-09T06:55:09Z] issue=1581 category=RESOLVE_NOT_READY exit=1 result=skip
[2026-05-09T06:55:20Z] issue=1618 category=RESOLVE_NOT_READY exit=1 result=skip
[2026-05-09T06:55:20Z] issue=1581 category=RESOLVE_NOT_READY exit=1 result=skip
[2026-05-09T06:55:31Z] issue=1618 category=RESOLVE_NOT_READY exit=1 result=skip
[2026-05-09T06:55:31Z] issue=1581 category=RESOLVE_NOT_READY exit=1 result=skip
[2026-05-09T06:55:43Z] issue=1618 category=RESOLVE_NOT_READY exit=1 result=skip
[2026-05-09T06:55:43Z] issue=1581 category=RESOLVE_NOT_READY exit=1 result=skip
[2026-05-09T06:55:54Z] issue=1618 category=RESOLVE_NOT_READY exit=1 result=skip
[2026-05-09T06:55:54Z] issue=1581 category=RESOLVE_NOT_READY exit=1 result=skip
[2026-05-09T06:56:05Z] issue=1618 category=RESOLVE_NOT_READY exit=1 result=skip
[2026-05-09T06:56:05Z] issue=1581 category=RESOLVE_NOT_READY exit=1 result=skip
[2026-05-09T06:56:16Z] issue=1618 category=RESOLVE_NOT_READY exit=1 result=skip
[2026-05-09T06:56:17Z] issue=1581 category=RESOLVE_NOT_READY exit=1 result=skip
[2026-05-09T06:56:28Z] issue=1618 category=RESOLVE_NOT_READY exit=1 result=skip
[2026-05-09T06:56:28Z] issue=1581 category=RESOLVE_NOT_READY exit=1 result=skip
[2026-05-09T06:56:39Z] issue=1618 category=RESOLVE_NOT_READY exit=1 result=skip
[2026-05-09T06:56:39Z] issue=1581 category=RESOLVE_NOT_READY exit=1 result=skip
[2026-05-09T06:56:50Z] issue=1618 category=RESOLVE_NOT_READY exit=1 result=skip
[2026-05-09T06:56:50Z] issue=1581 category=RESOLVE_NOT_READY exit=1 result=skip
[2026-05-09T06:57:01Z] issue=1618 category=RESOLVE_NOT_READY exit=1 result=skip
[2026-05-09T06:57:01Z] issue=1581 category=RESOLVE_NOT_READY exit=1 result=skip
[2026-05-09T06:57:12Z] issue=1618 category=RESOLVE_NOT_READY exit=1 result=skip
[2026-05-09T06:57:13Z] issue=1581 category=RESOLVE_NOT_READY exit=1 result=skip
[2026-05-09T06:57:24Z] issue=1618 category=RESOLVE_NOT_READY exit=1 result=skip
[2026-05-09T06:57:24Z] issue=1581 category=RESOLVE_NOT_READY exit=1 result=skip
[2026-05-09T06:57:35Z] issue=1618 category=RESOLVE_NOT_READY exit=1 result=skip
[2026-05-09T06:57:35Z] issue=1581 category=RESOLVE_NOT_READY exit=1 result=skip
[2026-05-09T06:57:46Z] issue=1618 category=RESOLVE_NOT_READY exit=1 result=skip
[2026-05-09T06:57:46Z] issue=1581 category=RESOLVE_NOT_READY exit=1 result=skip
[2026-05-09T06:57:57Z] issue=1618 category=RESOLVE_NOT_READY exit=1 result=skip
[2026-05-09T06:57:58Z] issue=1581 category=RESOLVE_NOT_READY exit=1 result=skip
[2026-05-09T06:58:09Z] issue=1618 category=RESOLVE_NOT_READY exit=1 result=skip
[2026-05-09T06:58:09Z] issue=1581 category=RESOLVE_NOT_READY exit=1 result=skip
[2026-05-09T06:58:20Z] issue=1618 category=RESOLVE_NOT_READY exit=1 result=skip
[2026-05-09T06:58:20Z] issue=1581 category=RESOLVE_NOT_READY exit=1 result=skip
[2026-05-09T06:58:31Z] issue=1618 category=RESOLVE_NOT_READY exit=1 result=skip
[2026-05-09T06:58:31Z] issue=1581 category=RESOLVE_NOT_READY exit=1 result=skip
[2026-05-09T06:58:42Z] issue=1618 category=RESOLVE_NOT_READY exit=1 result=skip
[2026-05-09T06:58:43Z] issue=1581 category=RESOLVE_NOT_READY exit=1 result=skip
[2026-05-09T06:58:54Z] issue=1618 category=RESOLVE_NOT_READY exit=1 result=skip
[2026-05-09T06:58:54Z] issue=1581 category=RESOLVE_NOT_READY exit=1 result=skip
[2026-05-09T06:59:05Z] issue=1618 category=RESOLVE_NOT_READY exit=1 result=skip
[2026-05-09T06:59:05Z] issue=1581 category=RESOLVE_NOT_READY exit=1 result=skip
[2026-05-09T06:59:16Z] issue=1618 category=RESOLVE_NOT_READY exit=1 result=skip
[2026-05-09T06:59:16Z] issue=1581 category=RESOLVE_NOT_READY exit=1 result=skip
[2026-05-09T06:59:27Z] issue=1618 category=RESOLVE_NOT_READY exit=1 result=skip
[2026-05-09T06:59:28Z] issue=1581 category=RESOLVE_NOT_READY exit=1 result=skip
[2026-05-09T06:59:39Z] issue=1618 category=RESOLVE_NOT_READY exit=1 result=skip
[2026-05-09T06:59:39Z] issue=1581 category=RESOLVE_NOT_READY exit=1 result=skip
[2026-05-09T06:59:50Z] issue=1618 category=RESOLVE_NOT_READY exit=1 result=skip
[2026-05-09T06:59:50Z] issue=1581 category=RESOLVE_NOT_READY exit=1 result=skip
[2026-05-09T07:00:01Z] issue=1618 category=RESOLVE_NOT_READY exit=1 result=skip
[2026-05-09T07:00:02Z] issue=1581 category=RESOLVE_NOT_READY exit=1 result=skip
[2026-05-09T07:00:12Z] issue=1618 category=RESOLVE_NOT_READY exit=1 result=skip
[2026-05-09T07:00:13Z] issue=1581 category=INJECT_PR_MERGE_DEBUG skill=/twl:workflow-pr-merge status=running result=debug reason="status not merge-ready, AC-4 expected behavior"
[2026-05-09T07:00:13Z] issue=1581 category=INJECT_SUCCESS skill=/twl:workflow-pr-merge result=success status=running current_step=warning-fix pr= branch=
[2026-05-09T07:00:24Z] issue=1618 category=RESOLVE_NOT_READY exit=1 result=skip
[2026-05-09T07:00:24Z] issue=1581 category=RESOLVE_NOT_READY exit=1 result=skip
[2026-05-09T07:00:35Z] issue=1618 category=RESOLVE_NOT_READY exit=1 result=skip
[2026-05-09T07:00:35Z] issue=1581 category=RESOLVE_NOT_READY exit=1 result=skip
[2026-05-09T07:00:46Z] issue=1618 category=RESOLVE_NOT_READY exit=1 result=skip
[2026-05-09T07:00:47Z] issue=1581 category=RESOLVE_NOT_READY exit=1 result=skip
[2026-05-09T07:00:58Z] issue=1618 category=RESOLVE_NOT_READY exit=1 result=skip
[2026-05-09T07:00:58Z] issue=1581 category=RESOLVE_NOT_READY exit=1 result=skip
[2026-05-09T07:01:09Z] issue=1618 category=RESOLVE_NOT_READY exit=1 result=skip
[2026-05-09T07:01:09Z] issue=1581 category=RESOLVE_NOT_READY exit=1 result=skip
[2026-05-09T07:01:20Z] issue=1618 category=RESOLVE_NOT_READY exit=1 result=skip
[2026-05-09T07:01:20Z] issue=1581 category=RESOLVE_NOT_READY exit=1 result=skip
[2026-05-09T07:01:31Z] issue=1618 category=RESOLVE_NOT_READY exit=1 result=skip
[2026-05-09T07:01:31Z] issue=1581 category=RESOLVE_NOT_READY exit=1 result=skip
[2026-05-09T07:01:42Z] issue=1618 category=RESOLVE_NOT_READY exit=1 result=skip
[2026-05-09T07:01:43Z] issue=1581 category=RESOLVE_NOT_READY exit=1 result=skip
