[2026-04-21T14:14:51Z] issue=793 category=RESOLVE_NOT_READY exit=1 result=skip
[2026-04-21T14:14:51Z] issue=794 category=RESOLVE_NOT_READY exit=1 result=skip
[2026-04-21T14:15:02Z] issue=793 category=RESOLVE_NOT_READY exit=1 result=skip
[2026-04-21T14:15:02Z] issue=794 category=RESOLVE_NOT_READY exit=1 result=skip
[2026-04-21T14:15:13Z] issue=793 category=RESOLVE_NOT_READY exit=1 result=skip
[2026-04-21T14:15:14Z] issue=794 category=RESOLVE_NOT_READY exit=1 result=skip
[2026-04-21T14:15:14Z] issue=795 category=RESOLVE_NOT_READY exit=1 result=skip
[2026-04-21T14:15:25Z] issue=793 category=RESOLVE_NOT_READY exit=1 result=skip
[2026-04-21T14:15:25Z] issue=794 category=RESOLVE_NOT_READY exit=1 result=skip
[2026-04-21T14:15:25Z] issue=795 category=RESOLVE_NOT_READY exit=1 result=skip
[2026-04-21T14:15:36Z] issue=793 category=RESOLVE_NOT_READY exit=1 result=skip
[2026-04-21T14:15:36Z] issue=794 category=RESOLVE_NOT_READY exit=1 result=skip
[2026-04-21T14:15:36Z] issue=795 category=RESOLVE_NOT_READY exit=1 result=skip
[2026-04-21T14:15:47Z] issue=793 category=RESOLVE_NOT_READY exit=1 result=skip
[2026-04-21T14:15:47Z] issue=794 category=RESOLVE_NOT_READY exit=1 result=skip
[2026-04-21T14:15:48Z] issue=795 category=RESOLVE_NOT_READY exit=1 result=skip
[2026-04-21T14:15:58Z] issue=793 category=RESOLVE_NOT_READY exit=1 result=skip
[2026-04-21T14:15:59Z] issue=794 category=RESOLVE_NOT_READY exit=1 result=skip
[2026-04-21T14:15:59Z] issue=795 category=RESOLVE_NOT_READY exit=1 result=skip
[2026-04-21T14:16:10Z] issue=793 category=RESOLVE_NOT_READY exit=1 result=skip
[2026-04-21T14:16:10Z] issue=794 category=RESOLVE_NOT_READY exit=1 result=skip
[2026-04-21T14:16:10Z] issue=795 category=RESOLVE_NOT_READY exit=1 result=skip
[2026-04-21T14:16:21Z] issue=793 category=RESOLVE_NOT_READY exit=1 result=skip
[2026-04-21T14:16:21Z] issue=794 category=RESOLVE_NOT_READY exit=1 result=skip
[2026-04-21T14:16:22Z] issue=795 category=RESOLVE_NOT_READY exit=1 result=skip
[2026-04-21T14:16:32Z] issue=793 category=RESOLVE_NOT_READY exit=1 result=skip
[2026-04-21T14:16:33Z] issue=794 category=RESOLVE_NOT_READY exit=1 result=skip
[2026-04-21T14:16:33Z] issue=795 category=RESOLVE_NOT_READY exit=1 result=skip
[2026-04-21T14:16:44Z] issue=793 category=RESOLVE_NOT_READY exit=1 result=skip
[2026-04-21T14:16:44Z] issue=794 category=RESOLVE_NOT_READY exit=1 result=skip
[2026-04-21T14:16:44Z] issue=795 category=RESOLVE_NOT_READY exit=1 result=skip
[2026-04-21T14:16:55Z] issue=793 category=RESOLVE_NOT_READY exit=1 result=skip
[2026-04-21T14:16:55Z] issue=794 category=RESOLVE_NOT_READY exit=1 result=skip
[2026-04-21T14:16:56Z] issue=795 category=RESOLVE_NOT_READY exit=1 result=skip
[2026-04-21T14:17:06Z] issue=793 category=RESOLVE_NOT_READY exit=1 result=skip
[2026-04-21T14:17:06Z] issue=794 category=RESOLVE_NOT_READY exit=1 result=skip
[2026-04-21T14:17:07Z] issue=795 category=RESOLVE_NOT_READY exit=1 result=skip
[2026-04-21T14:17:18Z] issue=793 category=RESOLVE_NOT_READY exit=1 result=skip
[2026-04-21T14:17:18Z] issue=794 category=RESOLVE_NOT_READY exit=1 result=skip
[2026-04-21T14:17:18Z] issue=795 category=RESOLVE_NOT_READY exit=1 result=skip
[2026-04-21T14:17:29Z] issue=793 category=RESOLVE_NOT_READY exit=1 result=skip
[2026-04-21T14:17:29Z] issue=794 category=RESOLVE_NOT_READY exit=1 result=skip
[2026-04-21T14:17:30Z] issue=795 category=RESOLVE_NOT_READY exit=1 result=skip
[2026-04-21T14:17:41Z] issue=793 category=RESOLVE_NOT_READY exit=1 result=skip
[2026-04-21T14:17:41Z] issue=794 category=RESOLVE_NOT_READY exit=1 result=skip
[2026-04-21T14:17:41Z] issue=795 category=RESOLVE_NOT_READY exit=1 result=skip
[2026-04-21T14:17:52Z] issue=793 category=RESOLVE_NOT_READY exit=1 result=skip
[2026-04-21T14:17:52Z] issue=794 category=RESOLVE_NOT_READY exit=1 result=skip
[2026-04-21T14:17:53Z] issue=795 category=RESOLVE_NOT_READY exit=1 result=skip
[2026-04-21T14:18:04Z] issue=793 category=RESOLVE_NOT_READY exit=1 result=skip
[2026-04-21T14:18:04Z] issue=794 category=RESOLVE_NOT_READY exit=1 result=skip
[2026-04-21T14:18:04Z] issue=795 category=RESOLVE_NOT_READY exit=1 result=skip
[2026-04-21T14:18:15Z] issue=793 category=RESOLVE_NOT_READY exit=1 result=skip
[2026-04-21T14:18:15Z] issue=794 category=RESOLVE_NOT_READY exit=1 result=skip
[2026-04-21T14:18:16Z] issue=795 category=RESOLVE_NOT_READY exit=1 result=skip
[2026-04-21T14:18:27Z] issue=793 category=RESOLVE_NOT_READY exit=1 result=skip
[2026-04-21T14:18:27Z] issue=794 category=RESOLVE_NOT_READY exit=1 result=skip
[2026-04-21T14:18:27Z] issue=795 category=RESOLVE_NOT_READY exit=1 result=skip
[2026-04-21T14:18:38Z] issue=793 category=RESOLVE_NOT_READY exit=1 result=skip
[2026-04-21T14:18:38Z] issue=794 category=RESOLVE_NOT_READY exit=1 result=skip
[2026-04-21T14:18:39Z] issue=795 category=RESOLVE_NOT_READY exit=1 result=skip
[2026-04-21T14:18:50Z] issue=793 category=RESOLVE_NOT_READY exit=1 result=skip
[2026-04-21T14:18:50Z] issue=794 category=RESOLVE_NOT_READY exit=1 result=skip
[2026-04-21T14:18:50Z] issue=795 category=RESOLVE_NOT_READY exit=1 result=skip
[2026-04-21T14:19:01Z] issue=793 category=RESOLVE_NOT_READY exit=1 result=skip
[2026-04-21T14:19:01Z] issue=794 category=RESOLVE_NOT_READY exit=1 result=skip
[2026-04-21T14:19:01Z] issue=795 category=RESOLVE_NOT_READY exit=1 result=skip
[2026-04-21T14:19:12Z] issue=793 category=RESOLVE_NOT_READY exit=1 result=skip
[2026-04-21T14:19:13Z] issue=794 category=RESOLVE_NOT_READY exit=1 result=skip
[2026-04-21T14:19:13Z] issue=795 category=RESOLVE_NOT_READY exit=1 result=skip
[2026-04-21T14:19:24Z] issue=793 category=RESOLVE_NOT_READY exit=1 result=skip
[2026-04-21T14:19:24Z] issue=794 category=RESOLVE_NOT_READY exit=1 result=skip
[2026-04-21T14:19:24Z] issue=795 category=RESOLVE_NOT_READY exit=1 result=skip
[2026-04-21T14:19:35Z] issue=793 category=RESOLVE_NOT_READY exit=1 result=skip
[2026-04-21T14:19:35Z] issue=794 category=RESOLVE_NOT_READY exit=1 result=skip
[2026-04-21T14:19:36Z] issue=795 category=RESOLVE_NOT_READY exit=1 result=skip
[2026-04-21T14:19:47Z] issue=793 category=RESOLVE_NOT_READY exit=1 result=skip
[2026-04-21T14:19:47Z] issue=794 category=RESOLVE_NOT_READY exit=1 result=skip
[2026-04-21T14:19:47Z] issue=795 category=RESOLVE_NOT_READY exit=1 result=skip
[2026-04-21T14:19:58Z] issue=793 category=RESOLVE_NOT_READY exit=1 result=skip
[2026-04-21T14:19:58Z] issue=794 category=RESOLVE_NOT_READY exit=1 result=skip
[2026-04-21T14:19:59Z] issue=795 category=RESOLVE_NOT_READY exit=1 result=skip
[2026-04-21T14:20:09Z] issue=793 category=RESOLVE_NOT_READY exit=1 result=skip
[2026-04-21T14:20:10Z] issue=794 category=RESOLVE_NOT_READY exit=1 result=skip
[2026-04-21T14:20:10Z] issue=795 category=RESOLVE_NOT_READY exit=1 result=skip
[2026-04-21T14:20:21Z] issue=793 category=RESOLVE_NOT_READY exit=1 result=skip
[2026-04-21T14:20:21Z] issue=794 category=RESOLVE_NOT_READY exit=1 result=skip
[2026-04-21T14:20:21Z] issue=795 category=RESOLVE_NOT_READY exit=1 result=skip
[2026-04-21T14:20:32Z] issue=793 category=RESOLVE_NOT_READY exit=1 result=skip
[2026-04-21T14:20:32Z] issue=794 category=RESOLVE_NOT_READY exit=1 result=skip
[2026-04-21T14:20:33Z] issue=795 category=RESOLVE_NOT_READY exit=1 result=skip
[2026-04-21T14:20:44Z] issue=793 category=RESOLVE_NOT_READY exit=1 result=skip
[2026-04-21T14:20:44Z] issue=794 category=RESOLVE_NOT_READY exit=1 result=skip
[2026-04-21T14:20:44Z] issue=795 category=RESOLVE_NOT_READY exit=1 result=skip
[2026-04-21T14:20:55Z] issue=793 category=INJECT_SUCCESS skill=/twl:workflow-pr-fix result=success status=running current_step=ac-verify pr=819 branch=feat/793-clitwldocsref-md-4-pluginstwlrefs
[2026-04-21T14:20:56Z] issue=794 category=RESOLVE_NOT_READY exit=1 result=skip
[2026-04-21T14:20:56Z] issue=795 category=RESOLVE_NOT_READY exit=1 result=skip
[2026-04-21T14:21:07Z] issue=794 category=RESOLVE_NOT_READY exit=1 result=skip
[2026-04-21T14:21:07Z] issue=795 category=RESOLVE_NOT_READY exit=1 result=skip
[2026-04-21T14:21:18Z] issue=794 category=RESOLVE_NOT_READY exit=1 result=skip
[2026-04-21T14:21:19Z] issue=795 category=RESOLVE_NOT_READY exit=1 result=skip
[2026-04-21T14:21:30Z] issue=794 category=RESOLVE_NOT_READY exit=1 result=skip
[2026-04-21T14:21:30Z] issue=795 category=RESOLVE_NOT_READY exit=1 result=skip
[2026-04-21T14:21:41Z] issue=794 category=RESOLVE_NOT_READY exit=1 result=skip
[2026-04-21T14:21:41Z] issue=795 category=RESOLVE_NOT_READY exit=1 result=skip
[2026-04-21T14:21:52Z] issue=794 category=RESOLVE_NOT_READY exit=1 result=skip
[2026-04-21T14:21:53Z] issue=795 category=RESOLVE_NOT_READY exit=1 result=skip
[2026-04-21T14:22:04Z] issue=794 category=RESOLVE_NOT_READY exit=1 result=skip
[2026-04-21T14:22:04Z] issue=795 category=RESOLVE_NOT_READY exit=1 result=skip
[2026-04-21T14:22:15Z] issue=794 category=RESOLVE_NOT_READY exit=1 result=skip
[2026-04-21T14:22:15Z] issue=795 category=RESOLVE_NOT_READY exit=1 result=skip
[2026-04-21T14:22:26Z] issue=794 category=RESOLVE_NOT_READY exit=1 result=skip
[2026-04-21T14:22:27Z] issue=795 category=RESOLVE_NOT_READY exit=1 result=skip
[2026-04-21T14:22:38Z] issue=794 category=RESOLVE_NOT_READY exit=1 result=skip
[2026-04-21T14:22:38Z] issue=795 category=RESOLVE_NOT_READY exit=1 result=skip
[2026-04-21T14:22:49Z] issue=794 category=INJECT_SUCCESS skill=/twl:workflow-pr-fix result=success status=running current_step=ac-verify pr=820 branch=feat/794-project-linksyaml-board-6
[2026-04-21T14:22:49Z] issue=795 category=RESOLVE_NOT_READY exit=1 result=skip
[2026-04-21T14:23:01Z] issue=795 category=RESOLVE_NOT_READY exit=1 result=skip
[2026-04-21T14:23:12Z] issue=795 category=RESOLVE_NOT_READY exit=1 result=skip
[2026-04-21T14:23:23Z] issue=795 category=RESOLVE_NOT_READY exit=1 result=skip
[2026-04-21T14:23:35Z] issue=795 category=INJECT_SUCCESS skill=/twl:workflow-pr-fix result=success status=running current_step=ac-verify pr=821 branch=feat/795-readme-auto-gen-entry-points
[2026-04-21T14:24:42Z] issue=795 category=RESOLVE_NOT_READY exit=1 result=skip
[2026-04-21T14:24:53Z] issue=795 category=RESOLVE_NOT_READY exit=1 result=skip
[2026-04-21T14:25:05Z] issue=795 category=RESOLVE_NOT_READY exit=1 result=skip
[2026-04-21T14:25:16Z] issue=795 category=RESOLVE_NOT_READY exit=1 result=skip
[2026-04-21T14:25:27Z] issue=795 category=RESOLVE_NOT_READY exit=1 result=skip
[2026-04-21T14:25:38Z] issue=795 category=RESOLVE_NOT_READY exit=1 result=skip
[2026-04-21T14:25:50Z] issue=795 category=RESOLVE_NOT_READY exit=1 result=skip
[2026-04-21T14:26:01Z] issue=795 category=RESOLVE_NOT_READY exit=1 result=skip
[2026-04-21T14:26:12Z] issue=795 category=RESOLVE_NOT_READY exit=1 result=skip
[2026-04-21T14:26:23Z] issue=795 category=RESOLVE_NOT_READY exit=1 result=skip
[2026-04-21T14:26:35Z] issue=795 category=RESOLVE_NOT_READY exit=1 result=skip
[2026-04-21T14:26:46Z] issue=795 category=RESOLVE_NOT_READY exit=1 result=skip
[2026-04-21T14:26:57Z] issue=795 category=RESOLVE_NOT_READY exit=1 result=skip
[2026-04-21T14:27:09Z] issue=795 category=RESOLVE_NOT_READY exit=1 result=skip
[2026-04-21T14:27:20Z] issue=795 category=RESOLVE_NOT_READY exit=1 result=skip
[2026-04-21T14:27:31Z] issue=795 category=RESOLVE_NOT_READY exit=1 result=skip
[2026-04-21T14:27:43Z] issue=795 category=RESOLVE_NOT_READY exit=1 result=skip
[2026-04-21T14:27:54Z] issue=795 category=RESOLVE_NOT_READY exit=1 result=skip
[2026-04-21T14:28:05Z] issue=795 category=RESOLVE_NOT_READY exit=1 result=skip
[2026-04-21T14:28:17Z] issue=795 category=RESOLVE_NOT_READY exit=1 result=skip
[2026-04-21T14:28:28Z] issue=795 category=RESOLVE_NOT_READY exit=1 result=skip
[2026-04-21T14:28:39Z] issue=795 category=RESOLVE_NOT_READY exit=1 result=skip
[2026-04-21T14:28:50Z] issue=795 category=RESOLVE_NOT_READY exit=1 result=skip
[2026-04-21T14:29:02Z] issue=795 category=RESOLVE_NOT_READY exit=1 result=skip
[2026-04-21T14:29:13Z] issue=795 category=RESOLVE_NOT_READY exit=1 result=skip
[2026-04-21T14:29:25Z] issue=795 category=RESOLVE_NOT_READY exit=1 result=skip
[2026-04-21T14:29:36Z] issue=795 category=RESOLVE_NOT_READY exit=1 result=skip
[2026-04-21T14:29:47Z] issue=795 category=RESOLVE_NOT_READY exit=1 result=skip
[2026-04-21T22:20:47Z] issue=805 category=RESOLVE_NOT_READY exit=1 result=skip
[2026-04-21T22:20:47Z] issue=812 category=RESOLVE_NOT_READY exit=1 result=skip
[2026-04-21T22:20:58Z] issue=805 category=RESOLVE_NOT_READY exit=1 result=skip
[2026-04-21T22:20:58Z] issue=812 category=RESOLVE_NOT_READY exit=1 result=skip
[2026-04-21T22:20:58Z] issue=814 category=RESOLVE_NOT_READY exit=1 result=skip
[2026-04-21T22:21:09Z] issue=805 category=RESOLVE_NOT_READY exit=1 result=skip
[2026-04-21T22:21:09Z] issue=812 category=RESOLVE_NOT_READY exit=1 result=skip
[2026-04-21T22:21:10Z] issue=814 category=RESOLVE_NOT_READY exit=1 result=skip
[2026-04-21T22:21:21Z] issue=805 category=RESOLVE_NOT_READY exit=1 result=skip
[2026-04-21T22:21:21Z] issue=812 category=RESOLVE_NOT_READY exit=1 result=skip
[2026-04-21T22:21:21Z] issue=814 category=RESOLVE_NOT_READY exit=1 result=skip
[2026-04-21T22:21:32Z] issue=805 category=RESOLVE_NOT_READY exit=1 result=skip
[2026-04-21T22:21:32Z] issue=812 category=RESOLVE_NOT_READY exit=1 result=skip
[2026-04-21T22:21:32Z] issue=814 category=RESOLVE_NOT_READY exit=1 result=skip
[2026-04-21T22:21:43Z] issue=805 category=RESOLVE_NOT_READY exit=1 result=skip
[2026-04-21T22:21:43Z] issue=812 category=RESOLVE_NOT_READY exit=1 result=skip
[2026-04-21T22:21:44Z] issue=814 category=RESOLVE_NOT_READY exit=1 result=skip
[2026-04-21T22:21:54Z] issue=805 category=RESOLVE_NOT_READY exit=1 result=skip
[2026-04-21T22:21:55Z] issue=812 category=RESOLVE_NOT_READY exit=1 result=skip
[2026-04-21T22:21:55Z] issue=814 category=RESOLVE_NOT_READY exit=1 result=skip
[2026-04-21T22:22:06Z] issue=805 category=RESOLVE_NOT_READY exit=1 result=skip
[2026-04-21T22:22:06Z] issue=812 category=RESOLVE_NOT_READY exit=1 result=skip
[2026-04-21T22:22:06Z] issue=814 category=RESOLVE_NOT_READY exit=1 result=skip
[2026-04-21T22:22:17Z] issue=805 category=RESOLVE_NOT_READY exit=1 result=skip
[2026-04-21T22:22:17Z] issue=812 category=RESOLVE_NOT_READY exit=1 result=skip
[2026-04-21T22:22:18Z] issue=814 category=RESOLVE_NOT_READY exit=1 result=skip
[2026-04-21T22:22:28Z] issue=805 category=RESOLVE_NOT_READY exit=1 result=skip
[2026-04-21T22:22:29Z] issue=812 category=RESOLVE_NOT_READY exit=1 result=skip
[2026-04-21T22:22:29Z] issue=814 category=RESOLVE_NOT_READY exit=1 result=skip
[2026-04-21T22:22:40Z] issue=805 category=RESOLVE_NOT_READY exit=1 result=skip
[2026-04-21T22:22:40Z] issue=812 category=RESOLVE_NOT_READY exit=1 result=skip
[2026-04-21T22:22:40Z] issue=814 category=RESOLVE_NOT_READY exit=1 result=skip
[2026-04-21T22:22:51Z] issue=805 category=RESOLVE_NOT_READY exit=1 result=skip
[2026-04-21T22:22:52Z] issue=812 category=RESOLVE_NOT_READY exit=1 result=skip
[2026-04-21T22:22:52Z] issue=814 category=RESOLVE_NOT_READY exit=1 result=skip
[2026-04-21T22:23:03Z] issue=805 category=RESOLVE_NOT_READY exit=1 result=skip
[2026-04-21T22:23:03Z] issue=812 category=RESOLVE_NOT_READY exit=1 result=skip
[2026-04-21T22:23:03Z] issue=814 category=RESOLVE_NOT_READY exit=1 result=skip
[2026-04-21T22:23:14Z] issue=805 category=RESOLVE_NOT_READY exit=1 result=skip
[2026-04-21T22:23:14Z] issue=812 category=RESOLVE_NOT_READY exit=1 result=skip
[2026-04-21T22:23:15Z] issue=814 category=RESOLVE_NOT_READY exit=1 result=skip
[2026-04-21T22:23:26Z] issue=805 category=RESOLVE_NOT_READY exit=1 result=skip
[2026-04-21T22:23:26Z] issue=812 category=RESOLVE_NOT_READY exit=1 result=skip
[2026-04-21T22:23:26Z] issue=814 category=RESOLVE_NOT_READY exit=1 result=skip
[2026-04-21T22:23:37Z] issue=805 category=RESOLVE_NOT_READY exit=1 result=skip
[2026-04-21T22:23:37Z] issue=812 category=RESOLVE_NOT_READY exit=1 result=skip
[2026-04-21T22:23:38Z] issue=814 category=RESOLVE_NOT_READY exit=1 result=skip
[2026-04-21T22:23:48Z] issue=805 category=RESOLVE_NOT_READY exit=1 result=skip
[2026-04-21T22:23:49Z] issue=812 category=RESOLVE_NOT_READY exit=1 result=skip
[2026-04-21T22:23:49Z] issue=814 category=RESOLVE_NOT_READY exit=1 result=skip
[2026-04-21T22:24:00Z] issue=805 category=RESOLVE_NOT_READY exit=1 result=skip
[2026-04-21T22:24:00Z] issue=812 category=RESOLVE_NOT_READY exit=1 result=skip
[2026-04-21T22:24:00Z] issue=814 category=RESOLVE_NOT_READY exit=1 result=skip
[2026-04-21T22:24:11Z] issue=805 category=RESOLVE_NOT_READY exit=1 result=skip
[2026-04-21T22:24:12Z] issue=812 category=RESOLVE_NOT_READY exit=1 result=skip
[2026-04-21T22:24:12Z] issue=814 category=RESOLVE_NOT_READY exit=1 result=skip
[2026-04-21T22:24:23Z] issue=805 category=RESOLVE_NOT_READY exit=1 result=skip
[2026-04-21T22:24:23Z] issue=812 category=RESOLVE_NOT_READY exit=1 result=skip
[2026-04-21T22:24:23Z] issue=814 category=RESOLVE_NOT_READY exit=1 result=skip
[2026-04-21T22:24:34Z] issue=805 category=RESOLVE_NOT_READY exit=1 result=skip
[2026-04-21T22:24:34Z] issue=812 category=RESOLVE_NOT_READY exit=1 result=skip
[2026-04-21T22:24:35Z] issue=814 category=RESOLVE_NOT_READY exit=1 result=skip
[2026-04-21T22:24:46Z] issue=805 category=RESOLVE_NOT_READY exit=1 result=skip
[2026-04-21T22:24:46Z] issue=812 category=RESOLVE_NOT_READY exit=1 result=skip
[2026-04-21T22:24:46Z] issue=814 category=RESOLVE_NOT_READY exit=1 result=skip
[2026-04-21T22:24:57Z] issue=805 category=RESOLVE_NOT_READY exit=1 result=skip
[2026-04-21T22:24:57Z] issue=812 category=RESOLVE_NOT_READY exit=1 result=skip
[2026-04-21T22:24:57Z] issue=814 category=RESOLVE_NOT_READY exit=1 result=skip
[2026-04-21T22:25:08Z] issue=805 category=RESOLVE_NOT_READY exit=1 result=skip
[2026-04-21T22:25:09Z] issue=812 category=RESOLVE_NOT_READY exit=1 result=skip
[2026-04-21T22:25:09Z] issue=814 category=RESOLVE_NOT_READY exit=1 result=skip
[2026-04-21T22:25:20Z] issue=805 category=RESOLVE_NOT_READY exit=1 result=skip
[2026-04-21T22:25:20Z] issue=812 category=RESOLVE_NOT_READY exit=1 result=skip
[2026-04-21T22:25:20Z] issue=814 category=RESOLVE_NOT_READY exit=1 result=skip
[2026-04-21T22:25:31Z] issue=805 category=RESOLVE_NOT_READY exit=1 result=skip
[2026-04-21T22:25:32Z] issue=812 category=RESOLVE_NOT_READY exit=1 result=skip
[2026-04-21T22:25:32Z] issue=814 category=RESOLVE_NOT_READY exit=1 result=skip
[2026-04-21T22:25:43Z] issue=805 category=RESOLVE_NOT_READY exit=1 result=skip
[2026-04-21T22:25:43Z] issue=812 category=RESOLVE_NOT_READY exit=1 result=skip
[2026-04-21T22:25:43Z] issue=814 category=RESOLVE_NOT_READY exit=1 result=skip
[2026-04-21T22:25:54Z] issue=805 category=RESOLVE_NOT_READY exit=1 result=skip
[2026-04-21T22:25:55Z] issue=812 category=RESOLVE_NOT_READY exit=1 result=skip
[2026-04-21T22:25:55Z] issue=814 category=RESOLVE_NOT_READY exit=1 result=skip
[2026-04-21T22:26:06Z] issue=805 category=RESOLVE_NOT_READY exit=1 result=skip
[2026-04-21T22:26:06Z] issue=814 category=RESOLVE_NOT_READY exit=1 result=skip
[2026-04-21T22:26:17Z] issue=805 category=RESOLVE_NOT_READY exit=1 result=skip
[2026-04-21T22:26:17Z] issue=814 category=RESOLVE_NOT_READY exit=1 result=skip
[2026-04-21T22:26:28Z] issue=805 category=RESOLVE_NOT_READY exit=1 result=skip
[2026-04-21T22:26:29Z] issue=814 category=RESOLVE_NOT_READY exit=1 result=skip
[2026-04-21T22:26:40Z] issue=805 category=RESOLVE_NOT_READY exit=1 result=skip
[2026-04-21T22:26:40Z] issue=814 category=RESOLVE_NOT_READY exit=1 result=skip
[2026-04-21T22:26:51Z] issue=805 category=RESOLVE_NOT_READY exit=1 result=skip
[2026-04-21T22:26:51Z] issue=814 category=RESOLVE_NOT_READY exit=1 result=skip
[2026-04-21T22:27:02Z] issue=805 category=RESOLVE_NOT_READY exit=1 result=skip
[2026-04-21T22:27:02Z] issue=814 category=RESOLVE_NOT_READY exit=1 result=skip
[2026-04-21T22:27:13Z] issue=805 category=RESOLVE_NOT_READY exit=1 result=skip
[2026-04-21T22:27:13Z] issue=814 category=RESOLVE_NOT_READY exit=1 result=skip
[2026-04-21T22:27:24Z] issue=805 category=RESOLVE_NOT_READY exit=1 result=skip
[2026-04-21T22:27:25Z] issue=814 category=RESOLVE_NOT_READY exit=1 result=skip
[2026-04-21T22:27:35Z] issue=805 category=RESOLVE_NOT_READY exit=1 result=skip
[2026-04-21T22:27:36Z] issue=814 category=RESOLVE_NOT_READY exit=1 result=skip
[2026-04-21T22:27:47Z] issue=805 category=RESOLVE_NOT_READY exit=1 result=skip
[2026-04-21T22:27:47Z] issue=814 category=RESOLVE_NOT_READY exit=1 result=skip
[2026-04-21T22:27:58Z] issue=805 category=RESOLVE_NOT_READY exit=1 result=skip
[2026-04-21T22:27:58Z] issue=814 category=RESOLVE_NOT_READY exit=1 result=skip
[2026-04-21T22:28:09Z] issue=805 category=RESOLVE_NOT_READY exit=1 result=skip
[2026-04-21T22:28:09Z] issue=814 category=RESOLVE_NOT_READY exit=1 result=skip
[2026-04-21T22:28:20Z] issue=805 category=INJECT_SUCCESS skill=/twl:workflow-pr-fix result=success status=running current_step=ac-verify pr=823 branch=feat/805-tech-debt-issue-800-cd-worker-bash-cla
[2026-04-21T22:28:21Z] issue=814 category=RESOLVE_NOT_READY exit=1 result=skip
[2026-04-21T22:28:32Z] issue=814 category=RESOLVE_NOT_READY exit=1 result=skip
[2026-04-21T22:28:42Z] issue=805 category=RESOLVE_NOT_READY exit=1 result=skip
[2026-04-21T22:28:43Z] issue=814 category=RESOLVE_NOT_READY exit=1 result=skip
[2026-04-21T22:28:54Z] issue=805 category=RESOLVE_NOT_READY exit=1 result=skip
[2026-04-21T22:28:54Z] issue=814 category=RESOLVE_NOT_READY exit=1 result=skip
[2026-04-21T22:29:05Z] issue=805 category=RESOLVE_NOT_READY exit=1 result=skip
[2026-04-21T22:29:05Z] issue=814 category=RESOLVE_NOT_READY exit=1 result=skip
[2026-04-21T22:29:16Z] issue=805 category=RESOLVE_NOT_READY exit=1 result=skip
[2026-04-21T22:29:17Z] issue=814 category=RESOLVE_NOT_READY exit=1 result=skip
[2026-04-21T22:29:28Z] issue=814 category=RESOLVE_NOT_READY exit=1 result=skip
[2026-04-21T22:29:39Z] issue=814 category=RESOLVE_NOT_READY exit=1 result=skip
[2026-04-21T22:29:50Z] issue=814 category=RESOLVE_NOT_READY exit=1 result=skip
[2026-04-21T22:30:01Z] issue=814 category=RESOLVE_NOT_READY exit=1 result=skip
[2026-04-21T22:30:12Z] issue=814 category=RESOLVE_NOT_READY exit=1 result=skip
[2026-04-21T22:30:23Z] issue=814 category=RESOLVE_NOT_READY exit=1 result=skip
[2026-04-21T22:30:34Z] issue=814 category=RESOLVE_NOT_READY exit=1 result=skip
[2026-04-21T22:30:45Z] issue=814 category=RESOLVE_NOT_READY exit=1 result=skip
[2026-04-21T22:30:56Z] issue=814 category=RESOLVE_NOT_READY exit=1 result=skip
[2026-04-21T22:31:07Z] issue=814 category=RESOLVE_NOT_READY exit=1 result=skip
[2026-04-21T22:31:07Z] issue=814 skill=RESOLVE_FAILED result=stagnate elapsed=609s count=55
[2026-04-21T22:31:18Z] issue=814 category=RESOLVE_NOT_READY exit=1 result=skip
[2026-04-21T22:31:18Z] issue=814 skill=RESOLVE_FAILED result=stagnate elapsed=620s count=56
[2026-04-21T22:31:30Z] issue=814 category=RESOLVE_NOT_READY exit=1 result=skip
[2026-04-21T22:31:30Z] issue=814 skill=RESOLVE_FAILED result=stagnate elapsed=632s count=57
[2026-04-21T22:31:41Z] issue=814 category=RESOLVE_NOT_READY exit=1 result=skip
[2026-04-21T22:31:41Z] issue=814 skill=RESOLVE_FAILED result=stagnate elapsed=643s count=58
[2026-04-21T22:31:52Z] issue=814 category=RESOLVE_NOT_READY exit=1 result=skip
[2026-04-21T22:31:52Z] issue=814 skill=RESOLVE_FAILED result=stagnate elapsed=654s count=59
[2026-04-21T22:32:03Z] issue=814 category=RESOLVE_NOT_READY exit=1 result=skip
[2026-04-21T22:32:03Z] issue=814 skill=RESOLVE_FAILED result=stagnate elapsed=665s count=60
[2026-04-21T22:32:14Z] issue=814 category=RESOLVE_NOT_READY exit=1 result=skip
[2026-04-21T22:32:14Z] issue=814 skill=RESOLVE_FAILED result=stagnate elapsed=676s count=61
[2026-04-21T22:32:25Z] issue=814 category=RESOLVE_NOT_READY exit=1 result=skip
[2026-04-21T22:32:25Z] issue=814 skill=RESOLVE_FAILED result=stagnate elapsed=687s count=62
[2026-04-21T22:32:36Z] issue=814 category=RESOLVE_NOT_READY exit=1 result=skip
[2026-04-21T22:32:36Z] issue=814 skill=RESOLVE_FAILED result=stagnate elapsed=698s count=63
[2026-04-21T22:32:48Z] issue=814 category=RESOLVE_NOT_READY exit=1 result=skip
[2026-04-21T22:32:48Z] issue=814 skill=RESOLVE_FAILED result=stagnate elapsed=710s count=64
[2026-04-21T22:32:59Z] issue=814 category=RESOLVE_NOT_READY exit=1 result=skip
[2026-04-21T22:32:59Z] issue=814 skill=RESOLVE_FAILED result=stagnate elapsed=721s count=65
[2026-04-21T22:33:10Z] issue=814 category=RESOLVE_NOT_READY exit=1 result=skip
[2026-04-21T22:33:10Z] issue=814 skill=RESOLVE_FAILED result=stagnate elapsed=732s count=66
[2026-04-21T22:33:21Z] issue=814 category=RESOLVE_NOT_READY exit=1 result=skip
[2026-04-21T22:33:21Z] issue=814 skill=RESOLVE_FAILED result=stagnate elapsed=743s count=67
[2026-04-21T22:33:32Z] issue=814 category=RESOLVE_NOT_READY exit=1 result=skip
[2026-04-21T22:33:32Z] issue=814 skill=RESOLVE_FAILED result=stagnate elapsed=754s count=68
[2026-04-21T22:33:43Z] issue=814 category=RESOLVE_NOT_READY exit=1 result=skip
[2026-04-21T22:33:43Z] issue=814 skill=RESOLVE_FAILED result=stagnate elapsed=765s count=69
[2026-04-21T22:33:54Z] issue=814 category=RESOLVE_NOT_READY exit=1 result=skip
[2026-04-21T22:33:54Z] issue=814 skill=RESOLVE_FAILED result=stagnate elapsed=776s count=70
[2026-04-21T22:34:06Z] issue=814 category=RESOLVE_NOT_READY exit=1 result=skip
[2026-04-21T22:34:06Z] issue=814 skill=RESOLVE_FAILED result=stagnate elapsed=788s count=71
[2026-04-21T22:34:17Z] issue=814 category=RESOLVE_NOT_READY exit=1 result=skip
[2026-04-21T22:34:17Z] issue=814 skill=RESOLVE_FAILED result=stagnate elapsed=799s count=72
[2026-04-21T22:34:28Z] issue=814 category=RESOLVE_NOT_READY exit=1 result=skip
[2026-04-21T22:34:28Z] issue=814 skill=RESOLVE_FAILED result=stagnate elapsed=810s count=73
[2026-04-21T22:34:39Z] issue=814 category=RESOLVE_NOT_READY exit=1 result=skip
[2026-04-21T22:34:39Z] issue=814 skill=RESOLVE_FAILED result=stagnate elapsed=821s count=74
[2026-04-21T22:34:50Z] issue=814 category=RESOLVE_NOT_READY exit=1 result=skip
[2026-04-21T22:34:50Z] issue=814 skill=RESOLVE_FAILED result=stagnate elapsed=832s count=75
[2026-04-21T22:35:01Z] issue=814 category=RESOLVE_NOT_READY exit=1 result=skip
[2026-04-21T22:35:01Z] issue=814 skill=RESOLVE_FAILED result=stagnate elapsed=843s count=76
[2026-04-21T22:35:12Z] issue=814 category=RESOLVE_NOT_READY exit=1 result=skip
[2026-04-21T22:35:12Z] issue=814 skill=RESOLVE_FAILED result=stagnate elapsed=854s count=77
[2026-04-21T22:35:23Z] issue=814 category=RESOLVE_NOT_READY exit=1 result=skip
[2026-04-21T22:35:23Z] issue=814 skill=RESOLVE_FAILED result=stagnate elapsed=865s count=78
[2026-04-21T22:35:34Z] issue=814 category=RESOLVE_NOT_READY exit=1 result=skip
[2026-04-21T22:35:34Z] issue=814 skill=RESOLVE_FAILED result=stagnate elapsed=876s count=79
[2026-04-21T22:35:45Z] issue=814 category=RESOLVE_NOT_READY exit=1 result=skip
[2026-04-21T22:35:45Z] issue=814 skill=RESOLVE_FAILED result=stagnate elapsed=887s count=80
[2026-04-21T22:35:56Z] issue=814 category=RESOLVE_NOT_READY exit=1 result=skip
[2026-04-21T22:35:56Z] issue=814 skill=RESOLVE_FAILED result=stagnate elapsed=898s count=81
[2026-04-21T22:36:07Z] issue=814 category=RESOLVE_NOT_READY exit=1 result=skip
[2026-04-21T22:36:07Z] issue=814 skill=RESOLVE_FAILED result=stagnate elapsed=909s count=82
[2026-04-21T22:36:18Z] issue=814 category=RESOLVE_NOT_READY exit=1 result=skip
[2026-04-21T22:36:18Z] issue=814 skill=RESOLVE_FAILED result=stagnate elapsed=920s count=83
[2026-04-21T22:36:29Z] issue=814 category=RESOLVE_NOT_READY exit=1 result=skip
[2026-04-21T22:36:29Z] issue=814 skill=RESOLVE_FAILED result=stagnate elapsed=931s count=84
[2026-04-21T22:36:40Z] issue=814 category=RESOLVE_NOT_READY exit=1 result=skip
[2026-04-21T22:36:40Z] issue=814 skill=RESOLVE_FAILED result=stagnate elapsed=942s count=85
[2026-04-21T22:36:51Z] issue=814 category=RESOLVE_NOT_READY exit=1 result=skip
[2026-04-21T22:36:51Z] issue=814 skill=RESOLVE_FAILED result=stagnate elapsed=953s count=86
[2026-04-21T22:37:02Z] issue=814 category=RESOLVE_NOT_READY exit=1 result=skip
[2026-04-21T22:37:02Z] issue=814 skill=RESOLVE_FAILED result=stagnate elapsed=964s count=87
[2026-04-21T22:37:13Z] issue=814 category=RESOLVE_NOT_READY exit=1 result=skip
[2026-04-21T22:37:13Z] issue=814 skill=RESOLVE_FAILED result=stagnate elapsed=976s count=88
[2026-04-21T22:37:24Z] issue=814 category=RESOLVE_NOT_READY exit=1 result=skip
[2026-04-21T22:37:24Z] issue=814 skill=RESOLVE_FAILED result=stagnate elapsed=987s count=89
[2026-04-21T22:37:35Z] issue=814 category=RESOLVE_NOT_READY exit=1 result=skip
[2026-04-21T22:37:35Z] issue=814 skill=RESOLVE_FAILED result=stagnate elapsed=998s count=90
[2026-04-21T22:37:47Z] issue=814 category=RESOLVE_NOT_READY exit=1 result=skip
[2026-04-21T22:37:47Z] issue=814 skill=RESOLVE_FAILED result=stagnate elapsed=1009s count=91
[2026-04-21T22:37:58Z] issue=814 category=RESOLVE_NOT_READY exit=1 result=skip
[2026-04-21T22:37:58Z] issue=814 skill=RESOLVE_FAILED result=stagnate elapsed=1020s count=92
[2026-04-21T22:38:09Z] issue=814 category=RESOLVE_NOT_READY exit=1 result=skip
[2026-04-21T22:38:09Z] issue=814 skill=RESOLVE_FAILED result=stagnate elapsed=1031s count=93
[2026-04-21T22:38:20Z] issue=814 category=RESOLVE_NOT_READY exit=1 result=skip
[2026-04-21T22:38:20Z] issue=814 skill=RESOLVE_FAILED result=stagnate elapsed=1042s count=94
[2026-04-21T22:38:31Z] issue=814 category=RESOLVE_NOT_READY exit=1 result=skip
[2026-04-21T22:38:31Z] issue=814 skill=RESOLVE_FAILED result=stagnate elapsed=1053s count=95
[2026-04-21T22:38:42Z] issue=814 category=RESOLVE_NOT_READY exit=1 result=skip
[2026-04-21T22:38:42Z] issue=814 skill=RESOLVE_FAILED result=stagnate elapsed=1064s count=96
[2026-04-21T22:38:53Z] issue=814 category=INJECT_SUCCESS skill=/twl:workflow-pr-fix result=success status=running current_step=ac-verify pr=824 branch=feat/814-tech-debt-su-observer-skillmd-controll
[2026-04-21T22:39:15Z] issue=814 category=RESOLVE_NOT_READY exit=1 result=skip
[2026-04-21T22:39:26Z] issue=814 category=RESOLVE_NOT_READY exit=1 result=skip
[2026-04-21T22:39:38Z] issue=814 category=RESOLVE_NOT_READY exit=1 result=skip
[2026-04-21T22:39:49Z] issue=814 category=RESOLVE_NOT_READY exit=1 result=skip
[2026-04-21T22:40:00Z] issue=814 category=RESOLVE_NOT_READY exit=1 result=skip
[2026-04-21T22:41:17Z] issue=814 category=INJECT_PR_MERGE_WARN skill=/twl:workflow-pr-merge status=running result=warn reason="status not merge-ready, injecting workflow-pr-merge"
[2026-04-21T22:41:17Z] issue=814 category=INJECT_SUCCESS skill=/twl:workflow-pr-merge result=success status=running current_step=warning-fix pr=824 branch=feat/814-tech-debt-su-observer-skillmd-controll
[2026-04-21T22:41:52Z] issue=814 category=RESOLVE_NOT_READY exit=1 result=skip
[2026-04-21T22:42:03Z] issue=814 category=RESOLVE_NOT_READY exit=1 result=skip
[2026-04-21T22:42:14Z] issue=814 category=RESOLVE_NOT_READY exit=1 result=skip
