[2026-04-29T13:43:15Z] issue=1128 category=RESOLVE_NOT_READY exit=1 result=skip
[2026-04-29T13:43:25Z] issue=1128 category=RESOLVE_NOT_READY exit=1 result=skip
[2026-04-29T13:43:26Z] issue=1115 category=RESOLVE_NOT_READY exit=1 result=skip
[2026-04-29T13:43:36Z] issue=1128 category=RESOLVE_NOT_READY exit=1 result=skip
[2026-04-29T13:43:37Z] issue=1115 category=RESOLVE_NOT_READY exit=1 result=skip
[2026-04-29T13:43:47Z] issue=1128 category=RESOLVE_NOT_READY exit=1 result=skip
[2026-04-29T13:43:47Z] issue=1115 category=RESOLVE_NOT_READY exit=1 result=skip
[2026-04-29T13:43:58Z] issue=1128 category=RESOLVE_NOT_READY exit=1 result=skip
[2026-04-29T13:43:58Z] issue=1115 category=RESOLVE_NOT_READY exit=1 result=skip
[2026-04-29T13:44:09Z] issue=1128 category=RESOLVE_NOT_READY exit=1 result=skip
[2026-04-29T13:44:09Z] issue=1115 category=RESOLVE_NOT_READY exit=1 result=skip
[2026-04-29T13:44:19Z] issue=1128 category=INJECT_SUCCESS skill=/twl:workflow-test-ready result=success status=running current_step=ac-extract pr= branch=
[2026-04-29T13:44:20Z] issue=1115 category=RESOLVE_NOT_READY exit=1 result=skip
[2026-04-29T13:44:30Z] issue=1115 category=RESOLVE_NOT_READY exit=1 result=skip
[2026-04-29T13:44:41Z] issue=1128 category=RESOLVE_NOT_READY exit=1 result=skip
[2026-04-29T13:44:41Z] issue=1115 category=RESOLVE_NOT_READY exit=1 result=skip
[2026-04-29T13:44:52Z] issue=1128 category=RESOLVE_NOT_READY exit=1 result=skip
[2026-04-29T13:44:52Z] issue=1115 category=RESOLVE_NOT_READY exit=1 result=skip
[2026-04-29T13:45:02Z] issue=1128 category=RESOLVE_NOT_READY exit=1 result=skip
[2026-04-29T13:45:03Z] issue=1115 category=INJECT_SUCCESS skill=/twl:workflow-test-ready result=success status=running current_step=ac-extract pr= branch=
[2026-04-29T13:45:13Z] issue=1128 category=RESOLVE_NOT_READY exit=1 result=skip
[2026-04-29T13:45:24Z] issue=1128 category=RESOLVE_NOT_READY exit=1 result=skip
[2026-04-29T13:45:35Z] issue=1128 category=RESOLVE_NOT_READY exit=1 result=skip
[2026-04-29T13:45:35Z] issue=1115 category=RESOLVE_NOT_READY exit=1 result=skip
[2026-04-29T13:45:45Z] issue=1128 category=RESOLVE_NOT_READY exit=1 result=skip
[2026-04-29T13:45:46Z] issue=1115 category=RESOLVE_NOT_READY exit=1 result=skip
[2026-04-29T13:45:56Z] issue=1128 category=RESOLVE_NOT_READY exit=1 result=skip
[2026-04-29T13:45:57Z] issue=1115 category=RESOLVE_NOT_READY exit=1 result=skip
[2026-04-29T13:46:07Z] issue=1128 category=RESOLVE_NOT_READY exit=1 result=skip
[2026-04-29T13:46:07Z] issue=1115 category=RESOLVE_NOT_READY exit=1 result=skip
[2026-04-29T13:46:18Z] issue=1128 category=RESOLVE_NOT_READY exit=1 result=skip
[2026-04-29T13:46:18Z] issue=1115 category=RESOLVE_NOT_READY exit=1 result=skip
[2026-04-29T13:46:29Z] issue=1128 category=RESOLVE_NOT_READY exit=1 result=skip
[2026-04-29T13:46:29Z] issue=1115 category=RESOLVE_NOT_READY exit=1 result=skip
[2026-04-29T13:46:39Z] issue=1128 category=RESOLVE_NOT_READY exit=1 result=skip
[2026-04-29T13:46:40Z] issue=1115 category=RESOLVE_NOT_READY exit=1 result=skip
[2026-04-29T13:46:50Z] issue=1128 category=RESOLVE_NOT_READY exit=1 result=skip
[2026-04-29T13:46:50Z] issue=1115 category=RESOLVE_NOT_READY exit=1 result=skip
[2026-04-29T13:47:01Z] issue=1128 category=RESOLVE_NOT_READY exit=1 result=skip
[2026-04-29T13:47:01Z] issue=1115 category=RESOLVE_NOT_READY exit=1 result=skip
[2026-04-29T13:47:12Z] issue=1128 category=RESOLVE_NOT_READY exit=1 result=skip
[2026-04-29T13:47:12Z] issue=1115 category=RESOLVE_NOT_READY exit=1 result=skip
[2026-04-29T13:47:22Z] issue=1128 category=RESOLVE_NOT_READY exit=1 result=skip
[2026-04-29T13:47:23Z] issue=1115 category=RESOLVE_NOT_READY exit=1 result=skip
[2026-04-29T13:47:33Z] issue=1128 category=RESOLVE_NOT_READY exit=1 result=skip
[2026-04-29T13:47:33Z] issue=1115 category=RESOLVE_NOT_READY exit=1 result=skip
[2026-04-29T13:47:44Z] issue=1128 category=RESOLVE_NOT_READY exit=1 result=skip
[2026-04-29T13:47:44Z] issue=1115 category=RESOLVE_NOT_READY exit=1 result=skip
[2026-04-29T13:47:55Z] issue=1128 category=RESOLVE_NOT_READY exit=1 result=skip
[2026-04-29T13:47:55Z] issue=1115 category=RESOLVE_NOT_READY exit=1 result=skip
[2026-04-29T13:48:06Z] issue=1128 category=RESOLVE_NOT_READY exit=1 result=skip
[2026-04-29T13:48:06Z] issue=1115 category=RESOLVE_NOT_READY exit=1 result=skip
[2026-04-29T13:48:16Z] issue=1128 category=RESOLVE_NOT_READY exit=1 result=skip
[2026-04-29T13:48:17Z] issue=1115 category=RESOLVE_NOT_READY exit=1 result=skip
[2026-04-29T13:48:27Z] issue=1128 category=RESOLVE_NOT_READY exit=1 result=skip
[2026-04-29T13:48:27Z] issue=1115 category=RESOLVE_NOT_READY exit=1 result=skip
[2026-04-29T13:48:38Z] issue=1128 category=RESOLVE_NOT_READY exit=1 result=skip
[2026-04-29T13:48:38Z] issue=1115 category=RESOLVE_NOT_READY exit=1 result=skip
[2026-04-29T13:48:48Z] issue=1128 category=RESOLVE_NOT_READY exit=1 result=skip
[2026-04-29T13:48:49Z] issue=1115 category=RESOLVE_NOT_READY exit=1 result=skip
[2026-04-29T13:48:59Z] issue=1128 category=RESOLVE_NOT_READY exit=1 result=skip
[2026-04-29T13:48:59Z] issue=1115 category=RESOLVE_NOT_READY exit=1 result=skip
[2026-04-29T13:49:10Z] issue=1128 category=RESOLVE_NOT_READY exit=1 result=skip
[2026-04-29T13:49:10Z] issue=1115 category=RESOLVE_NOT_READY exit=1 result=skip
[2026-04-29T13:49:21Z] issue=1128 category=RESOLVE_NOT_READY exit=1 result=skip
[2026-04-29T13:49:21Z] issue=1115 category=RESOLVE_NOT_READY exit=1 result=skip
[2026-04-29T13:49:31Z] issue=1128 category=RESOLVE_NOT_READY exit=1 result=skip
[2026-04-29T13:49:31Z] issue=1115 category=RESOLVE_NOT_READY exit=1 result=skip
[2026-04-29T13:49:42Z] issue=1128 category=RESOLVE_NOT_READY exit=1 result=skip
[2026-04-29T13:49:42Z] issue=1115 category=RESOLVE_NOT_READY exit=1 result=skip
[2026-04-29T13:49:53Z] issue=1128 category=RESOLVE_NOT_READY exit=1 result=skip
[2026-04-29T13:49:53Z] issue=1115 category=RESOLVE_NOT_READY exit=1 result=skip
[2026-04-29T13:50:03Z] issue=1128 category=RESOLVE_NOT_READY exit=1 result=skip
[2026-04-29T13:50:04Z] issue=1115 category=RESOLVE_NOT_READY exit=1 result=skip
[2026-04-29T13:50:14Z] issue=1128 category=RESOLVE_NOT_READY exit=1 result=skip
[2026-04-29T13:50:14Z] issue=1115 category=RESOLVE_NOT_READY exit=1 result=skip
[2026-04-29T13:50:25Z] issue=1128 category=RESOLVE_NOT_READY exit=1 result=skip
[2026-04-29T13:50:25Z] issue=1115 category=RESOLVE_NOT_READY exit=1 result=skip
[2026-04-29T13:50:35Z] issue=1128 category=RESOLVE_NOT_READY exit=1 result=skip
[2026-04-29T13:50:36Z] issue=1115 category=RESOLVE_NOT_READY exit=1 result=skip
[2026-04-29T13:50:46Z] issue=1128 category=RESOLVE_NOT_READY exit=1 result=skip
[2026-04-29T13:50:46Z] issue=1115 category=RESOLVE_NOT_READY exit=1 result=skip
[2026-04-29T13:50:57Z] issue=1128 category=RESOLVE_NOT_READY exit=1 result=skip
[2026-04-29T13:50:57Z] issue=1115 category=RESOLVE_NOT_READY exit=1 result=skip
[2026-04-29T13:51:07Z] issue=1128 category=RESOLVE_NOT_READY exit=1 result=skip
[2026-04-29T13:51:08Z] issue=1115 category=RESOLVE_NOT_READY exit=1 result=skip
[2026-04-29T13:51:18Z] issue=1128 category=INJECT_SUCCESS skill=/twl:workflow-pr-verify result=success status=running current_step=check pr= branch=
[2026-04-29T13:51:19Z] issue=1115 category=RESOLVE_NOT_READY exit=1 result=skip
[2026-04-29T13:51:29Z] issue=1115 category=RESOLVE_NOT_READY exit=1 result=skip
[2026-04-29T13:51:40Z] issue=1115 category=RESOLVE_NOT_READY exit=1 result=skip
[2026-04-29T13:51:50Z] issue=1115 category=RESOLVE_NOT_READY exit=1 result=skip
[2026-04-29T13:52:01Z] issue=1115 category=RESOLVE_NOT_READY exit=1 result=skip
[2026-04-29T13:52:12Z] issue=1128 category=RESOLVE_NOT_READY exit=1 result=skip
[2026-04-29T13:52:12Z] issue=1115 category=RESOLVE_NOT_READY exit=1 result=skip
[2026-04-29T13:52:22Z] issue=1128 category=RESOLVE_NOT_READY exit=1 result=skip
[2026-04-29T13:52:22Z] issue=1115 category=RESOLVE_NOT_READY exit=1 result=skip
[2026-04-29T13:52:33Z] issue=1128 category=RESOLVE_NOT_READY exit=1 result=skip
[2026-04-29T13:52:33Z] issue=1115 category=RESOLVE_NOT_READY exit=1 result=skip
[2026-04-29T13:52:44Z] issue=1128 category=RESOLVE_NOT_READY exit=1 result=skip
[2026-04-29T13:52:44Z] issue=1115 category=RESOLVE_NOT_READY exit=1 result=skip
[2026-04-29T13:52:54Z] issue=1128 category=RESOLVE_NOT_READY exit=1 result=skip
[2026-04-29T13:52:55Z] issue=1115 category=RESOLVE_NOT_READY exit=1 result=skip
[2026-04-29T13:53:05Z] issue=1128 category=RESOLVE_NOT_READY exit=1 result=skip
[2026-04-29T13:53:05Z] issue=1115 category=RESOLVE_NOT_READY exit=1 result=skip
[2026-04-29T13:53:16Z] issue=1128 category=RESOLVE_NOT_READY exit=1 result=skip
[2026-04-29T13:53:16Z] issue=1115 category=RESOLVE_NOT_READY exit=1 result=skip
[2026-04-29T13:53:26Z] issue=1128 category=RESOLVE_NOT_READY exit=1 result=skip
[2026-04-29T13:53:27Z] issue=1115 category=RESOLVE_NOT_READY exit=1 result=skip
[2026-04-29T13:53:37Z] issue=1128 category=RESOLVE_NOT_READY exit=1 result=skip
[2026-04-29T13:53:37Z] issue=1115 category=RESOLVE_NOT_READY exit=1 result=skip
[2026-04-29T13:53:48Z] issue=1128 category=RESOLVE_NOT_READY exit=1 result=skip
[2026-04-29T13:53:48Z] issue=1115 category=RESOLVE_NOT_READY exit=1 result=skip
[2026-04-29T13:53:59Z] issue=1128 category=RESOLVE_NOT_READY exit=1 result=skip
[2026-04-29T13:53:59Z] issue=1115 category=RESOLVE_NOT_READY exit=1 result=skip
[2026-04-29T13:54:09Z] issue=1128 category=RESOLVE_NOT_READY exit=1 result=skip
[2026-04-29T13:54:10Z] issue=1115 category=RESOLVE_NOT_READY exit=1 result=skip
[2026-04-29T13:54:20Z] issue=1128 category=RESOLVE_NOT_READY exit=1 result=skip
[2026-04-29T13:54:20Z] issue=1115 category=RESOLVE_NOT_READY exit=1 result=skip
[2026-04-29T13:54:31Z] issue=1128 category=RESOLVE_NOT_READY exit=1 result=skip
[2026-04-29T13:54:31Z] issue=1115 category=RESOLVE_NOT_READY exit=1 result=skip
[2026-04-29T13:54:41Z] issue=1128 category=RESOLVE_NOT_READY exit=1 result=skip
[2026-04-29T13:54:42Z] issue=1115 category=RESOLVE_NOT_READY exit=1 result=skip
[2026-04-29T13:54:52Z] issue=1128 category=RESOLVE_NOT_READY exit=1 result=skip
[2026-04-29T13:54:52Z] issue=1115 category=RESOLVE_NOT_READY exit=1 result=skip
[2026-04-29T13:55:03Z] issue=1128 category=RESOLVE_NOT_READY exit=1 result=skip
[2026-04-29T13:55:03Z] issue=1115 category=RESOLVE_NOT_READY exit=1 result=skip
[2026-04-29T13:55:13Z] issue=1128 category=RESOLVE_NOT_READY exit=1 result=skip
[2026-04-29T13:55:14Z] issue=1115 category=RESOLVE_NOT_READY exit=1 result=skip
[2026-04-29T13:55:24Z] issue=1128 category=RESOLVE_NOT_READY exit=1 result=skip
[2026-04-29T13:55:25Z] issue=1115 category=INJECT_SUCCESS skill=/twl:workflow-pr-verify result=success status=running current_step=check pr= branch=
[2026-04-29T13:55:35Z] issue=1128 category=RESOLVE_NOT_READY exit=1 result=skip
[2026-04-29T13:55:46Z] issue=1128 category=RESOLVE_NOT_READY exit=1 result=skip
[2026-04-29T13:55:56Z] issue=1128 category=RESOLVE_NOT_READY exit=1 result=skip
[2026-04-29T13:56:07Z] issue=1128 category=RESOLVE_NOT_READY exit=1 result=skip
[2026-04-29T13:56:18Z] issue=1128 category=RESOLVE_NOT_READY exit=1 result=skip
[2026-04-29T13:56:28Z] issue=1128 category=RESOLVE_NOT_READY exit=1 result=skip
[2026-04-29T13:56:39Z] issue=1128 category=INJECT_SUCCESS skill=/twl:workflow-pr-fix result=success status=running current_step=ac-verify pr= branch=
[2026-04-29T14:12:29Z] issue=1115 category=RESOLVE_NOT_READY exit=1 result=skip
[2026-04-29T14:12:39Z] issue=1115 category=RESOLVE_NOT_READY exit=1 result=skip
[2026-04-29T14:12:50Z] issue=1115 category=RESOLVE_NOT_READY exit=1 result=skip
[2026-04-29T14:13:01Z] issue=1115 category=RESOLVE_NOT_READY exit=1 result=skip
[2026-04-29T14:13:11Z] issue=1115 category=RESOLVE_NOT_READY exit=1 result=skip
[2026-04-29T14:13:22Z] issue=1115 category=RESOLVE_NOT_READY exit=1 result=skip
[2026-04-29T14:13:32Z] issue=1115 category=RESOLVE_NOT_READY exit=1 result=skip
[2026-04-29T14:13:43Z] issue=1115 category=RESOLVE_NOT_READY exit=1 result=skip
[2026-04-29T14:13:53Z] issue=1128 category=RESOLVE_NOT_READY exit=1 result=skip
[2026-04-29T14:13:54Z] issue=1115 category=RESOLVE_NOT_READY exit=1 result=skip
[2026-04-29T14:14:04Z] issue=1128 category=RESOLVE_NOT_READY exit=1 result=skip
[2026-04-29T14:14:04Z] issue=1115 category=RESOLVE_NOT_READY exit=1 result=skip
[2026-04-29T14:14:15Z] issue=1128 category=RESOLVE_NOT_READY exit=1 result=skip
[2026-04-29T14:14:15Z] issue=1115 category=RESOLVE_NOT_READY exit=1 result=skip
[2026-04-29T14:14:25Z] issue=1128 category=RESOLVE_NOT_READY exit=1 result=skip
[2026-04-29T14:14:26Z] issue=1115 category=RESOLVE_NOT_READY exit=1 result=skip
[2026-04-29T14:14:36Z] issue=1128 category=RESOLVE_NOT_READY exit=1 result=skip
[2026-04-29T14:14:36Z] issue=1115 category=RESOLVE_NOT_READY exit=1 result=skip
[2026-04-29T14:14:47Z] issue=1128 category=RESOLVE_NOT_READY exit=1 result=skip
[2026-04-29T14:14:47Z] issue=1115 category=RESOLVE_NOT_READY exit=1 result=skip
[2026-04-29T14:14:57Z] issue=1128 category=RESOLVE_NOT_READY exit=1 result=skip
[2026-04-29T14:14:58Z] issue=1115 category=RESOLVE_NOT_READY exit=1 result=skip
[2026-04-29T14:15:08Z] issue=1128 category=RESOLVE_NOT_READY exit=1 result=skip
[2026-04-29T14:15:08Z] issue=1115 category=RESOLVE_NOT_READY exit=1 result=skip
[2026-04-29T14:15:19Z] issue=1128 category=RESOLVE_NOT_READY exit=1 result=skip
[2026-04-29T14:15:19Z] issue=1115 category=RESOLVE_NOT_READY exit=1 result=skip
[2026-04-29T14:15:29Z] issue=1128 category=RESOLVE_NOT_READY exit=1 result=skip
[2026-04-29T14:15:30Z] issue=1115 category=RESOLVE_NOT_READY exit=1 result=skip
[2026-04-29T14:15:40Z] issue=1128 category=RESOLVE_NOT_READY exit=1 result=skip
[2026-04-29T14:15:40Z] issue=1115 category=RESOLVE_NOT_READY exit=1 result=skip
[2026-04-29T14:15:51Z] issue=1128 category=RESOLVE_NOT_READY exit=1 result=skip
[2026-04-29T14:15:51Z] issue=1115 category=RESOLVE_NOT_READY exit=1 result=skip
[2026-04-29T14:16:01Z] issue=1128 category=RESOLVE_NOT_READY exit=1 result=skip
[2026-04-29T14:16:01Z] issue=1115 category=RESOLVE_NOT_READY exit=1 result=skip
[2026-04-29T14:16:12Z] issue=1128 category=RESOLVE_NOT_READY exit=1 result=skip
[2026-04-29T14:16:12Z] issue=1115 category=RESOLVE_NOT_READY exit=1 result=skip
[2026-04-29T14:16:23Z] issue=1128 category=RESOLVE_NOT_READY exit=1 result=skip
[2026-04-29T14:16:23Z] issue=1115 category=RESOLVE_NOT_READY exit=1 result=skip
[2026-04-29T14:16:33Z] issue=1128 category=RESOLVE_NOT_READY exit=1 result=skip
[2026-04-29T14:16:33Z] issue=1115 category=RESOLVE_NOT_READY exit=1 result=skip
[2026-04-29T14:16:44Z] issue=1128 category=RESOLVE_NOT_READY exit=1 result=skip
[2026-04-29T14:16:44Z] issue=1115 category=RESOLVE_NOT_READY exit=1 result=skip
[2026-04-29T14:16:55Z] issue=1128 category=RESOLVE_NOT_READY exit=1 result=skip
[2026-04-29T14:16:55Z] issue=1115 category=RESOLVE_NOT_READY exit=1 result=skip
[2026-04-29T14:17:05Z] issue=1128 category=RESOLVE_NOT_READY exit=1 result=skip
[2026-04-29T14:17:05Z] issue=1115 category=RESOLVE_NOT_READY exit=1 result=skip
[2026-04-29T14:17:16Z] issue=1128 category=RESOLVE_NOT_READY exit=1 result=skip
[2026-04-29T14:17:16Z] issue=1115 category=RESOLVE_NOT_READY exit=1 result=skip
[2026-04-29T14:17:27Z] issue=1128 category=RESOLVE_NOT_READY exit=1 result=skip
[2026-04-29T14:17:27Z] issue=1115 category=RESOLVE_NOT_READY exit=1 result=skip
[2026-04-29T14:17:37Z] issue=1128 category=RESOLVE_NOT_READY exit=1 result=skip
[2026-04-29T14:17:37Z] issue=1115 category=RESOLVE_NOT_READY exit=1 result=skip
[2026-04-29T14:17:48Z] issue=1128 category=RESOLVE_NOT_READY exit=1 result=skip
[2026-04-29T14:17:48Z] issue=1115 category=RESOLVE_NOT_READY exit=1 result=skip
[2026-04-29T14:17:58Z] issue=1128 category=RESOLVE_NOT_READY exit=1 result=skip
[2026-04-29T14:17:59Z] issue=1115 category=RESOLVE_NOT_READY exit=1 result=skip
[2026-04-29T14:18:09Z] issue=1128 category=RESOLVE_NOT_READY exit=1 result=skip
[2026-04-29T14:18:09Z] issue=1115 category=RESOLVE_NOT_READY exit=1 result=skip
[2026-04-29T14:18:20Z] issue=1128 category=RESOLVE_NOT_READY exit=1 result=skip
[2026-04-29T14:18:20Z] issue=1115 category=RESOLVE_NOT_READY exit=1 result=skip
[2026-04-29T14:18:30Z] issue=1128 category=RESOLVE_NOT_READY exit=1 result=skip
[2026-04-29T14:18:31Z] issue=1115 category=RESOLVE_NOT_READY exit=1 result=skip
[2026-04-29T14:18:41Z] issue=1128 category=RESOLVE_NOT_READY exit=1 result=skip
[2026-04-29T14:18:41Z] issue=1115 category=RESOLVE_NOT_READY exit=1 result=skip
[2026-04-29T14:18:52Z] issue=1128 category=RESOLVE_NOT_READY exit=1 result=skip
[2026-04-29T14:18:52Z] issue=1115 category=RESOLVE_NOT_READY exit=1 result=skip
[2026-04-29T14:19:02Z] issue=1128 category=RESOLVE_NOT_READY exit=1 result=skip
[2026-04-29T14:19:03Z] issue=1115 category=RESOLVE_NOT_READY exit=1 result=skip
[2026-04-29T14:19:13Z] issue=1128 category=RESOLVE_NOT_READY exit=1 result=skip
[2026-04-29T14:19:13Z] issue=1115 category=RESOLVE_NOT_READY exit=1 result=skip
[2026-04-29T14:19:24Z] issue=1128 category=RESOLVE_NOT_READY exit=1 result=skip
[2026-04-29T14:19:24Z] issue=1115 category=RESOLVE_NOT_READY exit=1 result=skip
[2026-04-29T14:19:34Z] issue=1128 category=RESOLVE_NOT_READY exit=1 result=skip
[2026-04-29T14:19:34Z] issue=1115 category=RESOLVE_NOT_READY exit=1 result=skip
[2026-04-29T14:19:45Z] issue=1128 category=RESOLVE_NOT_READY exit=1 result=skip
[2026-04-29T14:19:45Z] issue=1115 category=RESOLVE_NOT_READY exit=1 result=skip
[2026-04-29T14:19:56Z] issue=1128 category=RESOLVE_NOT_READY exit=1 result=skip
[2026-04-29T14:19:56Z] issue=1115 category=RESOLVE_NOT_READY exit=1 result=skip
[2026-04-29T14:20:06Z] issue=1128 category=RESOLVE_NOT_READY exit=1 result=skip
[2026-04-29T14:20:06Z] issue=1115 category=RESOLVE_NOT_READY exit=1 result=skip
[2026-04-29T14:20:17Z] issue=1128 category=RESOLVE_NOT_READY exit=1 result=skip
[2026-04-29T14:20:17Z] issue=1115 category=INJECT_SUCCESS skill=/twl:workflow-pr-fix result=success status=running current_step=ac-verify pr= branch=
[2026-04-29T14:20:28Z] issue=1128 category=RESOLVE_NOT_READY exit=1 result=skip
[2026-04-29T14:20:38Z] issue=1128 category=RESOLVE_NOT_READY exit=1 result=skip
[2026-04-29T14:20:49Z] issue=1128 category=RESOLVE_NOT_READY exit=1 result=skip
[2026-04-29T14:20:59Z] issue=1128 category=RESOLVE_NOT_READY exit=1 result=skip
[2026-04-29T14:21:10Z] issue=1128 category=RESOLVE_NOT_READY exit=1 result=skip
[2026-04-29T14:21:21Z] issue=1128 category=RESOLVE_NOT_READY exit=1 result=skip
[2026-04-29T14:21:31Z] issue=1128 category=RESOLVE_NOT_READY exit=1 result=skip
[2026-04-29T14:21:42Z] issue=1128 category=RESOLVE_NOT_READY exit=1 result=skip
[2026-04-29T14:21:53Z] issue=1128 category=RESOLVE_NOT_READY exit=1 result=skip
[2026-04-29T14:22:03Z] issue=1128 category=RESOLVE_NOT_READY exit=1 result=skip
[2026-04-29T14:22:14Z] issue=1128 category=RESOLVE_NOT_READY exit=1 result=skip
[2026-04-29T14:22:14Z] issue=1115 category=INJECT_PR_MERGE_DEBUG skill=/twl:workflow-pr-merge status=running result=debug reason="status not merge-ready, AC-4 expected behavior"
[2026-04-29T14:22:14Z] issue=1115 category=INJECT_SUCCESS skill=/twl:workflow-pr-merge result=success status=running current_step=warning-fix pr= branch=
[2026-04-29T14:22:25Z] issue=1128 category=RESOLVE_NOT_READY exit=1 result=skip
[2026-04-29T14:22:35Z] issue=1128 category=RESOLVE_NOT_READY exit=1 result=skip
[2026-04-29T14:22:46Z] issue=1128 category=RESOLVE_NOT_READY exit=1 result=skip
[2026-04-29T14:22:56Z] issue=1128 category=RESOLVE_NOT_READY exit=1 result=skip
[2026-04-29T14:23:07Z] issue=1128 category=RESOLVE_NOT_READY exit=1 result=skip
[2026-04-29T14:23:17Z] issue=1128 category=RESOLVE_NOT_READY exit=1 result=skip
[2026-04-29T14:23:28Z] issue=1128 category=RESOLVE_NOT_READY exit=1 result=skip
[2026-04-29T14:23:39Z] issue=1128 category=RESOLVE_NOT_READY exit=1 result=skip
[2026-04-29T14:23:49Z] issue=1128 category=RESOLVE_NOT_READY exit=1 result=skip
[2026-04-29T14:24:00Z] issue=1128 category=RESOLVE_NOT_READY exit=1 result=skip
[2026-04-29T14:24:00Z] issue=1128 skill=RESOLVE_FAILED result=stagnate elapsed=607s count=58
[2026-04-29T14:24:10Z] issue=1128 category=RESOLVE_NOT_READY exit=1 result=skip
[2026-04-29T14:24:10Z] issue=1128 skill=RESOLVE_FAILED result=stagnate elapsed=617s count=59
[2026-04-29T14:24:21Z] issue=1128 category=RESOLVE_NOT_READY exit=1 result=skip
[2026-04-29T14:24:21Z] issue=1128 skill=RESOLVE_FAILED result=stagnate elapsed=628s count=60
[2026-04-29T14:24:32Z] issue=1128 category=RESOLVE_NOT_READY exit=1 result=skip
[2026-04-29T14:24:32Z] issue=1128 skill=RESOLVE_FAILED result=stagnate elapsed=639s count=61
[2026-04-29T14:24:42Z] issue=1128 category=RESOLVE_NOT_READY exit=1 result=skip
[2026-04-29T14:24:42Z] issue=1128 skill=RESOLVE_FAILED result=stagnate elapsed=649s count=62
[2026-04-29T14:24:53Z] issue=1128 category=RESOLVE_NOT_READY exit=1 result=skip
[2026-04-29T14:24:53Z] issue=1128 skill=RESOLVE_FAILED result=stagnate elapsed=660s count=63
[2026-04-29T14:25:03Z] issue=1128 category=RESOLVE_NOT_READY exit=1 result=skip
[2026-04-29T14:25:03Z] issue=1128 skill=RESOLVE_FAILED result=stagnate elapsed=670s count=64
[2026-04-29T14:25:14Z] issue=1128 category=RESOLVE_NOT_READY exit=1 result=skip
[2026-04-29T14:25:14Z] issue=1128 skill=RESOLVE_FAILED result=stagnate elapsed=681s count=65
[2026-04-29T14:25:25Z] issue=1128 category=RESOLVE_NOT_READY exit=1 result=skip
[2026-04-29T14:25:25Z] issue=1128 skill=RESOLVE_FAILED result=stagnate elapsed=692s count=66
[2026-04-29T14:25:35Z] issue=1128 category=RESOLVE_NOT_READY exit=1 result=skip
[2026-04-29T14:25:35Z] issue=1128 skill=RESOLVE_FAILED result=stagnate elapsed=702s count=67
[2026-04-29T14:25:46Z] issue=1128 category=RESOLVE_NOT_READY exit=1 result=skip
[2026-04-29T14:25:46Z] issue=1128 skill=RESOLVE_FAILED result=stagnate elapsed=713s count=68
[2026-04-29T14:25:56Z] issue=1128 category=RESOLVE_NOT_READY exit=1 result=skip
[2026-04-29T14:25:56Z] issue=1128 skill=RESOLVE_FAILED result=stagnate elapsed=723s count=69
[2026-04-29T14:26:07Z] issue=1128 category=RESOLVE_NOT_READY exit=1 result=skip
[2026-04-29T14:26:07Z] issue=1128 skill=RESOLVE_FAILED result=stagnate elapsed=734s count=70
[2026-04-29T14:26:07Z] issue=1115 category=RESOLVE_NOT_READY exit=1 result=skip
[2026-04-29T14:26:18Z] issue=1128 category=RESOLVE_NOT_READY exit=1 result=skip
[2026-04-29T14:26:18Z] issue=1128 skill=RESOLVE_FAILED result=stagnate elapsed=745s count=71
[2026-04-29T14:26:18Z] issue=1115 category=RESOLVE_NOT_READY exit=1 result=skip
[2026-04-29T14:26:28Z] issue=1128 category=RESOLVE_NOT_READY exit=1 result=skip
[2026-04-29T14:26:28Z] issue=1128 skill=RESOLVE_FAILED result=stagnate elapsed=755s count=72
[2026-04-29T14:26:28Z] issue=1115 category=RESOLVE_NOT_READY exit=1 result=skip
[2026-04-29T14:26:39Z] issue=1128 category=RESOLVE_NOT_READY exit=1 result=skip
[2026-04-29T14:26:39Z] issue=1128 skill=RESOLVE_FAILED result=stagnate elapsed=766s count=73
[2026-04-29T14:26:39Z] issue=1115 category=RESOLVE_NOT_READY exit=1 result=skip
[2026-04-29T14:26:49Z] issue=1128 category=RESOLVE_NOT_READY exit=1 result=skip
[2026-04-29T14:26:49Z] issue=1128 skill=RESOLVE_FAILED result=stagnate elapsed=777s count=74
[2026-04-29T14:26:50Z] issue=1115 category=RESOLVE_NOT_READY exit=1 result=skip
[2026-04-29T14:27:00Z] issue=1128 category=RESOLVE_NOT_READY exit=1 result=skip
[2026-04-29T14:27:00Z] issue=1128 skill=RESOLVE_FAILED result=stagnate elapsed=787s count=75
[2026-04-29T14:27:00Z] issue=1115 category=RESOLVE_NOT_READY exit=1 result=skip
[2026-04-29T14:27:11Z] issue=1128 category=RESOLVE_NOT_READY exit=1 result=skip
[2026-04-29T14:27:11Z] issue=1128 skill=RESOLVE_FAILED result=stagnate elapsed=798s count=76
[2026-04-29T14:27:11Z] issue=1115 category=RESOLVE_NOT_READY exit=1 result=skip
[2026-04-29T14:27:21Z] issue=1128 category=RESOLVE_NOT_READY exit=1 result=skip
[2026-04-29T14:27:21Z] issue=1128 skill=RESOLVE_FAILED result=stagnate elapsed=808s count=77
[2026-04-29T14:27:32Z] issue=1128 category=RESOLVE_NOT_READY exit=1 result=skip
[2026-04-29T14:27:32Z] issue=1128 skill=RESOLVE_FAILED result=stagnate elapsed=819s count=78
[2026-04-29T14:27:42Z] issue=1128 category=RESOLVE_NOT_READY exit=1 result=skip
[2026-04-29T14:27:42Z] issue=1128 skill=RESOLVE_FAILED result=stagnate elapsed=829s count=79
[2026-04-29T14:27:53Z] issue=1128 category=RESOLVE_NOT_READY exit=1 result=skip
[2026-04-29T14:27:53Z] issue=1128 skill=RESOLVE_FAILED result=stagnate elapsed=840s count=80
[2026-04-29T14:28:03Z] issue=1128 category=RESOLVE_NOT_READY exit=1 result=skip
[2026-04-29T14:28:03Z] issue=1128 skill=RESOLVE_FAILED result=stagnate elapsed=850s count=81
[2026-04-29T14:28:14Z] issue=1128 category=RESOLVE_NOT_READY exit=1 result=skip
[2026-04-29T14:28:14Z] issue=1128 skill=RESOLVE_FAILED result=stagnate elapsed=861s count=82
[2026-04-29T14:28:24Z] issue=1128 category=RESOLVE_NOT_READY exit=1 result=skip
[2026-04-29T14:28:24Z] issue=1128 skill=RESOLVE_FAILED result=stagnate elapsed=871s count=83
[2026-04-29T14:28:35Z] issue=1128 category=RESOLVE_NOT_READY exit=1 result=skip
[2026-04-29T14:28:35Z] issue=1128 skill=RESOLVE_FAILED result=stagnate elapsed=882s count=84
[2026-04-29T14:28:45Z] issue=1128 category=RESOLVE_NOT_READY exit=1 result=skip
[2026-04-29T14:28:45Z] issue=1128 skill=RESOLVE_FAILED result=stagnate elapsed=892s count=85
[2026-04-29T14:28:56Z] issue=1128 category=RESOLVE_NOT_READY exit=1 result=skip
[2026-04-29T14:28:56Z] issue=1128 skill=RESOLVE_FAILED result=stagnate elapsed=903s count=86
[2026-04-29T14:29:06Z] issue=1128 category=RESOLVE_NOT_READY exit=1 result=skip
[2026-04-29T14:29:06Z] issue=1128 skill=RESOLVE_FAILED result=stagnate elapsed=913s count=87
[2026-04-29T14:29:17Z] issue=1128 category=RESOLVE_NOT_READY exit=1 result=skip
[2026-04-29T14:29:17Z] issue=1128 skill=RESOLVE_FAILED result=stagnate elapsed=924s count=88
[2026-04-29T14:29:27Z] issue=1128 category=RESOLVE_NOT_READY exit=1 result=skip
[2026-04-29T14:29:27Z] issue=1128 skill=RESOLVE_FAILED result=stagnate elapsed=934s count=89
[2026-04-29T14:29:38Z] issue=1128 category=RESOLVE_NOT_READY exit=1 result=skip
[2026-04-29T14:29:38Z] issue=1128 skill=RESOLVE_FAILED result=stagnate elapsed=945s count=90
[2026-04-29T14:29:48Z] issue=1128 category=RESOLVE_NOT_READY exit=1 result=skip
[2026-04-29T14:29:48Z] issue=1128 skill=RESOLVE_FAILED result=stagnate elapsed=955s count=91
[2026-04-29T14:29:59Z] issue=1128 category=RESOLVE_NOT_READY exit=1 result=skip
[2026-04-29T14:29:59Z] issue=1128 skill=RESOLVE_FAILED result=stagnate elapsed=966s count=92
[2026-04-29T14:30:09Z] issue=1128 category=RESOLVE_NOT_READY exit=1 result=skip
[2026-04-29T14:30:09Z] issue=1128 skill=RESOLVE_FAILED result=stagnate elapsed=976s count=93
[2026-04-29T14:30:20Z] issue=1128 category=RESOLVE_NOT_READY exit=1 result=skip
[2026-04-29T14:30:20Z] issue=1128 skill=RESOLVE_FAILED result=stagnate elapsed=987s count=94
[2026-04-29T14:30:30Z] issue=1128 category=RESOLVE_NOT_READY exit=1 result=skip
[2026-04-29T14:30:30Z] issue=1128 skill=RESOLVE_FAILED result=stagnate elapsed=997s count=95
[2026-04-29T14:30:41Z] issue=1128 category=RESOLVE_NOT_READY exit=1 result=skip
[2026-04-29T14:30:41Z] issue=1128 skill=RESOLVE_FAILED result=stagnate elapsed=1008s count=96
[2026-04-29T14:30:51Z] issue=1128 category=RESOLVE_NOT_READY exit=1 result=skip
[2026-04-29T14:30:51Z] issue=1128 skill=RESOLVE_FAILED result=stagnate elapsed=1018s count=97
[2026-04-29T14:31:02Z] issue=1128 category=RESOLVE_NOT_READY exit=1 result=skip
[2026-04-29T14:31:02Z] issue=1128 skill=RESOLVE_FAILED result=stagnate elapsed=1029s count=98
[2026-04-29T14:31:12Z] issue=1128 category=RESOLVE_NOT_READY exit=1 result=skip
[2026-04-29T14:31:12Z] issue=1128 skill=RESOLVE_FAILED result=stagnate elapsed=1039s count=99
[2026-04-29T14:31:22Z] issue=1128 category=RESOLVE_NOT_READY exit=1 result=skip
[2026-04-29T14:31:22Z] issue=1128 skill=RESOLVE_FAILED result=stagnate elapsed=1050s count=100
[2026-04-29T14:31:33Z] issue=1128 category=RESOLVE_NOT_READY exit=1 result=skip
[2026-04-29T14:31:33Z] issue=1128 skill=RESOLVE_FAILED result=stagnate elapsed=1060s count=101
[2026-04-29T14:31:43Z] issue=1128 category=RESOLVE_NOT_READY exit=1 result=skip
[2026-04-29T14:31:43Z] issue=1128 skill=RESOLVE_FAILED result=stagnate elapsed=1070s count=102
[2026-04-29T14:31:54Z] issue=1128 category=RESOLVE_NOT_READY exit=1 result=skip
[2026-04-29T14:31:54Z] issue=1128 skill=RESOLVE_FAILED result=stagnate elapsed=1081s count=103
[2026-04-29T14:32:04Z] issue=1128 category=RESOLVE_NOT_READY exit=1 result=skip
[2026-04-29T14:32:04Z] issue=1128 skill=RESOLVE_FAILED result=stagnate elapsed=1091s count=104
[2026-04-29T14:32:15Z] issue=1128 category=RESOLVE_NOT_READY exit=1 result=skip
[2026-04-29T14:32:15Z] issue=1128 skill=RESOLVE_FAILED result=stagnate elapsed=1102s count=105
[2026-04-29T14:32:25Z] issue=1128 category=RESOLVE_NOT_READY exit=1 result=skip
[2026-04-29T14:32:25Z] issue=1128 skill=RESOLVE_FAILED result=stagnate elapsed=1112s count=106
[2026-04-29T14:32:36Z] issue=1128 category=RESOLVE_NOT_READY exit=1 result=skip
[2026-04-29T14:32:36Z] issue=1128 skill=RESOLVE_FAILED result=stagnate elapsed=1123s count=107
[2026-04-29T14:32:46Z] issue=1128 category=RESOLVE_NOT_READY exit=1 result=skip
[2026-04-29T14:32:46Z] issue=1128 skill=RESOLVE_FAILED result=stagnate elapsed=1133s count=108
[2026-04-29T14:32:57Z] issue=1128 category=RESOLVE_NOT_READY exit=1 result=skip
[2026-04-29T14:32:57Z] issue=1128 skill=RESOLVE_FAILED result=stagnate elapsed=1144s count=109
[2026-04-29T14:33:07Z] issue=1128 category=RESOLVE_NOT_READY exit=1 result=skip
[2026-04-29T14:33:07Z] issue=1128 skill=RESOLVE_FAILED result=stagnate elapsed=1154s count=110
[2026-04-29T14:33:18Z] issue=1128 category=RESOLVE_NOT_READY exit=1 result=skip
[2026-04-29T14:33:18Z] issue=1128 skill=RESOLVE_FAILED result=stagnate elapsed=1165s count=111
[2026-04-29T14:33:28Z] issue=1128 category=RESOLVE_NOT_READY exit=1 result=skip
[2026-04-29T14:33:28Z] issue=1128 skill=RESOLVE_FAILED result=stagnate elapsed=1175s count=112
[2026-04-29T14:33:39Z] issue=1128 category=RESOLVE_NOT_READY exit=1 result=skip
[2026-04-29T14:33:39Z] issue=1128 skill=RESOLVE_FAILED result=stagnate elapsed=1186s count=113
[2026-04-29T14:33:49Z] issue=1128 category=RESOLVE_NOT_READY exit=1 result=skip
[2026-04-29T14:33:49Z] issue=1128 skill=RESOLVE_FAILED result=stagnate elapsed=1196s count=114
[2026-04-29T14:34:00Z] issue=1128 category=RESOLVE_NOT_READY exit=1 result=skip
[2026-04-29T14:34:00Z] issue=1128 skill=RESOLVE_FAILED result=stagnate elapsed=1207s count=115
[2026-04-29T14:34:10Z] issue=1128 category=RESOLVE_NOT_READY exit=1 result=skip
[2026-04-29T14:34:10Z] issue=1128 skill=RESOLVE_FAILED result=stagnate elapsed=1217s count=116
[2026-04-29T14:34:21Z] issue=1128 category=RESOLVE_NOT_READY exit=1 result=skip
[2026-04-29T14:34:21Z] issue=1128 skill=RESOLVE_FAILED result=stagnate elapsed=1228s count=117
[2026-04-29T14:34:31Z] issue=1128 category=RESOLVE_NOT_READY exit=1 result=skip
[2026-04-29T14:34:31Z] issue=1128 skill=RESOLVE_FAILED result=stagnate elapsed=1238s count=118
[2026-04-29T14:34:42Z] issue=1128 category=RESOLVE_NOT_READY exit=1 result=skip
[2026-04-29T14:34:42Z] issue=1128 skill=RESOLVE_FAILED result=stagnate elapsed=1249s count=119
[2026-04-29T14:34:52Z] issue=1128 category=RESOLVE_NOT_READY exit=1 result=skip
[2026-04-29T14:34:52Z] issue=1128 skill=RESOLVE_FAILED result=stagnate elapsed=1259s count=120
[2026-04-29T14:35:02Z] issue=1128 category=RESOLVE_NOT_READY exit=1 result=skip
[2026-04-29T14:35:02Z] issue=1128 skill=RESOLVE_FAILED result=stagnate elapsed=1270s count=121
[2026-04-29T14:35:13Z] issue=1128 category=RESOLVE_NOT_READY exit=1 result=skip
[2026-04-29T14:35:13Z] issue=1128 skill=RESOLVE_FAILED result=stagnate elapsed=1280s count=122
[2026-04-29T14:35:24Z] issue=1128 category=RESOLVE_NOT_READY exit=1 result=skip
[2026-04-29T14:35:24Z] issue=1128 skill=RESOLVE_FAILED result=stagnate elapsed=1291s count=123
[2026-04-29T14:35:34Z] issue=1128 category=RESOLVE_NOT_READY exit=1 result=skip
[2026-04-29T14:35:34Z] issue=1128 skill=RESOLVE_FAILED result=stagnate elapsed=1301s count=124
[2026-04-29T14:35:45Z] issue=1128 category=RESOLVE_NOT_READY exit=1 result=skip
[2026-04-29T14:35:45Z] issue=1128 skill=RESOLVE_FAILED result=stagnate elapsed=1312s count=125
[2026-04-29T14:35:55Z] issue=1128 category=RESOLVE_NOT_READY exit=1 result=skip
[2026-04-29T14:35:55Z] issue=1128 skill=RESOLVE_FAILED result=stagnate elapsed=1322s count=126
[2026-04-29T14:36:05Z] issue=1128 category=RESOLVE_NOT_READY exit=1 result=skip
[2026-04-29T14:36:05Z] issue=1128 skill=RESOLVE_FAILED result=stagnate elapsed=1333s count=127
[2026-04-29T14:36:16Z] issue=1128 category=RESOLVE_NOT_READY exit=1 result=skip
[2026-04-29T14:36:16Z] issue=1128 skill=RESOLVE_FAILED result=stagnate elapsed=1343s count=128
[2026-04-29T14:36:26Z] issue=1128 category=RESOLVE_NOT_READY exit=1 result=skip
[2026-04-29T14:36:26Z] issue=1128 skill=RESOLVE_FAILED result=stagnate elapsed=1353s count=129
[2026-04-29T14:36:37Z] issue=1128 category=RESOLVE_NOT_READY exit=1 result=skip
[2026-04-29T14:36:37Z] issue=1128 skill=RESOLVE_FAILED result=stagnate elapsed=1364s count=130
[2026-04-29T14:36:47Z] issue=1128 category=RESOLVE_NOT_READY exit=1 result=skip
[2026-04-29T14:36:47Z] issue=1128 skill=RESOLVE_FAILED result=stagnate elapsed=1374s count=131
[2026-04-29T14:36:58Z] issue=1128 category=RESOLVE_NOT_READY exit=1 result=skip
[2026-04-29T14:36:58Z] issue=1128 skill=RESOLVE_FAILED result=stagnate elapsed=1385s count=132
[2026-04-29T14:37:08Z] issue=1128 category=RESOLVE_NOT_READY exit=1 result=skip
[2026-04-29T14:37:08Z] issue=1128 skill=RESOLVE_FAILED result=stagnate elapsed=1395s count=133
[2026-04-29T14:37:19Z] issue=1128 category=RESOLVE_NOT_READY exit=1 result=skip
[2026-04-29T14:37:19Z] issue=1128 skill=RESOLVE_FAILED result=stagnate elapsed=1406s count=134
[2026-04-29T14:37:29Z] issue=1128 category=RESOLVE_NOT_READY exit=1 result=skip
[2026-04-29T14:37:29Z] issue=1128 skill=RESOLVE_FAILED result=stagnate elapsed=1416s count=135
[2026-04-29T14:37:40Z] issue=1128 category=RESOLVE_NOT_READY exit=1 result=skip
[2026-04-29T14:37:40Z] issue=1128 skill=RESOLVE_FAILED result=stagnate elapsed=1427s count=136
[2026-04-29T14:37:50Z] issue=1128 category=RESOLVE_NOT_READY exit=1 result=skip
[2026-04-29T14:37:50Z] issue=1128 skill=RESOLVE_FAILED result=stagnate elapsed=1437s count=137
