[2026-05-12T00:30:14Z] issue=1660 category=RESOLVE_NOT_READY exit=1 result=skip
[2026-05-12T00:30:15Z] issue=1673 category=RESOLVE_NOT_READY exit=1 result=skip
[2026-05-12T00:30:25Z] issue=1660 category=RESOLVE_NOT_READY exit=1 result=skip
[2026-05-12T00:30:26Z] issue=1673 category=RESOLVE_NOT_READY exit=1 result=skip
[2026-05-12T00:30:37Z] issue=1660 category=RESOLVE_NOT_READY exit=1 result=skip
[2026-05-12T00:30:37Z] issue=1673 category=RESOLVE_NOT_READY exit=1 result=skip
[2026-05-12T00:30:48Z] issue=1660 category=RESOLVE_NOT_READY exit=1 result=skip
[2026-05-12T00:30:48Z] issue=1673 category=RESOLVE_NOT_READY exit=1 result=skip
[2026-05-12T00:30:59Z] issue=1660 category=RESOLVE_NOT_READY exit=1 result=skip
[2026-05-12T00:30:59Z] issue=1673 category=RESOLVE_NOT_READY exit=1 result=skip
[2026-05-12T00:31:10Z] issue=1660 category=RESOLVE_NOT_READY exit=1 result=skip
[2026-05-12T00:31:10Z] issue=1673 category=RESOLVE_NOT_READY exit=1 result=skip
[2026-05-12T00:31:21Z] issue=1660 category=RESOLVE_NOT_READY exit=1 result=skip
[2026-05-12T00:31:22Z] issue=1673 category=RESOLVE_NOT_READY exit=1 result=skip
[2026-05-12T00:31:33Z] issue=1660 category=RESOLVE_NOT_READY exit=1 result=skip
[2026-05-12T00:31:33Z] issue=1673 category=RESOLVE_NOT_READY exit=1 result=skip
[2026-05-12T00:31:44Z] issue=1660 category=RESOLVE_NOT_READY exit=1 result=skip
[2026-05-12T00:31:44Z] issue=1673 category=RESOLVE_NOT_READY exit=1 result=skip
[2026-05-12T00:31:55Z] issue=1660 category=RESOLVE_NOT_READY exit=1 result=skip
[2026-05-12T00:31:55Z] issue=1673 category=RESOLVE_NOT_READY exit=1 result=skip
[2026-05-12T00:32:06Z] issue=1660 category=RESOLVE_NOT_READY exit=1 result=skip
[2026-05-12T00:32:07Z] issue=1673 category=RESOLVE_NOT_READY exit=1 result=skip
[2026-05-12T00:32:18Z] issue=1660 category=RESOLVE_NOT_READY exit=1 result=skip
[2026-05-12T00:32:18Z] issue=1673 category=RESOLVE_NOT_READY exit=1 result=skip
[2026-05-12T00:32:29Z] issue=1660 category=RESOLVE_NOT_READY exit=1 result=skip
[2026-05-12T00:32:29Z] issue=1673 category=RESOLVE_NOT_READY exit=1 result=skip
[2026-05-12T00:32:40Z] issue=1660 category=RESOLVE_NOT_READY exit=1 result=skip
[2026-05-12T00:32:40Z] issue=1673 category=RESOLVE_NOT_READY exit=1 result=skip
[2026-05-12T00:32:51Z] issue=1660 category=INJECT_SUCCESS skill=/twl:workflow-test-ready result=success status=running current_step=ac-extract pr= branch=
[2026-05-12T00:32:52Z] issue=1673 category=INJECT_SUCCESS skill=/twl:workflow-test-ready result=success status=running current_step=ac-extract pr= branch=
[2026-05-12T00:33:14Z] issue=1660 category=RESOLVE_NOT_READY exit=1 result=skip
[2026-05-12T00:33:14Z] issue=1673 category=RESOLVE_NOT_READY exit=1 result=skip
[2026-05-12T00:33:25Z] issue=1660 category=RESOLVE_NOT_READY exit=1 result=skip
[2026-05-12T00:33:26Z] issue=1673 category=RESOLVE_NOT_READY exit=1 result=skip
[2026-05-12T00:33:36Z] issue=1660 category=RESOLVE_NOT_READY exit=1 result=skip
[2026-05-12T00:33:37Z] issue=1673 category=RESOLVE_NOT_READY exit=1 result=skip
[2026-05-12T00:33:48Z] issue=1660 category=RESOLVE_NOT_READY exit=1 result=skip
[2026-05-12T00:33:48Z] issue=1673 category=RESOLVE_NOT_READY exit=1 result=skip
[2026-05-12T00:33:59Z] issue=1660 category=RESOLVE_NOT_READY exit=1 result=skip
[2026-05-12T00:33:59Z] issue=1673 category=RESOLVE_NOT_READY exit=1 result=skip
[2026-05-12T00:34:10Z] issue=1660 category=RESOLVE_NOT_READY exit=1 result=skip
[2026-05-12T00:34:10Z] issue=1673 category=RESOLVE_NOT_READY exit=1 result=skip
[2026-05-12T00:34:21Z] issue=1660 category=RESOLVE_NOT_READY exit=1 result=skip
[2026-05-12T00:34:22Z] issue=1673 category=RESOLVE_NOT_READY exit=1 result=skip
[2026-05-12T00:34:33Z] issue=1660 category=RESOLVE_NOT_READY exit=1 result=skip
[2026-05-12T00:34:33Z] issue=1673 category=RESOLVE_NOT_READY exit=1 result=skip
[2026-05-12T00:34:44Z] issue=1660 category=RESOLVE_NOT_READY exit=1 result=skip
[2026-05-12T00:34:44Z] issue=1673 category=RESOLVE_NOT_READY exit=1 result=skip
[2026-05-12T00:34:55Z] issue=1660 category=RESOLVE_NOT_READY exit=1 result=skip
[2026-05-12T00:34:55Z] issue=1673 category=RESOLVE_NOT_READY exit=1 result=skip
[2026-05-12T00:35:06Z] issue=1660 category=RESOLVE_NOT_READY exit=1 result=skip
[2026-05-12T00:35:07Z] issue=1673 category=RESOLVE_NOT_READY exit=1 result=skip
[2026-05-12T00:35:18Z] issue=1660 category=RESOLVE_NOT_READY exit=1 result=skip
[2026-05-12T00:35:18Z] issue=1673 category=RESOLVE_NOT_READY exit=1 result=skip
[2026-05-12T00:35:29Z] issue=1660 category=RESOLVE_NOT_READY exit=1 result=skip
[2026-05-12T00:35:29Z] issue=1673 category=RESOLVE_NOT_READY exit=1 result=skip
[2026-05-12T00:35:40Z] issue=1660 category=RESOLVE_NOT_READY exit=1 result=skip
[2026-05-12T00:35:41Z] issue=1673 category=RESOLVE_NOT_READY exit=1 result=skip
[2026-05-12T00:35:52Z] issue=1660 category=RESOLVE_NOT_READY exit=1 result=skip
[2026-05-12T00:35:52Z] issue=1673 category=RESOLVE_NOT_READY exit=1 result=skip
[2026-05-12T00:36:03Z] issue=1660 category=RESOLVE_NOT_READY exit=1 result=skip
[2026-05-12T00:36:03Z] issue=1673 category=RESOLVE_NOT_READY exit=1 result=skip
[2026-05-12T00:36:14Z] issue=1660 category=RESOLVE_NOT_READY exit=1 result=skip
[2026-05-12T00:36:14Z] issue=1673 category=RESOLVE_NOT_READY exit=1 result=skip
[2026-05-12T00:36:25Z] issue=1660 category=RESOLVE_NOT_READY exit=1 result=skip
[2026-05-12T00:36:26Z] issue=1673 category=RESOLVE_NOT_READY exit=1 result=skip
[2026-05-12T00:36:37Z] issue=1660 category=RESOLVE_NOT_READY exit=1 result=skip
[2026-05-12T00:36:37Z] issue=1673 category=RESOLVE_NOT_READY exit=1 result=skip
[2026-05-12T00:36:48Z] issue=1660 category=RESOLVE_NOT_READY exit=1 result=skip
[2026-05-12T00:36:48Z] issue=1673 category=RESOLVE_NOT_READY exit=1 result=skip
[2026-05-12T00:36:59Z] issue=1660 category=RESOLVE_NOT_READY exit=1 result=skip
[2026-05-12T00:36:59Z] issue=1673 category=RESOLVE_NOT_READY exit=1 result=skip
[2026-05-12T00:37:10Z] issue=1660 category=RESOLVE_NOT_READY exit=1 result=skip
[2026-05-12T00:37:11Z] issue=1673 category=RESOLVE_NOT_READY exit=1 result=skip
[2026-05-12T00:37:22Z] issue=1660 category=RESOLVE_NOT_READY exit=1 result=skip
[2026-05-12T00:37:22Z] issue=1673 category=RESOLVE_NOT_READY exit=1 result=skip
[2026-05-12T00:37:33Z] issue=1660 category=RESOLVE_NOT_READY exit=1 result=skip
[2026-05-12T00:37:33Z] issue=1673 category=RESOLVE_NOT_READY exit=1 result=skip
[2026-05-12T00:37:44Z] issue=1660 category=RESOLVE_NOT_READY exit=1 result=skip
[2026-05-12T00:37:44Z] issue=1673 category=RESOLVE_NOT_READY exit=1 result=skip
[2026-05-12T00:37:55Z] issue=1660 category=RESOLVE_NOT_READY exit=1 result=skip
[2026-05-12T00:37:56Z] issue=1673 category=RESOLVE_NOT_READY exit=1 result=skip
[2026-05-12T00:38:07Z] issue=1660 category=RESOLVE_NOT_READY exit=1 result=skip
[2026-05-12T00:38:07Z] issue=1673 category=RESOLVE_NOT_READY exit=1 result=skip
[2026-05-12T00:38:18Z] issue=1660 category=RESOLVE_NOT_READY exit=1 result=skip
[2026-05-12T00:38:18Z] issue=1673 category=RESOLVE_NOT_READY exit=1 result=skip
[2026-05-12T00:38:29Z] issue=1660 category=RESOLVE_NOT_READY exit=1 result=skip
[2026-05-12T00:38:29Z] issue=1673 category=RESOLVE_NOT_READY exit=1 result=skip
[2026-05-12T00:38:40Z] issue=1660 category=RESOLVE_NOT_READY exit=1 result=skip
[2026-05-12T00:38:41Z] issue=1673 category=RESOLVE_NOT_READY exit=1 result=skip
[2026-05-12T00:38:52Z] issue=1660 category=RESOLVE_NOT_READY exit=1 result=skip
[2026-05-12T00:38:52Z] issue=1673 category=RESOLVE_NOT_READY exit=1 result=skip
[2026-05-12T00:39:03Z] issue=1660 category=RESOLVE_NOT_READY exit=1 result=skip
[2026-05-12T00:39:03Z] issue=1673 category=RESOLVE_NOT_READY exit=1 result=skip
[2026-05-12T00:39:14Z] issue=1660 category=RESOLVE_NOT_READY exit=1 result=skip
[2026-05-12T00:39:14Z] issue=1673 category=RESOLVE_NOT_READY exit=1 result=skip
[2026-05-12T00:39:25Z] issue=1660 category=RESOLVE_NOT_READY exit=1 result=skip
[2026-05-12T00:39:26Z] issue=1673 category=RESOLVE_NOT_READY exit=1 result=skip
[2026-05-12T00:39:37Z] issue=1660 category=RESOLVE_NOT_READY exit=1 result=skip
[2026-05-12T00:39:37Z] issue=1673 category=RESOLVE_NOT_READY exit=1 result=skip
[2026-05-12T00:39:48Z] issue=1660 category=RESOLVE_NOT_READY exit=1 result=skip
[2026-05-12T00:39:48Z] issue=1673 category=RESOLVE_NOT_READY exit=1 result=skip
[2026-05-12T00:39:59Z] issue=1660 category=RESOLVE_NOT_READY exit=1 result=skip
[2026-05-12T00:39:59Z] issue=1673 category=RESOLVE_NOT_READY exit=1 result=skip
[2026-05-12T00:40:10Z] issue=1660 category=RESOLVE_NOT_READY exit=1 result=skip
[2026-05-12T00:40:11Z] issue=1673 category=RESOLVE_NOT_READY exit=1 result=skip
[2026-05-12T00:40:22Z] issue=1660 category=RESOLVE_NOT_READY exit=1 result=skip
[2026-05-12T00:40:22Z] issue=1673 category=RESOLVE_NOT_READY exit=1 result=skip
[2026-05-12T00:40:33Z] issue=1660 category=RESOLVE_NOT_READY exit=1 result=skip
[2026-05-12T00:40:33Z] issue=1673 category=RESOLVE_NOT_READY exit=1 result=skip
[2026-05-12T00:40:44Z] issue=1660 category=RESOLVE_NOT_READY exit=1 result=skip
[2026-05-12T00:40:44Z] issue=1673 category=RESOLVE_NOT_READY exit=1 result=skip
[2026-05-12T00:40:55Z] issue=1660 category=RESOLVE_NOT_READY exit=1 result=skip
[2026-05-12T00:40:56Z] issue=1673 category=RESOLVE_NOT_READY exit=1 result=skip
[2026-05-12T00:41:07Z] issue=1660 category=RESOLVE_NOT_READY exit=1 result=skip
[2026-05-12T00:41:07Z] issue=1673 category=RESOLVE_NOT_READY exit=1 result=skip
[2026-05-12T00:41:18Z] issue=1660 category=RESOLVE_NOT_READY exit=1 result=skip
[2026-05-12T00:41:18Z] issue=1673 category=RESOLVE_NOT_READY exit=1 result=skip
[2026-05-12T00:41:29Z] issue=1660 category=RESOLVE_NOT_READY exit=1 result=skip
[2026-05-12T00:41:29Z] issue=1673 category=RESOLVE_NOT_READY exit=1 result=skip
[2026-05-12T00:41:40Z] issue=1660 category=RESOLVE_NOT_READY exit=1 result=skip
[2026-05-12T00:41:41Z] issue=1673 category=INJECT_SUCCESS skill=/twl:workflow-pr-verify result=success status=running current_step=check pr= branch=
[2026-05-12T00:41:52Z] issue=1660 category=RESOLVE_NOT_READY exit=1 result=skip
[2026-05-12T00:42:03Z] issue=1660 category=RESOLVE_NOT_READY exit=1 result=skip
[2026-05-12T00:42:14Z] issue=1660 category=RESOLVE_NOT_READY exit=1 result=skip
[2026-05-12T00:42:25Z] issue=1660 category=RESOLVE_NOT_READY exit=1 result=skip
[2026-05-12T00:42:36Z] issue=1660 category=RESOLVE_NOT_READY exit=1 result=skip
[2026-05-12T00:42:36Z] issue=1673 category=RESOLVE_NOT_READY exit=1 result=skip
[2026-05-12T00:42:47Z] issue=1660 category=RESOLVE_NOT_READY exit=1 result=skip
[2026-05-12T00:42:48Z] issue=1673 category=RESOLVE_NOT_READY exit=1 result=skip
[2026-05-12T00:42:59Z] issue=1660 category=RESOLVE_NOT_READY exit=1 result=skip
[2026-05-12T00:42:59Z] issue=1673 category=RESOLVE_NOT_READY exit=1 result=skip
[2026-05-12T00:43:10Z] issue=1660 category=RESOLVE_NOT_READY exit=1 result=skip
[2026-05-12T00:43:10Z] issue=1673 category=RESOLVE_NOT_READY exit=1 result=skip
[2026-05-12T00:43:21Z] issue=1660 category=RESOLVE_NOT_READY exit=1 result=skip
[2026-05-12T00:43:21Z] issue=1673 category=RESOLVE_NOT_READY exit=1 result=skip
[2026-05-12T00:43:32Z] issue=1660 category=RESOLVE_NOT_READY exit=1 result=skip
[2026-05-12T00:43:33Z] issue=1673 category=RESOLVE_NOT_READY exit=1 result=skip
[2026-05-12T00:43:44Z] issue=1660 category=RESOLVE_NOT_READY exit=1 result=skip
[2026-05-12T00:43:44Z] issue=1673 category=RESOLVE_NOT_READY exit=1 result=skip
[2026-05-12T00:43:55Z] issue=1660 category=RESOLVE_NOT_READY exit=1 result=skip
[2026-05-12T00:43:55Z] issue=1673 category=RESOLVE_NOT_READY exit=1 result=skip
[2026-05-12T00:44:06Z] issue=1660 category=RESOLVE_NOT_READY exit=1 result=skip
[2026-05-12T00:44:06Z] issue=1673 category=RESOLVE_NOT_READY exit=1 result=skip
[2026-05-12T00:44:17Z] issue=1660 category=RESOLVE_NOT_READY exit=1 result=skip
[2026-05-12T00:44:18Z] issue=1673 category=RESOLVE_NOT_READY exit=1 result=skip
[2026-05-12T00:44:29Z] issue=1660 category=RESOLVE_NOT_READY exit=1 result=skip
[2026-05-12T00:44:29Z] issue=1673 category=RESOLVE_NOT_READY exit=1 result=skip
[2026-05-12T00:44:40Z] issue=1660 category=RESOLVE_NOT_READY exit=1 result=skip
[2026-05-12T00:44:40Z] issue=1673 category=RESOLVE_NOT_READY exit=1 result=skip
[2026-05-12T00:44:51Z] issue=1660 category=RESOLVE_NOT_READY exit=1 result=skip
[2026-05-12T00:44:51Z] issue=1673 category=RESOLVE_NOT_READY exit=1 result=skip
[2026-05-12T00:45:02Z] issue=1660 category=RESOLVE_NOT_READY exit=1 result=skip
[2026-05-12T00:45:03Z] issue=1673 category=RESOLVE_NOT_READY exit=1 result=skip
[2026-05-12T00:45:14Z] issue=1660 category=RESOLVE_NOT_READY exit=1 result=skip
[2026-05-12T00:45:14Z] issue=1673 category=RESOLVE_NOT_READY exit=1 result=skip
[2026-05-12T00:45:25Z] issue=1660 category=RESOLVE_NOT_READY exit=1 result=skip
[2026-05-12T00:45:25Z] issue=1673 category=RESOLVE_NOT_READY exit=1 result=skip
[2026-05-12T00:45:36Z] issue=1660 category=RESOLVE_NOT_READY exit=1 result=skip
[2026-05-12T00:45:36Z] issue=1673 category=RESOLVE_NOT_READY exit=1 result=skip
[2026-05-12T00:45:47Z] issue=1660 category=RESOLVE_NOT_READY exit=1 result=skip
[2026-05-12T00:45:48Z] issue=1673 category=RESOLVE_NOT_READY exit=1 result=skip
[2026-05-12T00:45:59Z] issue=1660 category=RESOLVE_NOT_READY exit=1 result=skip
[2026-05-12T00:45:59Z] issue=1673 category=RESOLVE_NOT_READY exit=1 result=skip
[2026-05-12T00:46:10Z] issue=1660 category=RESOLVE_NOT_READY exit=1 result=skip
[2026-05-12T00:46:10Z] issue=1673 category=RESOLVE_NOT_READY exit=1 result=skip
[2026-05-12T00:46:21Z] issue=1660 category=RESOLVE_NOT_READY exit=1 result=skip
[2026-05-12T00:46:21Z] issue=1673 category=RESOLVE_NOT_READY exit=1 result=skip
[2026-05-12T00:46:32Z] issue=1660 category=RESOLVE_NOT_READY exit=1 result=skip
[2026-05-12T00:46:33Z] issue=1673 category=RESOLVE_NOT_READY exit=1 result=skip
[2026-05-12T00:46:44Z] issue=1660 category=RESOLVE_NOT_READY exit=1 result=skip
[2026-05-12T00:46:44Z] issue=1673 category=RESOLVE_NOT_READY exit=1 result=skip
[2026-05-12T00:46:55Z] issue=1660 category=RESOLVE_NOT_READY exit=1 result=skip
[2026-05-12T00:46:55Z] issue=1673 category=RESOLVE_NOT_READY exit=1 result=skip
[2026-05-12T00:47:06Z] issue=1660 category=RESOLVE_NOT_READY exit=1 result=skip
[2026-05-12T00:47:07Z] issue=1673 category=RESOLVE_NOT_READY exit=1 result=skip
[2026-05-12T00:47:17Z] issue=1660 category=RESOLVE_NOT_READY exit=1 result=skip
[2026-05-12T00:47:18Z] issue=1673 category=RESOLVE_NOT_READY exit=1 result=skip
[2026-05-12T00:47:29Z] issue=1660 category=RESOLVE_NOT_READY exit=1 result=skip
[2026-05-12T00:47:29Z] issue=1673 category=RESOLVE_NOT_READY exit=1 result=skip
[2026-05-12T00:47:40Z] issue=1660 category=RESOLVE_NOT_READY exit=1 result=skip
[2026-05-12T00:47:40Z] issue=1673 category=RESOLVE_NOT_READY exit=1 result=skip
[2026-05-12T00:47:51Z] issue=1660 category=RESOLVE_NOT_READY exit=1 result=skip
[2026-05-12T00:47:51Z] issue=1673 category=RESOLVE_NOT_READY exit=1 result=skip
[2026-05-12T00:48:02Z] issue=1660 category=RESOLVE_NOT_READY exit=1 result=skip
[2026-05-12T00:48:03Z] issue=1673 category=RESOLVE_NOT_READY exit=1 result=skip
[2026-05-12T00:48:14Z] issue=1660 category=RESOLVE_NOT_READY exit=1 result=skip
[2026-05-12T00:48:14Z] issue=1673 category=RESOLVE_NOT_READY exit=1 result=skip
[2026-05-12T00:48:25Z] issue=1660 category=RESOLVE_NOT_READY exit=1 result=skip
[2026-05-12T00:48:25Z] issue=1673 category=RESOLVE_NOT_READY exit=1 result=skip
[2026-05-12T00:48:36Z] issue=1660 category=RESOLVE_NOT_READY exit=1 result=skip
[2026-05-12T00:48:36Z] issue=1673 category=RESOLVE_NOT_READY exit=1 result=skip
[2026-05-12T00:48:47Z] issue=1660 category=RESOLVE_NOT_READY exit=1 result=skip
[2026-05-12T00:48:48Z] issue=1673 category=RESOLVE_NOT_READY exit=1 result=skip
[2026-05-12T00:48:59Z] issue=1660 category=RESOLVE_NOT_READY exit=1 result=skip
[2026-05-12T00:48:59Z] issue=1673 category=RESOLVE_NOT_READY exit=1 result=skip
[2026-05-12T00:49:10Z] issue=1660 category=RESOLVE_NOT_READY exit=1 result=skip
[2026-05-12T00:49:10Z] issue=1673 category=RESOLVE_NOT_READY exit=1 result=skip
[2026-05-12T00:49:21Z] issue=1660 category=INJECT_SUCCESS skill=/twl:workflow-pr-verify result=success status=running current_step=check pr= branch=
[2026-05-12T00:49:21Z] issue=1673 category=RESOLVE_NOT_READY exit=1 result=skip
[2026-05-12T00:49:33Z] issue=1673 category=INJECT_SUCCESS skill=/twl:workflow-pr-fix result=success status=running current_step=ac-verify pr= branch=
[2026-05-12T00:49:44Z] issue=1660 category=RESOLVE_NOT_READY exit=1 result=skip
[2026-05-12T00:49:55Z] issue=1660 category=RESOLVE_NOT_READY exit=1 result=skip
[2026-05-12T00:50:06Z] issue=1660 category=RESOLVE_NOT_READY exit=1 result=skip
[2026-05-12T00:50:17Z] issue=1660 category=RESOLVE_NOT_READY exit=1 result=skip
[2026-05-12T00:50:29Z] issue=1660 category=RESOLVE_NOT_READY exit=1 result=skip
[2026-05-12T00:50:40Z] issue=1660 category=RESOLVE_NOT_READY exit=1 result=skip
[2026-05-12T00:50:51Z] issue=1660 category=RESOLVE_NOT_READY exit=1 result=skip
[2026-05-12T00:51:02Z] issue=1660 category=RESOLVE_NOT_READY exit=1 result=skip
[2026-05-12T00:51:13Z] issue=1660 category=RESOLVE_NOT_READY exit=1 result=skip
[2026-05-12T00:51:25Z] issue=1660 category=RESOLVE_NOT_READY exit=1 result=skip
[2026-05-12T00:51:36Z] issue=1660 category=RESOLVE_NOT_READY exit=1 result=skip
[2026-05-12T00:51:47Z] issue=1660 category=RESOLVE_NOT_READY exit=1 result=skip
[2026-05-12T00:51:47Z] issue=1673 category=INJECT_PR_MERGE_DEBUG skill=/twl:workflow-pr-merge status=running result=debug reason="status not merge-ready, AC-4 expected behavior"
[2026-05-12T00:51:47Z] issue=1673 category=INJECT_SUCCESS skill=/twl:workflow-pr-merge result=success status=running current_step=warning-fix pr= branch=
[2026-05-12T00:51:58Z] issue=1660 category=RESOLVE_NOT_READY exit=1 result=skip
[2026-05-12T00:52:09Z] issue=1660 category=RESOLVE_NOT_READY exit=1 result=skip
[2026-05-12T00:52:20Z] issue=1660 category=RESOLVE_NOT_READY exit=1 result=skip
[2026-05-12T00:52:31Z] issue=1660 category=RESOLVE_NOT_READY exit=1 result=skip
[2026-05-12T00:52:42Z] issue=1660 category=RESOLVE_NOT_READY exit=1 result=skip
[2026-05-12T00:52:53Z] issue=1660 category=RESOLVE_NOT_READY exit=1 result=skip
[2026-05-12T00:53:04Z] issue=1660 category=RESOLVE_NOT_READY exit=1 result=skip
[2026-05-12T00:53:15Z] issue=1660 category=RESOLVE_NOT_READY exit=1 result=skip
[2026-05-12T00:53:26Z] issue=1660 category=RESOLVE_NOT_READY exit=1 result=skip
[2026-05-12T00:53:37Z] issue=1660 category=RESOLVE_NOT_READY exit=1 result=skip
[2026-05-12T00:53:48Z] issue=1660 category=RESOLVE_NOT_READY exit=1 result=skip
[2026-05-12T00:53:49Z] issue=1673 category=RESOLVE_NOT_READY exit=1 result=skip
[2026-05-12T00:53:59Z] issue=1660 category=RESOLVE_NOT_READY exit=1 result=skip
[2026-05-12T00:53:59Z] issue=1673 category=RESOLVE_NOT_READY exit=1 result=skip
[2026-05-12T00:54:10Z] issue=1660 category=RESOLVE_NOT_READY exit=1 result=skip
[2026-05-12T00:54:10Z] issue=1673 category=RESOLVE_NOT_READY exit=1 result=skip
[2026-05-12T00:54:21Z] issue=1660 category=RESOLVE_NOT_READY exit=1 result=skip
[2026-05-12T00:54:21Z] issue=1673 category=RESOLVE_NOT_READY exit=1 result=skip
[2026-05-12T00:54:32Z] issue=1660 category=RESOLVE_NOT_READY exit=1 result=skip
[2026-05-12T00:54:32Z] issue=1673 category=RESOLVE_NOT_READY exit=1 result=skip
[2026-05-12T00:54:43Z] issue=1660 category=RESOLVE_NOT_READY exit=1 result=skip
[2026-05-12T00:54:43Z] issue=1673 category=RESOLVE_NOT_READY exit=1 result=skip
[2026-05-12T00:54:54Z] issue=1660 category=RESOLVE_NOT_READY exit=1 result=skip
[2026-05-12T00:54:54Z] issue=1673 category=RESOLVE_NOT_READY exit=1 result=skip
[2026-05-12T00:55:05Z] issue=1660 category=RESOLVE_NOT_READY exit=1 result=skip
[2026-05-12T00:55:05Z] issue=1673 category=RESOLVE_NOT_READY exit=1 result=skip
[2026-05-12T00:55:16Z] issue=1660 category=RESOLVE_NOT_READY exit=1 result=skip
[2026-05-12T00:55:27Z] issue=1660 category=RESOLVE_NOT_READY exit=1 result=skip
[2026-05-12T00:55:37Z] issue=1660 category=RESOLVE_NOT_READY exit=1 result=skip
[2026-05-12T00:55:48Z] issue=1660 category=RESOLVE_NOT_READY exit=1 result=skip
[2026-05-12T00:55:59Z] issue=1660 category=RESOLVE_NOT_READY exit=1 result=skip
[2026-05-12T00:56:10Z] issue=1660 category=RESOLVE_NOT_READY exit=1 result=skip
[2026-05-12T00:56:20Z] issue=1660 category=RESOLVE_NOT_READY exit=1 result=skip
[2026-05-12T00:56:31Z] issue=1660 category=RESOLVE_NOT_READY exit=1 result=skip
[2026-05-12T00:56:42Z] issue=1660 category=RESOLVE_NOT_READY exit=1 result=skip
[2026-05-12T00:56:53Z] issue=1660 category=RESOLVE_NOT_READY exit=1 result=skip
[2026-05-12T00:57:03Z] issue=1660 category=RESOLVE_NOT_READY exit=1 result=skip
[2026-05-12T00:57:14Z] issue=1660 category=RESOLVE_NOT_READY exit=1 result=skip
[2026-05-12T00:57:25Z] issue=1660 category=RESOLVE_NOT_READY exit=1 result=skip
[2026-05-12T00:57:36Z] issue=1660 category=RESOLVE_NOT_READY exit=1 result=skip
[2026-05-12T00:57:47Z] issue=1660 category=RESOLVE_NOT_READY exit=1 result=skip
[2026-05-12T00:57:58Z] issue=1660 category=RESOLVE_NOT_READY exit=1 result=skip
[2026-05-12T00:58:08Z] issue=1660 category=RESOLVE_NOT_READY exit=1 result=skip
[2026-05-12T00:58:19Z] issue=1660 category=RESOLVE_NOT_READY exit=1 result=skip
[2026-05-12T00:58:30Z] issue=1660 category=RESOLVE_NOT_READY exit=1 result=skip
[2026-05-12T00:58:41Z] issue=1660 category=RESOLVE_NOT_READY exit=1 result=skip
[2026-05-12T00:58:52Z] issue=1660 category=RESOLVE_NOT_READY exit=1 result=skip
[2026-05-12T00:59:03Z] issue=1660 category=RESOLVE_NOT_READY exit=1 result=skip
[2026-05-12T00:59:14Z] issue=1660 category=RESOLVE_NOT_READY exit=1 result=skip
[2026-05-12T00:59:25Z] issue=1660 category=RESOLVE_NOT_READY exit=1 result=skip
[2026-05-12T00:59:51Z] issue=1660 category=INJECT_SUCCESS skill=/twl:workflow-pr-fix result=success status=running current_step=ac-verify pr= branch=
[2026-05-12T01:00:13Z] issue=1660 category=RESOLVE_NOT_READY exit=1 result=skip
[2026-05-12T01:00:24Z] issue=1660 category=RESOLVE_NOT_READY exit=1 result=skip
[2026-05-12T01:00:35Z] issue=1660 category=RESOLVE_NOT_READY exit=1 result=skip
[2026-05-12T01:00:46Z] issue=1660 category=RESOLVE_NOT_READY exit=1 result=skip
[2026-05-12T01:00:57Z] issue=1660 category=RESOLVE_NOT_READY exit=1 result=skip
[2026-05-12T01:01:08Z] issue=1660 category=INJECT_PR_MERGE_DEBUG skill=/twl:workflow-pr-merge status=running result=debug reason="status not merge-ready, AC-4 expected behavior"
[2026-05-12T01:01:08Z] issue=1660 category=INJECT_SUCCESS skill=/twl:workflow-pr-merge result=success status=running current_step=warning-fix pr= branch=
[2026-05-12T01:01:19Z] issue=1660 category=RESOLVE_NOT_READY exit=1 result=skip
[2026-05-12T01:01:30Z] issue=1660 category=RESOLVE_NOT_READY exit=1 result=skip
[2026-05-12T01:01:41Z] issue=1660 category=RESOLVE_NOT_READY exit=1 result=skip
[2026-05-12T01:01:52Z] issue=1660 category=RESOLVE_NOT_READY exit=1 result=skip
[2026-05-12T01:02:03Z] issue=1660 category=RESOLVE_NOT_READY exit=1 result=skip
[2026-05-12T01:02:14Z] issue=1660 category=RESOLVE_NOT_READY exit=1 result=skip
[2026-05-12T01:02:25Z] issue=1660 category=RESOLVE_NOT_READY exit=1 result=skip
[2026-05-12T01:02:36Z] issue=1660 category=RESOLVE_NOT_READY exit=1 result=skip
[2026-05-12T01:02:47Z] issue=1660 category=RESOLVE_NOT_READY exit=1 result=skip
[2026-05-12T01:04:35Z] issue=1662 category=RESOLVE_NOT_READY exit=1 result=skip
[2026-05-12T01:04:46Z] issue=1662 category=RESOLVE_NOT_READY exit=1 result=skip
[2026-05-12T01:04:57Z] issue=1662 category=RESOLVE_NOT_READY exit=1 result=skip
[2026-05-12T01:05:08Z] issue=1662 category=RESOLVE_NOT_READY exit=1 result=skip
[2026-05-12T01:05:19Z] issue=1662 category=RESOLVE_NOT_READY exit=1 result=skip
[2026-05-12T01:05:30Z] issue=1662 category=RESOLVE_NOT_READY exit=1 result=skip
[2026-05-12T01:05:41Z] issue=1662 category=RESOLVE_NOT_READY exit=1 result=skip
[2026-05-12T01:05:52Z] issue=1662 category=RESOLVE_NOT_READY exit=1 result=skip
[2026-05-12T01:06:02Z] issue=1662 category=RESOLVE_NOT_READY exit=1 result=skip
[2026-05-12T01:06:13Z] issue=1662 category=RESOLVE_NOT_READY exit=1 result=skip
[2026-05-12T01:06:24Z] issue=1662 category=INJECT_SUCCESS skill=/twl:workflow-test-ready result=success status=running current_step=ac-extract pr= branch=
[2026-05-12T01:06:46Z] issue=1662 category=RESOLVE_NOT_READY exit=1 result=skip
[2026-05-12T01:06:57Z] issue=1662 category=RESOLVE_NOT_READY exit=1 result=skip
[2026-05-12T01:07:08Z] issue=1662 category=RESOLVE_NOT_READY exit=1 result=skip
[2026-05-12T01:07:19Z] issue=1662 category=RESOLVE_NOT_READY exit=1 result=skip
[2026-05-12T01:07:30Z] issue=1662 category=RESOLVE_NOT_READY exit=1 result=skip
[2026-05-12T01:07:41Z] issue=1662 category=RESOLVE_NOT_READY exit=1 result=skip
[2026-05-12T01:07:52Z] issue=1662 category=RESOLVE_NOT_READY exit=1 result=skip
[2026-05-12T01:08:03Z] issue=1662 category=RESOLVE_NOT_READY exit=1 result=skip
[2026-05-12T01:08:14Z] issue=1662 category=RESOLVE_NOT_READY exit=1 result=skip
[2026-05-12T01:08:25Z] issue=1662 category=RESOLVE_NOT_READY exit=1 result=skip
[2026-05-12T01:08:36Z] issue=1662 category=RESOLVE_NOT_READY exit=1 result=skip
[2026-05-12T01:08:47Z] issue=1662 category=RESOLVE_NOT_READY exit=1 result=skip
[2026-05-12T01:08:58Z] issue=1662 category=RESOLVE_NOT_READY exit=1 result=skip
[2026-05-12T01:09:09Z] issue=1662 category=RESOLVE_NOT_READY exit=1 result=skip
[2026-05-12T01:09:19Z] issue=1662 category=RESOLVE_NOT_READY exit=1 result=skip
[2026-05-12T01:09:30Z] issue=1662 category=RESOLVE_NOT_READY exit=1 result=skip
[2026-05-12T01:09:41Z] issue=1662 category=RESOLVE_NOT_READY exit=1 result=skip
[2026-05-12T01:09:52Z] issue=1662 category=RESOLVE_NOT_READY exit=1 result=skip
[2026-05-12T01:10:03Z] issue=1662 category=RESOLVE_NOT_READY exit=1 result=skip
[2026-05-12T01:10:14Z] issue=1662 category=RESOLVE_NOT_READY exit=1 result=skip
[2026-05-12T01:10:25Z] issue=1662 category=RESOLVE_NOT_READY exit=1 result=skip
[2026-05-12T01:10:36Z] issue=1662 category=RESOLVE_NOT_READY exit=1 result=skip
[2026-05-12T01:10:47Z] issue=1662 category=RESOLVE_NOT_READY exit=1 result=skip
[2026-05-12T01:10:57Z] issue=1662 category=RESOLVE_NOT_READY exit=1 result=skip
[2026-05-12T01:11:08Z] issue=1662 category=RESOLVE_NOT_READY exit=1 result=skip
[2026-05-12T01:11:19Z] issue=1662 category=RESOLVE_NOT_READY exit=1 result=skip
[2026-05-12T01:11:30Z] issue=1662 category=RESOLVE_NOT_READY exit=1 result=skip
[2026-05-12T01:11:41Z] issue=1662 category=RESOLVE_NOT_READY exit=1 result=skip
[2026-05-12T01:11:52Z] issue=1662 category=RESOLVE_NOT_READY exit=1 result=skip
[2026-05-12T01:12:03Z] issue=1662 category=RESOLVE_NOT_READY exit=1 result=skip
[2026-05-12T01:12:13Z] issue=1662 category=RESOLVE_NOT_READY exit=1 result=skip
[2026-05-12T01:12:24Z] issue=1662 category=RESOLVE_NOT_READY exit=1 result=skip
[2026-05-12T01:12:35Z] issue=1662 category=RESOLVE_NOT_READY exit=1 result=skip
[2026-05-12T01:12:46Z] issue=1662 category=RESOLVE_NOT_READY exit=1 result=skip
[2026-05-12T01:12:57Z] issue=1662 category=RESOLVE_NOT_READY exit=1 result=skip
[2026-05-12T01:13:08Z] issue=1662 category=RESOLVE_NOT_READY exit=1 result=skip
[2026-05-12T01:13:19Z] issue=1662 category=RESOLVE_NOT_READY exit=1 result=skip
[2026-05-12T01:13:30Z] issue=1662 category=RESOLVE_NOT_READY exit=1 result=skip
[2026-05-12T01:13:41Z] issue=1662 category=RESOLVE_NOT_READY exit=1 result=skip
[2026-05-12T01:13:52Z] issue=1662 category=RESOLVE_NOT_READY exit=1 result=skip
[2026-05-12T01:14:03Z] issue=1662 category=RESOLVE_NOT_READY exit=1 result=skip
[2026-05-12T01:14:14Z] issue=1662 category=RESOLVE_NOT_READY exit=1 result=skip
[2026-05-12T01:14:25Z] issue=1662 category=RESOLVE_NOT_READY exit=1 result=skip
[2026-05-12T01:14:36Z] issue=1662 category=RESOLVE_NOT_READY exit=1 result=skip
[2026-05-12T01:14:46Z] issue=1662 category=RESOLVE_NOT_READY exit=1 result=skip
[2026-05-12T01:14:57Z] issue=1662 category=RESOLVE_NOT_READY exit=1 result=skip
[2026-05-12T01:15:08Z] issue=1662 category=RESOLVE_NOT_READY exit=1 result=skip
[2026-05-12T01:15:19Z] issue=1662 category=RESOLVE_NOT_READY exit=1 result=skip
[2026-05-12T01:15:30Z] issue=1662 category=RESOLVE_NOT_READY exit=1 result=skip
[2026-05-12T01:15:41Z] issue=1662 category=RESOLVE_NOT_READY exit=1 result=skip
[2026-05-12T01:15:52Z] issue=1662 category=RESOLVE_NOT_READY exit=1 result=skip
[2026-05-12T01:16:03Z] issue=1662 category=RESOLVE_NOT_READY exit=1 result=skip
[2026-05-12T01:16:14Z] issue=1662 category=RESOLVE_NOT_READY exit=1 result=skip
[2026-05-12T01:16:25Z] issue=1662 category=RESOLVE_NOT_READY exit=1 result=skip
[2026-05-12T01:16:36Z] issue=1662 category=RESOLVE_NOT_READY exit=1 result=skip
[2026-05-12T01:16:47Z] issue=1662 category=RESOLVE_NOT_READY exit=1 result=skip
[2026-05-12T01:16:58Z] issue=1662 category=RESOLVE_NOT_READY exit=1 result=skip
[2026-05-12T01:16:58Z] issue=1662 skill=RESOLVE_FAILED result=stagnate elapsed=601s count=56
[2026-05-12T01:16:58Z] issue=1662 skill=AUTO_UNSTUCK result=stagnate_signal elapsed=601s
[2026-05-12T01:17:09Z] issue=1662 category=RESOLVE_NOT_READY exit=1 result=skip
[2026-05-12T01:17:09Z] issue=1662 skill=RESOLVE_FAILED result=stagnate elapsed=612s count=57
[2026-05-12T01:17:09Z] issue=1662 skill=AUTO_UNSTUCK result=stagnate_signal elapsed=612s
[2026-05-12T01:17:20Z] issue=1662 category=RESOLVE_NOT_READY exit=1 result=skip
[2026-05-12T01:17:20Z] issue=1662 skill=RESOLVE_FAILED result=stagnate elapsed=623s count=58
[2026-05-12T01:17:20Z] issue=1662 skill=AUTO_UNSTUCK result=stagnate_signal elapsed=623s
[2026-05-12T01:17:30Z] issue=1662 category=RESOLVE_NOT_READY exit=1 result=skip
[2026-05-12T01:17:30Z] issue=1662 skill=RESOLVE_FAILED result=stagnate elapsed=633s count=59
[2026-05-12T01:17:30Z] issue=1662 skill=AUTO_UNSTUCK result=stagnate_signal elapsed=633s
[2026-05-12T01:17:41Z] issue=1662 category=RESOLVE_NOT_READY exit=1 result=skip
[2026-05-12T01:17:41Z] issue=1662 skill=RESOLVE_FAILED result=stagnate elapsed=644s count=60
[2026-05-12T01:17:41Z] issue=1662 skill=AUTO_UNSTUCK result=stagnate_signal elapsed=644s
[2026-05-12T01:17:52Z] issue=1662 category=RESOLVE_NOT_READY exit=1 result=skip
[2026-05-12T01:17:52Z] issue=1662 skill=RESOLVE_FAILED result=stagnate elapsed=655s count=61
[2026-05-12T01:17:52Z] issue=1662 skill=AUTO_UNSTUCK result=stagnate_signal elapsed=655s
[2026-05-12T01:18:03Z] issue=1662 category=RESOLVE_NOT_READY exit=1 result=skip
[2026-05-12T01:18:03Z] issue=1662 skill=RESOLVE_FAILED result=stagnate elapsed=666s count=62
[2026-05-12T01:18:03Z] issue=1662 skill=AUTO_UNSTUCK result=stagnate_signal elapsed=666s
[2026-05-12T01:18:14Z] issue=1662 category=RESOLVE_NOT_READY exit=1 result=skip
[2026-05-12T01:18:14Z] issue=1662 skill=RESOLVE_FAILED result=stagnate elapsed=677s count=63
[2026-05-12T01:18:14Z] issue=1662 skill=AUTO_UNSTUCK result=stagnate_signal elapsed=677s
[2026-05-12T01:18:25Z] issue=1662 category=RESOLVE_NOT_READY exit=1 result=skip
[2026-05-12T01:18:25Z] issue=1662 skill=RESOLVE_FAILED result=stagnate elapsed=688s count=64
[2026-05-12T01:18:25Z] issue=1662 skill=AUTO_UNSTUCK result=stagnate_signal elapsed=688s
[2026-05-12T01:18:36Z] issue=1662 category=RESOLVE_NOT_READY exit=1 result=skip
[2026-05-12T01:18:36Z] issue=1662 skill=RESOLVE_FAILED result=stagnate elapsed=699s count=65
[2026-05-12T01:18:36Z] issue=1662 skill=AUTO_UNSTUCK result=stagnate_signal elapsed=699s
[2026-05-12T01:18:47Z] issue=1662 category=RESOLVE_NOT_READY exit=1 result=skip
[2026-05-12T01:18:47Z] issue=1662 skill=RESOLVE_FAILED result=stagnate elapsed=710s count=66
[2026-05-12T01:18:47Z] issue=1662 skill=AUTO_UNSTUCK result=stagnate_signal elapsed=710s
[2026-05-12T01:18:58Z] issue=1662 category=RESOLVE_NOT_READY exit=1 result=skip
[2026-05-12T01:18:58Z] issue=1662 skill=RESOLVE_FAILED result=stagnate elapsed=721s count=67
[2026-05-12T01:18:58Z] issue=1662 skill=AUTO_UNSTUCK result=stagnate_signal elapsed=721s
[2026-05-12T01:19:09Z] issue=1662 category=RESOLVE_NOT_READY exit=1 result=skip
[2026-05-12T01:19:09Z] issue=1662 skill=RESOLVE_FAILED result=stagnate elapsed=732s count=68
[2026-05-12T01:19:09Z] issue=1662 skill=AUTO_UNSTUCK result=stagnate_signal elapsed=732s
[2026-05-12T01:19:20Z] issue=1662 category=RESOLVE_NOT_READY exit=1 result=skip
[2026-05-12T01:19:20Z] issue=1662 skill=RESOLVE_FAILED result=stagnate elapsed=743s count=69
[2026-05-12T01:19:20Z] issue=1662 skill=AUTO_UNSTUCK result=stagnate_signal elapsed=743s
[2026-05-12T01:19:30Z] issue=1662 category=RESOLVE_NOT_READY exit=1 result=skip
[2026-05-12T01:19:30Z] issue=1662 skill=RESOLVE_FAILED result=stagnate elapsed=753s count=70
[2026-05-12T01:19:30Z] issue=1662 skill=AUTO_UNSTUCK result=stagnate_signal elapsed=753s
[2026-05-12T01:19:41Z] issue=1662 category=RESOLVE_NOT_READY exit=1 result=skip
[2026-05-12T01:19:41Z] issue=1662 skill=RESOLVE_FAILED result=stagnate elapsed=764s count=71
[2026-05-12T01:19:41Z] issue=1662 skill=AUTO_UNSTUCK result=stagnate_signal elapsed=764s
[2026-05-12T01:19:52Z] issue=1662 category=RESOLVE_NOT_READY exit=1 result=skip
[2026-05-12T01:19:52Z] issue=1662 skill=RESOLVE_FAILED result=stagnate elapsed=775s count=72
[2026-05-12T01:19:52Z] issue=1662 skill=AUTO_UNSTUCK result=stagnate_signal elapsed=775s
[2026-05-12T01:20:03Z] issue=1662 category=RESOLVE_NOT_READY exit=1 result=skip
[2026-05-12T01:20:03Z] issue=1662 skill=RESOLVE_FAILED result=stagnate elapsed=786s count=73
[2026-05-12T01:20:03Z] issue=1662 skill=AUTO_UNSTUCK result=stagnate_signal elapsed=786s
[2026-05-12T01:20:14Z] issue=1662 category=RESOLVE_NOT_READY exit=1 result=skip
[2026-05-12T01:20:14Z] issue=1662 skill=RESOLVE_FAILED result=stagnate elapsed=797s count=74
[2026-05-12T01:20:14Z] issue=1662 skill=AUTO_UNSTUCK result=stagnate_signal elapsed=797s
[2026-05-12T01:20:25Z] issue=1662 category=RESOLVE_NOT_READY exit=1 result=skip
[2026-05-12T01:20:25Z] issue=1662 skill=RESOLVE_FAILED result=stagnate elapsed=808s count=75
[2026-05-12T01:20:25Z] issue=1662 skill=AUTO_UNSTUCK result=stagnate_signal elapsed=808s
[2026-05-12T01:20:36Z] issue=1662 category=RESOLVE_NOT_READY exit=1 result=skip
[2026-05-12T01:20:36Z] issue=1662 skill=RESOLVE_FAILED result=stagnate elapsed=819s count=76
[2026-05-12T01:20:36Z] issue=1662 skill=AUTO_UNSTUCK result=stagnate_signal elapsed=819s
[2026-05-12T01:20:47Z] issue=1662 category=RESOLVE_NOT_READY exit=1 result=skip
[2026-05-12T01:20:47Z] issue=1662 skill=RESOLVE_FAILED result=stagnate elapsed=830s count=77
[2026-05-12T01:20:47Z] issue=1662 skill=AUTO_UNSTUCK result=stagnate_signal elapsed=830s
[2026-05-12T01:20:58Z] issue=1662 category=RESOLVE_NOT_READY exit=1 result=skip
[2026-05-12T01:20:58Z] issue=1662 skill=RESOLVE_FAILED result=stagnate elapsed=841s count=78
[2026-05-12T01:20:58Z] issue=1662 skill=AUTO_UNSTUCK result=stagnate_signal elapsed=841s
[2026-05-12T01:21:09Z] issue=1662 category=RESOLVE_NOT_READY exit=1 result=skip
[2026-05-12T01:21:09Z] issue=1662 skill=RESOLVE_FAILED result=stagnate elapsed=852s count=79
[2026-05-12T01:21:09Z] issue=1662 skill=AUTO_UNSTUCK result=stagnate_signal elapsed=852s
[2026-05-12T01:21:19Z] issue=1662 category=RESOLVE_NOT_READY exit=1 result=skip
[2026-05-12T01:21:19Z] issue=1662 skill=RESOLVE_FAILED result=stagnate elapsed=863s count=80
[2026-05-12T01:21:19Z] issue=1662 skill=AUTO_UNSTUCK result=stagnate_signal elapsed=863s
[2026-05-12T01:21:30Z] issue=1662 category=RESOLVE_NOT_READY exit=1 result=skip
[2026-05-12T01:21:30Z] issue=1662 skill=RESOLVE_FAILED result=stagnate elapsed=873s count=81
[2026-05-12T01:21:30Z] issue=1662 skill=AUTO_UNSTUCK result=stagnate_signal elapsed=873s
[2026-05-12T01:21:41Z] issue=1662 category=RESOLVE_NOT_READY exit=1 result=skip
[2026-05-12T01:21:41Z] issue=1662 skill=RESOLVE_FAILED result=stagnate elapsed=884s count=82
[2026-05-12T01:21:41Z] issue=1662 skill=AUTO_UNSTUCK result=stagnate_signal elapsed=884s
[2026-05-12T01:21:52Z] issue=1662 category=RESOLVE_NOT_READY exit=1 result=skip
[2026-05-12T01:21:52Z] issue=1662 skill=RESOLVE_FAILED result=stagnate elapsed=895s count=83
[2026-05-12T01:21:52Z] issue=1662 skill=AUTO_UNSTUCK result=stagnate_signal elapsed=895s
[2026-05-12T01:22:03Z] issue=1662 category=RESOLVE_NOT_READY exit=1 result=skip
[2026-05-12T01:22:03Z] issue=1662 skill=RESOLVE_FAILED result=stagnate elapsed=906s count=84
[2026-05-12T01:22:03Z] issue=1662 skill=AUTO_UNSTUCK result=stagnate_signal elapsed=906s
[2026-05-12T01:22:14Z] issue=1662 category=RESOLVE_NOT_READY exit=1 result=skip
[2026-05-12T01:22:14Z] issue=1662 skill=RESOLVE_FAILED result=stagnate elapsed=917s count=85
[2026-05-12T01:22:14Z] issue=1662 skill=AUTO_UNSTUCK result=stagnate_signal elapsed=917s
[2026-05-12T01:22:25Z] issue=1662 category=RESOLVE_NOT_READY exit=1 result=skip
[2026-05-12T01:22:25Z] issue=1662 skill=RESOLVE_FAILED result=stagnate elapsed=928s count=86
[2026-05-12T01:22:25Z] issue=1662 skill=AUTO_UNSTUCK result=stagnate_signal elapsed=928s
[2026-05-12T01:22:36Z] issue=1662 category=RESOLVE_NOT_READY exit=1 result=skip
[2026-05-12T01:22:36Z] issue=1662 skill=RESOLVE_FAILED result=stagnate elapsed=939s count=87
[2026-05-12T01:22:36Z] issue=1662 skill=AUTO_UNSTUCK result=stagnate_signal elapsed=939s
[2026-05-12T01:22:47Z] issue=1662 category=RESOLVE_NOT_READY exit=1 result=skip
[2026-05-12T01:22:47Z] issue=1662 skill=RESOLVE_FAILED result=stagnate elapsed=950s count=88
[2026-05-12T01:22:47Z] issue=1662 skill=AUTO_UNSTUCK result=stagnate_signal elapsed=950s
[2026-05-12T01:22:58Z] issue=1662 category=RESOLVE_NOT_READY exit=1 result=skip
[2026-05-12T01:22:58Z] issue=1662 skill=RESOLVE_FAILED result=stagnate elapsed=961s count=89
[2026-05-12T01:22:58Z] issue=1662 skill=AUTO_UNSTUCK result=stagnate_signal elapsed=961s
[2026-05-12T01:23:09Z] issue=1662 category=RESOLVE_NOT_READY exit=1 result=skip
[2026-05-12T01:23:09Z] issue=1662 skill=RESOLVE_FAILED result=stagnate elapsed=972s count=90
[2026-05-12T01:23:09Z] issue=1662 skill=AUTO_UNSTUCK result=stagnate_signal elapsed=972s
[2026-05-12T01:23:20Z] issue=1662 category=RESOLVE_NOT_READY exit=1 result=skip
[2026-05-12T01:23:20Z] issue=1662 skill=RESOLVE_FAILED result=stagnate elapsed=983s count=91
[2026-05-12T01:23:20Z] issue=1662 skill=AUTO_UNSTUCK result=stagnate_signal elapsed=983s
[2026-05-12T01:23:30Z] issue=1662 category=RESOLVE_NOT_READY exit=1 result=skip
[2026-05-12T01:23:30Z] issue=1662 skill=RESOLVE_FAILED result=stagnate elapsed=993s count=92
[2026-05-12T01:23:30Z] issue=1662 skill=AUTO_UNSTUCK result=stagnate_signal elapsed=993s
[2026-05-12T01:23:41Z] issue=1662 category=RESOLVE_NOT_READY exit=1 result=skip
[2026-05-12T01:23:41Z] issue=1662 skill=RESOLVE_FAILED result=stagnate elapsed=1004s count=93
[2026-05-12T01:23:41Z] issue=1662 skill=AUTO_UNSTUCK result=stagnate_signal elapsed=1004s
[2026-05-12T01:23:52Z] issue=1662 category=RESOLVE_NOT_READY exit=1 result=skip
[2026-05-12T01:23:52Z] issue=1662 skill=RESOLVE_FAILED result=stagnate elapsed=1015s count=94
[2026-05-12T01:23:52Z] issue=1662 skill=AUTO_UNSTUCK result=stagnate_signal elapsed=1015s
[2026-05-12T01:24:03Z] issue=1662 category=RESOLVE_NOT_READY exit=1 result=skip
[2026-05-12T01:24:03Z] issue=1662 skill=RESOLVE_FAILED result=stagnate elapsed=1026s count=95
[2026-05-12T01:24:03Z] issue=1662 skill=AUTO_UNSTUCK result=stagnate_signal elapsed=1026s
[2026-05-12T01:24:14Z] issue=1662 category=RESOLVE_NOT_READY exit=1 result=skip
[2026-05-12T01:24:14Z] issue=1662 skill=RESOLVE_FAILED result=stagnate elapsed=1037s count=96
[2026-05-12T01:24:14Z] issue=1662 skill=AUTO_UNSTUCK result=stagnate_signal elapsed=1037s
[2026-05-12T01:24:25Z] issue=1662 category=RESOLVE_NOT_READY exit=1 result=skip
[2026-05-12T01:24:25Z] issue=1662 skill=RESOLVE_FAILED result=stagnate elapsed=1048s count=97
[2026-05-12T01:24:25Z] issue=1662 skill=AUTO_UNSTUCK result=stagnate_signal elapsed=1048s
[2026-05-12T01:24:36Z] issue=1662 category=RESOLVE_NOT_READY exit=1 result=skip
[2026-05-12T01:24:36Z] issue=1662 skill=RESOLVE_FAILED result=stagnate elapsed=1059s count=98
[2026-05-12T01:24:36Z] issue=1662 skill=AUTO_UNSTUCK result=stagnate_signal elapsed=1059s
[2026-05-12T01:24:47Z] issue=1662 category=RESOLVE_NOT_READY exit=1 result=skip
[2026-05-12T01:24:58Z] issue=1662 category=RESOLVE_NOT_READY exit=1 result=skip
[2026-05-12T01:25:08Z] issue=1662 category=RESOLVE_NOT_READY exit=1 result=skip
[2026-05-12T01:25:19Z] issue=1662 category=RESOLVE_NOT_READY exit=1 result=skip
[2026-05-12T01:25:30Z] issue=1662 category=RESOLVE_NOT_READY exit=1 result=skip
[2026-05-12T01:25:41Z] issue=1662 category=RESOLVE_NOT_READY exit=1 result=skip
[2026-05-12T01:25:51Z] issue=1662 category=RESOLVE_NOT_READY exit=1 result=skip
[2026-05-12T01:26:02Z] issue=1662 category=RESOLVE_NOT_READY exit=1 result=skip
[2026-05-12T01:26:13Z] issue=1662 category=RESOLVE_NOT_READY exit=1 result=skip
[2026-05-12T01:26:24Z] issue=1662 category=RESOLVE_NOT_READY exit=1 result=skip
[2026-05-12T01:26:35Z] issue=1662 category=RESOLVE_NOT_READY exit=1 result=skip
[2026-05-12T01:26:46Z] issue=1662 category=RESOLVE_NOT_READY exit=1 result=skip
[2026-05-12T01:26:57Z] issue=1662 category=RESOLVE_NOT_READY exit=1 result=skip
[2026-05-12T01:27:07Z] issue=1662 category=RESOLVE_NOT_READY exit=1 result=skip
[2026-05-12T01:27:18Z] issue=1662 category=RESOLVE_NOT_READY exit=1 result=skip
[2026-05-12T01:27:29Z] issue=1662 category=RESOLVE_NOT_READY exit=1 result=skip
[2026-05-12T01:27:40Z] issue=1662 category=RESOLVE_NOT_READY exit=1 result=skip
[2026-05-12T01:27:51Z] issue=1662 category=RESOLVE_NOT_READY exit=1 result=skip
[2026-05-12T01:28:02Z] issue=1662 category=RESOLVE_NOT_READY exit=1 result=skip
[2026-05-12T01:28:13Z] issue=1662 category=RESOLVE_NOT_READY exit=1 result=skip
[2026-05-12T01:28:24Z] issue=1662 category=RESOLVE_NOT_READY exit=1 result=skip
[2026-05-12T01:28:35Z] issue=1662 category=RESOLVE_NOT_READY exit=1 result=skip
[2026-05-12T01:28:46Z] issue=1662 category=INJECT_SUCCESS skill=/twl:workflow-pr-verify result=success status=running current_step=check pr= branch=
[2026-05-12T01:29:08Z] issue=1662 category=RESOLVE_NOT_READY exit=1 result=skip
[2026-05-12T01:29:19Z] issue=1662 category=RESOLVE_NOT_READY exit=1 result=skip
[2026-05-12T01:29:29Z] issue=1662 category=RESOLVE_NOT_READY exit=1 result=skip
[2026-05-12T01:29:40Z] issue=1662 category=RESOLVE_NOT_READY exit=1 result=skip
[2026-05-12T01:29:51Z] issue=1662 category=RESOLVE_NOT_READY exit=1 result=skip
[2026-05-12T01:30:02Z] issue=1662 category=RESOLVE_NOT_READY exit=1 result=skip
[2026-05-12T01:30:13Z] issue=1662 category=RESOLVE_NOT_READY exit=1 result=skip
[2026-05-12T01:30:24Z] issue=1662 category=RESOLVE_NOT_READY exit=1 result=skip
[2026-05-12T01:30:35Z] issue=1662 category=RESOLVE_NOT_READY exit=1 result=skip
[2026-05-12T01:30:46Z] issue=1662 category=RESOLVE_NOT_READY exit=1 result=skip
[2026-05-12T01:30:57Z] issue=1662 category=RESOLVE_NOT_READY exit=1 result=skip
[2026-05-12T01:31:08Z] issue=1662 category=RESOLVE_NOT_READY exit=1 result=skip
[2026-05-12T01:31:19Z] issue=1662 category=RESOLVE_NOT_READY exit=1 result=skip
[2026-05-12T01:31:30Z] issue=1662 category=RESOLVE_NOT_READY exit=1 result=skip
[2026-05-12T01:31:41Z] issue=1662 category=RESOLVE_NOT_READY exit=1 result=skip
[2026-05-12T01:31:52Z] issue=1662 category=RESOLVE_NOT_READY exit=1 result=skip
[2026-05-12T01:32:03Z] issue=1662 category=RESOLVE_NOT_READY exit=1 result=skip
[2026-05-12T01:32:14Z] issue=1662 category=RESOLVE_NOT_READY exit=1 result=skip
[2026-05-12T01:32:25Z] issue=1662 category=RESOLVE_NOT_READY exit=1 result=skip
[2026-05-12T01:32:36Z] issue=1662 category=RESOLVE_NOT_READY exit=1 result=skip
[2026-05-12T01:32:47Z] issue=1662 category=RESOLVE_NOT_READY exit=1 result=skip
[2026-05-12T01:32:58Z] issue=1662 category=RESOLVE_NOT_READY exit=1 result=skip
[2026-05-12T01:33:09Z] issue=1662 category=RESOLVE_NOT_READY exit=1 result=skip
[2026-05-12T01:33:20Z] issue=1662 category=RESOLVE_NOT_READY exit=1 result=skip
[2026-05-12T01:33:31Z] issue=1662 category=RESOLVE_NOT_READY exit=1 result=skip
[2026-05-12T01:33:42Z] issue=1662 category=RESOLVE_NOT_READY exit=1 result=skip
[2026-05-12T01:33:53Z] issue=1662 category=RESOLVE_NOT_READY exit=1 result=skip
[2026-05-12T01:34:04Z] issue=1662 category=RESOLVE_NOT_READY exit=1 result=skip
[2026-05-12T01:34:15Z] issue=1662 category=RESOLVE_NOT_READY exit=1 result=skip
[2026-05-12T01:34:26Z] issue=1662 category=RESOLVE_NOT_READY exit=1 result=skip
[2026-05-12T01:34:36Z] issue=1662 category=RESOLVE_NOT_READY exit=1 result=skip
[2026-05-12T01:34:47Z] issue=1662 category=RESOLVE_NOT_READY exit=1 result=skip
[2026-05-12T01:34:58Z] issue=1662 category=INJECT_SUCCESS skill=/twl:workflow-pr-fix result=success status=running current_step=ac-verify pr= branch=
[2026-05-12T01:36:58Z] issue=1662 category=RESOLVE_NOT_READY exit=1 result=skip
[2026-05-12T01:37:09Z] issue=1662 category=RESOLVE_NOT_READY exit=1 result=skip
[2026-05-12T01:37:20Z] issue=1662 category=RESOLVE_NOT_READY exit=1 result=skip
[2026-05-12T01:37:31Z] issue=1662 category=INJECT_PR_MERGE_DEBUG skill=/twl:workflow-pr-merge status=running result=debug reason="status not merge-ready, AC-4 expected behavior"
[2026-05-12T01:37:31Z] issue=1662 category=INJECT_SUCCESS skill=/twl:workflow-pr-merge result=success status=running current_step=warning-fix pr= branch=
[2026-05-12T01:37:42Z] issue=1662 category=RESOLVE_NOT_READY exit=1 result=skip
[2026-05-12T01:37:53Z] issue=1662 category=RESOLVE_NOT_READY exit=1 result=skip
[2026-05-12T01:38:04Z] issue=1662 category=RESOLVE_NOT_READY exit=1 result=skip
[2026-05-12T01:38:15Z] issue=1662 category=RESOLVE_NOT_READY exit=1 result=skip
[2026-05-12T01:38:26Z] issue=1662 category=RESOLVE_NOT_READY exit=1 result=skip
[2026-05-12T01:38:37Z] issue=1662 category=RESOLVE_NOT_READY exit=1 result=skip
[2026-05-12T01:38:48Z] issue=1662 category=RESOLVE_NOT_READY exit=1 result=skip
[2026-05-12T01:39:49Z] issue=1663 category=RESOLVE_NOT_READY exit=1 result=skip
[2026-05-12T01:39:59Z] issue=1663 category=RESOLVE_NOT_READY exit=1 result=skip
[2026-05-12T01:40:10Z] issue=1663 category=RESOLVE_NOT_READY exit=1 result=skip
[2026-05-12T01:40:21Z] issue=1663 category=RESOLVE_NOT_READY exit=1 result=skip
[2026-05-12T01:40:32Z] issue=1663 category=RESOLVE_NOT_READY exit=1 result=skip
[2026-05-12T01:40:43Z] issue=1663 category=RESOLVE_NOT_READY exit=1 result=skip
[2026-05-12T01:40:54Z] issue=1663 category=RESOLVE_NOT_READY exit=1 result=skip
[2026-05-12T01:41:05Z] issue=1663 category=RESOLVE_NOT_READY exit=1 result=skip
[2026-05-12T01:41:16Z] issue=1663 category=RESOLVE_NOT_READY exit=1 result=skip
[2026-05-12T01:41:27Z] issue=1663 category=RESOLVE_NOT_READY exit=1 result=skip
[2026-05-12T01:41:37Z] issue=1663 category=RESOLVE_NOT_READY exit=1 result=skip
[2026-05-12T01:41:49Z] issue=1663 category=INJECT_SUCCESS skill=/twl:workflow-test-ready result=success status=running current_step=ac-extract pr= branch=
[2026-05-12T01:42:10Z] issue=1663 category=RESOLVE_NOT_READY exit=1 result=skip
[2026-05-12T01:42:21Z] issue=1663 category=RESOLVE_NOT_READY exit=1 result=skip
[2026-05-12T01:42:32Z] issue=1663 category=RESOLVE_NOT_READY exit=1 result=skip
[2026-05-12T01:42:43Z] issue=1663 category=RESOLVE_NOT_READY exit=1 result=skip
[2026-05-12T01:42:54Z] issue=1663 category=RESOLVE_NOT_READY exit=1 result=skip
[2026-05-12T01:43:05Z] issue=1663 category=RESOLVE_NOT_READY exit=1 result=skip
[2026-05-12T01:43:16Z] issue=1663 category=RESOLVE_NOT_READY exit=1 result=skip
[2026-05-12T01:43:27Z] issue=1663 category=RESOLVE_NOT_READY exit=1 result=skip
[2026-05-12T01:43:38Z] issue=1663 category=RESOLVE_NOT_READY exit=1 result=skip
[2026-05-12T01:43:49Z] issue=1663 category=RESOLVE_NOT_READY exit=1 result=skip
[2026-05-12T01:44:00Z] issue=1663 category=RESOLVE_NOT_READY exit=1 result=skip
[2026-05-12T01:44:11Z] issue=1663 category=RESOLVE_NOT_READY exit=1 result=skip
[2026-05-12T01:44:22Z] issue=1663 category=RESOLVE_NOT_READY exit=1 result=skip
[2026-05-12T01:44:32Z] issue=1663 category=RESOLVE_NOT_READY exit=1 result=skip
[2026-05-12T01:44:43Z] issue=1663 category=RESOLVE_NOT_READY exit=1 result=skip
[2026-05-12T01:44:54Z] issue=1663 category=RESOLVE_NOT_READY exit=1 result=skip
[2026-05-12T01:45:05Z] issue=1663 category=RESOLVE_NOT_READY exit=1 result=skip
[2026-05-12T01:45:16Z] issue=1663 category=RESOLVE_NOT_READY exit=1 result=skip
[2026-05-12T01:45:27Z] issue=1663 category=RESOLVE_NOT_READY exit=1 result=skip
[2026-05-12T01:45:38Z] issue=1663 category=RESOLVE_NOT_READY exit=1 result=skip
[2026-05-12T01:45:49Z] issue=1663 category=RESOLVE_NOT_READY exit=1 result=skip
[2026-05-12T01:46:00Z] issue=1663 category=RESOLVE_NOT_READY exit=1 result=skip
[2026-05-12T01:46:11Z] issue=1663 category=RESOLVE_NOT_READY exit=1 result=skip
[2026-05-12T01:46:22Z] issue=1663 category=RESOLVE_NOT_READY exit=1 result=skip
[2026-05-12T01:46:33Z] issue=1663 category=RESOLVE_NOT_READY exit=1 result=skip
[2026-05-12T01:46:44Z] issue=1663 category=RESOLVE_NOT_READY exit=1 result=skip
[2026-05-12T01:46:54Z] issue=1663 category=RESOLVE_NOT_READY exit=1 result=skip
[2026-05-12T01:47:05Z] issue=1663 category=RESOLVE_NOT_READY exit=1 result=skip
[2026-05-12T01:47:16Z] issue=1663 category=RESOLVE_NOT_READY exit=1 result=skip
[2026-05-12T01:47:27Z] issue=1663 category=RESOLVE_NOT_READY exit=1 result=skip
[2026-05-12T01:47:38Z] issue=1663 category=INJECT_SUCCESS skill=/twl:workflow-pr-verify result=success status=running current_step=check pr= branch=
[2026-05-12T01:48:43Z] issue=1663 category=RESOLVE_NOT_READY exit=1 result=skip
[2026-05-12T01:48:54Z] issue=1663 category=RESOLVE_NOT_READY exit=1 result=skip
[2026-05-12T01:49:05Z] issue=1663 category=RESOLVE_NOT_READY exit=1 result=skip
[2026-05-12T01:49:16Z] issue=1663 category=RESOLVE_NOT_READY exit=1 result=skip
[2026-05-12T01:49:27Z] issue=1663 category=RESOLVE_NOT_READY exit=1 result=skip
[2026-05-12T01:49:38Z] issue=1663 category=RESOLVE_NOT_READY exit=1 result=skip
[2026-05-12T01:49:49Z] issue=1663 category=RESOLVE_NOT_READY exit=1 result=skip
[2026-05-12T01:50:00Z] issue=1663 category=RESOLVE_NOT_READY exit=1 result=skip
[2026-05-12T01:50:11Z] issue=1663 category=RESOLVE_NOT_READY exit=1 result=skip
[2026-05-12T01:50:22Z] issue=1663 category=RESOLVE_NOT_READY exit=1 result=skip
[2026-05-12T01:50:32Z] issue=1663 category=RESOLVE_NOT_READY exit=1 result=skip
[2026-05-12T01:50:43Z] issue=1663 category=RESOLVE_NOT_READY exit=1 result=skip
[2026-05-12T01:50:54Z] issue=1663 category=RESOLVE_NOT_READY exit=1 result=skip
[2026-05-12T01:51:05Z] issue=1663 category=RESOLVE_NOT_READY exit=1 result=skip
[2026-05-12T01:51:16Z] issue=1663 category=RESOLVE_NOT_READY exit=1 result=skip
[2026-05-12T01:51:27Z] issue=1663 category=RESOLVE_NOT_READY exit=1 result=skip
[2026-05-12T01:51:38Z] issue=1663 category=RESOLVE_NOT_READY exit=1 result=skip
[2026-05-12T01:51:49Z] issue=1663 category=RESOLVE_NOT_READY exit=1 result=skip
[2026-05-12T01:52:00Z] issue=1663 category=RESOLVE_NOT_READY exit=1 result=skip
[2026-05-12T01:52:11Z] issue=1663 category=RESOLVE_NOT_READY exit=1 result=skip
[2026-05-12T01:52:22Z] issue=1663 category=RESOLVE_NOT_READY exit=1 result=skip
[2026-05-12T01:52:33Z] issue=1663 category=RESOLVE_NOT_READY exit=1 result=skip
[2026-05-12T01:52:44Z] issue=1663 category=RESOLVE_NOT_READY exit=1 result=skip
[2026-05-12T01:52:55Z] issue=1663 category=RESOLVE_NOT_READY exit=1 result=skip
[2026-05-12T01:53:05Z] issue=1663 category=RESOLVE_NOT_READY exit=1 result=skip
[2026-05-12T01:53:16Z] issue=1663 category=RESOLVE_NOT_READY exit=1 result=skip
[2026-05-12T01:53:27Z] issue=1663 category=RESOLVE_NOT_READY exit=1 result=skip
[2026-05-12T01:53:38Z] issue=1663 category=RESOLVE_NOT_READY exit=1 result=skip
[2026-05-12T01:53:49Z] issue=1663 category=RESOLVE_NOT_READY exit=1 result=skip
[2026-05-12T01:54:00Z] issue=1663 category=RESOLVE_NOT_READY exit=1 result=skip
[2026-05-12T01:54:11Z] issue=1663 category=RESOLVE_NOT_READY exit=1 result=skip
[2026-05-12T01:54:22Z] issue=1663 category=RESOLVE_NOT_READY exit=1 result=skip
[2026-05-12T01:54:33Z] issue=1663 category=RESOLVE_NOT_READY exit=1 result=skip
[2026-05-12T01:54:44Z] issue=1663 category=RESOLVE_NOT_READY exit=1 result=skip
[2026-05-12T01:54:55Z] issue=1663 category=RESOLVE_NOT_READY exit=1 result=skip
[2026-05-12T01:55:06Z] issue=1663 category=RESOLVE_NOT_READY exit=1 result=skip
[2026-05-12T01:55:16Z] issue=1663 category=INJECT_SUCCESS skill=/twl:workflow-pr-fix result=success status=running current_step=ac-verify pr= branch=
[2026-05-12T01:56:22Z] issue=1663 category=INJECT_PR_MERGE_DEBUG skill=/twl:workflow-pr-merge status=running result=debug reason="status not merge-ready, AC-4 expected behavior"
[2026-05-12T01:56:22Z] issue=1663 category=INJECT_SUCCESS skill=/twl:workflow-pr-merge result=success status=running current_step=warning-fix pr= branch=
[2026-05-12T01:58:00Z] issue=1663 category=RESOLVE_NOT_READY exit=1 result=skip
[2026-05-12T01:58:10Z] issue=1663 category=RESOLVE_NOT_READY exit=1 result=skip
[2026-05-12T01:58:21Z] issue=1663 category=RESOLVE_NOT_READY exit=1 result=skip
[2026-05-12T01:58:32Z] issue=1663 category=RESOLVE_NOT_READY exit=1 result=skip
[2026-05-12T01:58:43Z] issue=1663 category=RESOLVE_NOT_READY exit=1 result=skip
[2026-05-12T01:58:54Z] issue=1663 category=RESOLVE_NOT_READY exit=1 result=skip
[2026-05-12T01:59:05Z] issue=1663 category=RESOLVE_NOT_READY exit=1 result=skip
