[2026-05-11T23:00:48Z] issue=1648 category=RESOLVE_NOT_READY exit=1 result=skip
[2026-05-11T23:00:59Z] issue=1648 category=RESOLVE_NOT_READY exit=1 result=skip
[2026-05-11T23:01:09Z] issue=1648 category=RESOLVE_NOT_READY exit=1 result=skip
[2026-05-11T23:01:20Z] issue=1648 category=RESOLVE_NOT_READY exit=1 result=skip
[2026-05-11T23:01:31Z] issue=1648 category=RESOLVE_NOT_READY exit=1 result=skip
[2026-05-11T23:01:41Z] issue=1648 category=RESOLVE_NOT_READY exit=1 result=skip
[2026-05-11T23:01:52Z] issue=1648 category=RESOLVE_NOT_READY exit=1 result=skip
[2026-05-11T23:02:03Z] issue=1648 category=RESOLVE_NOT_READY exit=1 result=skip
[2026-05-11T23:02:13Z] issue=1648 category=RESOLVE_NOT_READY exit=1 result=skip
[2026-05-11T23:02:24Z] issue=1648 category=RESOLVE_NOT_READY exit=1 result=skip
[2026-05-11T23:02:35Z] issue=1648 category=RESOLVE_NOT_READY exit=1 result=skip
[2026-05-11T23:02:46Z] issue=1648 category=RESOLVE_NOT_READY exit=1 result=skip
[2026-05-11T23:02:57Z] issue=1648 category=RESOLVE_NOT_READY exit=1 result=skip
[2026-05-11T23:03:07Z] issue=1648 category=INJECT_SUCCESS skill=/twl:workflow-test-ready result=success status=running current_step=ac-extract pr= branch=
[2026-05-11T23:03:40Z] issue=1648 category=RESOLVE_NOT_READY exit=1 result=skip
[2026-05-11T23:03:51Z] issue=1648 category=RESOLVE_NOT_READY exit=1 result=skip
[2026-05-11T23:04:01Z] issue=1648 category=RESOLVE_NOT_READY exit=1 result=skip
[2026-05-11T23:04:12Z] issue=1648 category=RESOLVE_NOT_READY exit=1 result=skip
[2026-05-11T23:04:23Z] issue=1648 category=RESOLVE_NOT_READY exit=1 result=skip
[2026-05-11T23:04:34Z] issue=1648 category=RESOLVE_NOT_READY exit=1 result=skip
[2026-05-11T23:04:44Z] issue=1648 category=RESOLVE_NOT_READY exit=1 result=skip
[2026-05-11T23:04:55Z] issue=1648 category=RESOLVE_NOT_READY exit=1 result=skip
[2026-05-11T23:05:06Z] issue=1648 category=RESOLVE_NOT_READY exit=1 result=skip
[2026-05-11T23:05:17Z] issue=1648 category=RESOLVE_NOT_READY exit=1 result=skip
[2026-05-11T23:05:27Z] issue=1648 category=RESOLVE_NOT_READY exit=1 result=skip
[2026-05-11T23:05:38Z] issue=1648 category=RESOLVE_NOT_READY exit=1 result=skip
[2026-05-11T23:05:49Z] issue=1648 category=RESOLVE_NOT_READY exit=1 result=skip
[2026-05-11T23:06:00Z] issue=1648 category=RESOLVE_NOT_READY exit=1 result=skip
[2026-05-11T23:06:11Z] issue=1648 category=RESOLVE_NOT_READY exit=1 result=skip
[2026-05-11T23:06:21Z] issue=1648 category=RESOLVE_NOT_READY exit=1 result=skip
[2026-05-11T23:06:32Z] issue=1648 category=RESOLVE_NOT_READY exit=1 result=skip
[2026-05-11T23:06:43Z] issue=1648 category=RESOLVE_NOT_READY exit=1 result=skip
[2026-05-11T23:06:54Z] issue=1648 category=RESOLVE_NOT_READY exit=1 result=skip
[2026-05-11T23:07:04Z] issue=1648 category=RESOLVE_NOT_READY exit=1 result=skip
[2026-05-11T23:07:15Z] issue=1648 category=RESOLVE_NOT_READY exit=1 result=skip
[2026-05-11T23:07:26Z] issue=1648 category=RESOLVE_NOT_READY exit=1 result=skip
[2026-05-11T23:07:37Z] issue=1648 category=RESOLVE_NOT_READY exit=1 result=skip
[2026-05-11T23:07:48Z] issue=1648 category=RESOLVE_NOT_READY exit=1 result=skip
[2026-05-11T23:07:58Z] issue=1648 category=RESOLVE_NOT_READY exit=1 result=skip
[2026-05-11T23:08:09Z] issue=1648 category=RESOLVE_NOT_READY exit=1 result=skip
[2026-05-11T23:08:20Z] issue=1648 category=RESOLVE_NOT_READY exit=1 result=skip
[2026-05-11T23:08:31Z] issue=1648 category=RESOLVE_NOT_READY exit=1 result=skip
[2026-05-11T23:08:42Z] issue=1648 category=RESOLVE_NOT_READY exit=1 result=skip
[2026-05-11T23:08:52Z] issue=1648 category=RESOLVE_NOT_READY exit=1 result=skip
[2026-05-11T23:09:03Z] issue=1648 category=RESOLVE_NOT_READY exit=1 result=skip
[2026-05-11T23:09:14Z] issue=1648 category=RESOLVE_NOT_READY exit=1 result=skip
[2026-05-11T23:09:25Z] issue=1648 category=RESOLVE_NOT_READY exit=1 result=skip
[2026-05-11T23:09:35Z] issue=1648 category=RESOLVE_NOT_READY exit=1 result=skip
[2026-05-11T23:09:46Z] issue=1648 category=RESOLVE_NOT_READY exit=1 result=skip
[2026-05-11T23:09:57Z] issue=1648 category=RESOLVE_NOT_READY exit=1 result=skip
[2026-05-11T23:10:08Z] issue=1648 category=RESOLVE_NOT_READY exit=1 result=skip
[2026-05-11T23:10:18Z] issue=1648 category=RESOLVE_NOT_READY exit=1 result=skip
[2026-05-11T23:10:29Z] issue=1648 category=RESOLVE_NOT_READY exit=1 result=skip
[2026-05-11T23:10:40Z] issue=1648 category=RESOLVE_NOT_READY exit=1 result=skip
[2026-05-11T23:10:51Z] issue=1648 category=RESOLVE_NOT_READY exit=1 result=skip
[2026-05-11T23:11:02Z] issue=1648 category=RESOLVE_NOT_READY exit=1 result=skip
[2026-05-11T23:11:13Z] issue=1648 category=INJECT_SUCCESS skill=/twl:workflow-pr-verify result=success status=running current_step=check pr= branch=
[2026-05-11T23:12:17Z] issue=1648 category=RESOLVE_NOT_READY exit=1 result=skip
[2026-05-11T23:12:28Z] issue=1648 category=RESOLVE_NOT_READY exit=1 result=skip
[2026-05-11T23:12:39Z] issue=1648 category=RESOLVE_NOT_READY exit=1 result=skip
[2026-05-11T23:12:49Z] issue=1648 category=RESOLVE_NOT_READY exit=1 result=skip
[2026-05-11T23:13:00Z] issue=1648 category=RESOLVE_NOT_READY exit=1 result=skip
[2026-05-11T23:13:11Z] issue=1648 category=RESOLVE_NOT_READY exit=1 result=skip
[2026-05-11T23:13:22Z] issue=1648 category=RESOLVE_NOT_READY exit=1 result=skip
[2026-05-11T23:13:33Z] issue=1648 category=RESOLVE_NOT_READY exit=1 result=skip
[2026-05-11T23:13:43Z] issue=1648 category=RESOLVE_NOT_READY exit=1 result=skip
[2026-05-11T23:13:54Z] issue=1648 category=RESOLVE_NOT_READY exit=1 result=skip
[2026-05-11T23:14:05Z] issue=1648 category=RESOLVE_NOT_READY exit=1 result=skip
[2026-05-11T23:14:15Z] issue=1648 category=RESOLVE_NOT_READY exit=1 result=skip
[2026-05-11T23:14:26Z] issue=1648 category=RESOLVE_NOT_READY exit=1 result=skip
[2026-05-11T23:14:37Z] issue=1648 category=RESOLVE_NOT_READY exit=1 result=skip
[2026-05-11T23:14:48Z] issue=1648 category=RESOLVE_NOT_READY exit=1 result=skip
[2026-05-11T23:14:59Z] issue=1648 category=RESOLVE_NOT_READY exit=1 result=skip
[2026-05-11T23:15:09Z] issue=1648 category=RESOLVE_NOT_READY exit=1 result=skip
[2026-05-11T23:15:20Z] issue=1648 category=RESOLVE_NOT_READY exit=1 result=skip
[2026-05-11T23:15:31Z] issue=1648 category=RESOLVE_NOT_READY exit=1 result=skip
[2026-05-11T23:15:42Z] issue=1648 category=RESOLVE_NOT_READY exit=1 result=skip
[2026-05-11T23:15:53Z] issue=1648 category=RESOLVE_NOT_READY exit=1 result=skip
[2026-05-11T23:16:03Z] issue=1648 category=RESOLVE_NOT_READY exit=1 result=skip
[2026-05-11T23:16:14Z] issue=1648 category=RESOLVE_NOT_READY exit=1 result=skip
[2026-05-11T23:16:25Z] issue=1648 category=RESOLVE_NOT_READY exit=1 result=skip
[2026-05-11T23:16:36Z] issue=1648 category=RESOLVE_NOT_READY exit=1 result=skip
[2026-05-11T23:16:47Z] issue=1648 category=RESOLVE_NOT_READY exit=1 result=skip
[2026-05-11T23:16:57Z] issue=1648 category=RESOLVE_NOT_READY exit=1 result=skip
[2026-05-11T23:17:08Z] issue=1648 category=RESOLVE_NOT_READY exit=1 result=skip
[2026-05-11T23:17:19Z] issue=1648 category=RESOLVE_NOT_READY exit=1 result=skip
[2026-05-11T23:17:29Z] issue=1648 category=RESOLVE_NOT_READY exit=1 result=skip
[2026-05-11T23:17:40Z] issue=1648 category=RESOLVE_NOT_READY exit=1 result=skip
[2026-05-11T23:17:51Z] issue=1648 category=RESOLVE_NOT_READY exit=1 result=skip
[2026-05-11T23:18:02Z] issue=1648 category=RESOLVE_NOT_READY exit=1 result=skip
[2026-05-11T23:18:12Z] issue=1648 category=RESOLVE_NOT_READY exit=1 result=skip
[2026-05-11T23:18:23Z] issue=1648 category=RESOLVE_NOT_READY exit=1 result=skip
[2026-05-11T23:18:34Z] issue=1648 category=RESOLVE_NOT_READY exit=1 result=skip
[2026-05-11T23:18:45Z] issue=1648 category=RESOLVE_NOT_READY exit=1 result=skip
[2026-05-11T23:18:55Z] issue=1648 category=RESOLVE_NOT_READY exit=1 result=skip
[2026-05-11T23:19:06Z] issue=1648 category=RESOLVE_NOT_READY exit=1 result=skip
[2026-05-11T23:19:17Z] issue=1648 category=RESOLVE_NOT_READY exit=1 result=skip
[2026-05-11T23:19:27Z] issue=1648 category=RESOLVE_NOT_READY exit=1 result=skip
[2026-05-11T23:19:38Z] issue=1648 category=RESOLVE_NOT_READY exit=1 result=skip
[2026-05-11T23:19:49Z] issue=1648 category=RESOLVE_NOT_READY exit=1 result=skip
[2026-05-11T23:20:00Z] issue=1648 category=RESOLVE_NOT_READY exit=1 result=skip
[2026-05-11T23:20:11Z] issue=1648 category=INJECT_SUCCESS skill=/twl:workflow-pr-fix result=success status=running current_step=ac-verify pr= branch=
[2026-05-11T23:21:36Z] issue=1648 category=INJECT_PR_MERGE_DEBUG skill=/twl:workflow-pr-merge status=running result=debug reason="status not merge-ready, AC-4 expected behavior"
[2026-05-11T23:21:36Z] issue=1648 category=INJECT_SUCCESS skill=/twl:workflow-pr-merge result=success status=running current_step=warning-fix pr= branch=
[2026-05-11T23:23:13Z] issue=1648 category=RESOLVE_NOT_READY exit=1 result=skip
[2026-05-11T23:23:24Z] issue=1648 category=RESOLVE_NOT_READY exit=1 result=skip
[2026-05-11T23:23:34Z] issue=1648 category=RESOLVE_NOT_READY exit=1 result=skip
[2026-05-11T23:23:45Z] issue=1648 category=RESOLVE_NOT_READY exit=1 result=skip
[2026-05-11T23:23:56Z] issue=1648 category=RESOLVE_NOT_READY exit=1 result=skip
[2026-05-11T23:24:07Z] issue=1648 category=RESOLVE_NOT_READY exit=1 result=skip
[2026-05-11T23:24:18Z] issue=1648 category=RESOLVE_NOT_READY exit=1 result=skip
[2026-05-11T23:24:29Z] issue=1648 category=RESOLVE_NOT_READY exit=1 result=skip
[2026-05-11T23:24:39Z] issue=1648 category=RESOLVE_NOT_READY exit=1 result=skip
