[2026-05-12T02:56:51Z] issue=973 category=RESOLVE_NOT_READY exit=1 result=skip
[2026-05-12T02:57:02Z] issue=973 category=RESOLVE_NOT_READY exit=1 result=skip
[2026-05-12T02:57:12Z] issue=973 category=RESOLVE_NOT_READY exit=1 result=skip
[2026-05-12T02:57:23Z] issue=973 category=RESOLVE_NOT_READY exit=1 result=skip
[2026-05-12T02:57:34Z] issue=973 category=RESOLVE_NOT_READY exit=1 result=skip
[2026-05-12T02:57:44Z] issue=973 category=RESOLVE_NOT_READY exit=1 result=skip
[2026-05-12T02:57:55Z] issue=973 category=RESOLVE_NOT_READY exit=1 result=skip
[2026-05-12T02:58:06Z] issue=973 category=INJECT_SUCCESS skill=/twl:workflow-test-ready result=success status=running current_step=ac-extract pr= branch=
[2026-05-12T02:58:38Z] issue=973 category=RESOLVE_NOT_READY exit=1 result=skip
[2026-05-12T02:58:48Z] issue=973 category=RESOLVE_NOT_READY exit=1 result=skip
[2026-05-12T02:58:59Z] issue=973 category=RESOLVE_NOT_READY exit=1 result=skip
[2026-05-12T02:59:10Z] issue=973 category=RESOLVE_NOT_READY exit=1 result=skip
[2026-05-12T02:59:20Z] issue=973 category=RESOLVE_NOT_READY exit=1 result=skip
[2026-05-12T02:59:31Z] issue=973 category=RESOLVE_NOT_READY exit=1 result=skip
[2026-05-12T02:59:42Z] issue=973 category=RESOLVE_NOT_READY exit=1 result=skip
[2026-05-12T02:59:53Z] issue=973 category=RESOLVE_NOT_READY exit=1 result=skip
[2026-05-12T03:00:03Z] issue=973 category=RESOLVE_NOT_READY exit=1 result=skip
[2026-05-12T03:00:14Z] issue=973 category=RESOLVE_NOT_READY exit=1 result=skip
[2026-05-12T03:00:25Z] issue=973 category=RESOLVE_NOT_READY exit=1 result=skip
[2026-05-12T03:00:36Z] issue=973 category=RESOLVE_NOT_READY exit=1 result=skip
[2026-05-12T03:00:47Z] issue=973 category=RESOLVE_NOT_READY exit=1 result=skip
[2026-05-12T03:00:57Z] issue=973 category=RESOLVE_NOT_READY exit=1 result=skip
[2026-05-12T03:01:08Z] issue=973 category=RESOLVE_NOT_READY exit=1 result=skip
[2026-05-12T03:01:19Z] issue=973 category=RESOLVE_NOT_READY exit=1 result=skip
[2026-05-12T03:01:30Z] issue=973 category=RESOLVE_NOT_READY exit=1 result=skip
[2026-05-12T03:01:40Z] issue=973 category=RESOLVE_NOT_READY exit=1 result=skip
[2026-05-12T03:01:51Z] issue=973 category=RESOLVE_NOT_READY exit=1 result=skip
[2026-05-12T03:02:02Z] issue=973 category=RESOLVE_NOT_READY exit=1 result=skip
[2026-05-12T03:02:13Z] issue=973 category=RESOLVE_NOT_READY exit=1 result=skip
[2026-05-12T03:02:23Z] issue=973 category=RESOLVE_NOT_READY exit=1 result=skip
[2026-05-12T03:02:34Z] issue=973 category=RESOLVE_NOT_READY exit=1 result=skip
[2026-05-12T03:02:44Z] issue=973 category=RESOLVE_NOT_READY exit=1 result=skip
[2026-05-12T03:02:55Z] issue=973 category=RESOLVE_NOT_READY exit=1 result=skip
[2026-05-12T03:03:06Z] issue=973 category=RESOLVE_NOT_READY exit=1 result=skip
[2026-05-12T03:03:16Z] issue=973 category=RESOLVE_NOT_READY exit=1 result=skip
[2026-05-12T03:03:27Z] issue=973 category=RESOLVE_NOT_READY exit=1 result=skip
[2026-05-12T03:03:38Z] issue=973 category=RESOLVE_NOT_READY exit=1 result=skip
[2026-05-12T03:03:48Z] issue=973 category=RESOLVE_NOT_READY exit=1 result=skip
[2026-05-12T03:03:59Z] issue=973 category=RESOLVE_NOT_READY exit=1 result=skip
[2026-05-12T03:04:10Z] issue=973 category=RESOLVE_NOT_READY exit=1 result=skip
[2026-05-12T03:04:21Z] issue=973 category=RESOLVE_NOT_READY exit=1 result=skip
[2026-05-12T03:04:32Z] issue=973 category=RESOLVE_NOT_READY exit=1 result=skip
[2026-05-12T03:04:43Z] issue=973 category=RESOLVE_NOT_READY exit=1 result=skip
[2026-05-12T03:04:53Z] issue=973 category=RESOLVE_NOT_READY exit=1 result=skip
[2026-05-12T03:05:04Z] issue=973 category=RESOLVE_NOT_READY exit=1 result=skip
[2026-05-12T03:05:15Z] issue=973 category=RESOLVE_NOT_READY exit=1 result=skip
[2026-05-12T03:05:25Z] issue=973 category=RESOLVE_NOT_READY exit=1 result=skip
[2026-05-12T03:05:36Z] issue=973 category=RESOLVE_NOT_READY exit=1 result=skip
[2026-05-12T03:05:47Z] issue=973 category=RESOLVE_NOT_READY exit=1 result=skip
[2026-05-12T03:05:57Z] issue=973 category=RESOLVE_NOT_READY exit=1 result=skip
[2026-05-12T03:06:08Z] issue=973 category=RESOLVE_NOT_READY exit=1 result=skip
[2026-05-12T03:06:19Z] issue=973 category=RESOLVE_NOT_READY exit=1 result=skip
[2026-05-12T03:06:29Z] issue=973 category=RESOLVE_NOT_READY exit=1 result=skip
[2026-05-12T03:06:40Z] issue=973 category=RESOLVE_NOT_READY exit=1 result=skip
[2026-05-12T03:06:51Z] issue=973 category=RESOLVE_NOT_READY exit=1 result=skip
[2026-05-12T03:07:01Z] issue=973 category=RESOLVE_NOT_READY exit=1 result=skip
[2026-05-12T03:07:12Z] issue=973 category=RESOLVE_NOT_READY exit=1 result=skip
[2026-05-12T03:07:23Z] issue=973 category=RESOLVE_NOT_READY exit=1 result=skip
[2026-05-12T03:07:34Z] issue=973 category=RESOLVE_NOT_READY exit=1 result=skip
[2026-05-12T03:07:44Z] issue=973 category=RESOLVE_NOT_READY exit=1 result=skip
[2026-05-12T03:07:55Z] issue=973 category=RESOLVE_NOT_READY exit=1 result=skip
[2026-05-12T03:08:06Z] issue=973 category=RESOLVE_NOT_READY exit=1 result=skip
[2026-05-12T03:08:16Z] issue=973 category=RESOLVE_NOT_READY exit=1 result=skip
[2026-05-12T03:08:27Z] issue=973 category=RESOLVE_NOT_READY exit=1 result=skip
[2026-05-12T03:08:38Z] issue=973 category=RESOLVE_NOT_READY exit=1 result=skip
[2026-05-12T03:08:48Z] issue=973 category=RESOLVE_NOT_READY exit=1 result=skip
[2026-05-12T03:08:59Z] issue=973 category=RESOLVE_NOT_READY exit=1 result=skip
[2026-05-12T03:09:10Z] issue=973 category=RESOLVE_NOT_READY exit=1 result=skip
[2026-05-12T03:09:21Z] issue=973 category=RESOLVE_NOT_READY exit=1 result=skip
[2026-05-12T03:09:32Z] issue=973 category=RESOLVE_NOT_READY exit=1 result=skip
[2026-05-12T03:09:42Z] issue=973 category=RESOLVE_NOT_READY exit=1 result=skip
[2026-05-12T03:09:53Z] issue=973 category=RESOLVE_NOT_READY exit=1 result=skip
[2026-05-12T03:10:03Z] issue=973 category=RESOLVE_NOT_READY exit=1 result=skip
[2026-05-12T03:10:14Z] issue=973 category=RESOLVE_NOT_READY exit=1 result=skip
[2026-05-12T03:10:25Z] issue=973 category=RESOLVE_NOT_READY exit=1 result=skip
[2026-05-12T03:10:36Z] issue=973 category=RESOLVE_NOT_READY exit=1 result=skip
[2026-05-12T03:10:46Z] issue=973 category=RESOLVE_NOT_READY exit=1 result=skip
[2026-05-12T03:10:57Z] issue=973 category=RESOLVE_NOT_READY exit=1 result=skip
[2026-05-12T03:11:08Z] issue=973 category=RESOLVE_NOT_READY exit=1 result=skip
[2026-05-12T03:11:18Z] issue=973 category=RESOLVE_NOT_READY exit=1 result=skip
[2026-05-12T03:11:29Z] issue=973 category=RESOLVE_NOT_READY exit=1 result=skip
[2026-05-12T03:11:40Z] issue=973 category=RESOLVE_NOT_READY exit=1 result=skip
[2026-05-12T03:11:50Z] issue=973 category=RESOLVE_NOT_READY exit=1 result=skip
[2026-05-12T03:12:01Z] issue=973 category=RESOLVE_NOT_READY exit=1 result=skip
[2026-05-12T03:12:12Z] issue=973 category=RESOLVE_NOT_READY exit=1 result=skip
[2026-05-12T03:12:23Z] issue=973 category=RESOLVE_NOT_READY exit=1 result=skip
[2026-05-12T03:12:34Z] issue=973 category=RESOLVE_NOT_READY exit=1 result=skip
[2026-05-12T03:12:45Z] issue=973 category=RESOLVE_NOT_READY exit=1 result=skip
[2026-05-12T03:12:55Z] issue=973 category=RESOLVE_NOT_READY exit=1 result=skip
[2026-05-12T03:13:06Z] issue=973 category=RESOLVE_NOT_READY exit=1 result=skip
[2026-05-12T03:13:17Z] issue=973 category=RESOLVE_NOT_READY exit=1 result=skip
[2026-05-12T03:13:27Z] issue=973 category=RESOLVE_NOT_READY exit=1 result=skip
[2026-05-12T03:13:38Z] issue=973 category=RESOLVE_NOT_READY exit=1 result=skip
[2026-05-12T03:13:49Z] issue=973 category=RESOLVE_NOT_READY exit=1 result=skip
[2026-05-12T03:14:00Z] issue=973 category=RESOLVE_NOT_READY exit=1 result=skip
[2026-05-12T03:14:11Z] issue=973 category=RESOLVE_NOT_READY exit=1 result=skip
[2026-05-12T03:14:21Z] issue=973 category=RESOLVE_NOT_READY exit=1 result=skip
[2026-05-12T03:14:32Z] issue=973 category=INJECT_SUCCESS skill=/twl:workflow-pr-verify result=success status=running current_step=check pr= branch=
[2026-05-12T03:24:55Z] issue=973 category=RESOLVE_NOT_READY exit=1 result=skip
[2026-05-12T03:25:06Z] issue=973 category=RESOLVE_NOT_READY exit=1 result=skip
[2026-05-12T03:25:17Z] issue=973 category=RESOLVE_NOT_READY exit=1 result=skip
[2026-05-12T03:25:28Z] issue=973 category=RESOLVE_NOT_READY exit=1 result=skip
[2026-05-12T03:25:38Z] issue=973 category=RESOLVE_NOT_READY exit=1 result=skip
[2026-05-12T03:25:49Z] issue=973 category=RESOLVE_NOT_READY exit=1 result=skip
[2026-05-12T03:26:00Z] issue=973 category=RESOLVE_NOT_READY exit=1 result=skip
[2026-05-12T03:26:11Z] issue=973 category=RESOLVE_NOT_READY exit=1 result=skip
[2026-05-12T03:26:22Z] issue=973 category=RESOLVE_NOT_READY exit=1 result=skip
[2026-05-12T03:26:33Z] issue=973 category=RESOLVE_NOT_READY exit=1 result=skip
[2026-05-12T03:26:44Z] issue=973 category=RESOLVE_NOT_READY exit=1 result=skip
[2026-05-12T03:26:55Z] issue=973 category=RESOLVE_NOT_READY exit=1 result=skip
[2026-05-12T03:27:06Z] issue=973 category=RESOLVE_NOT_READY exit=1 result=skip
[2026-05-12T03:27:17Z] issue=973 category=RESOLVE_NOT_READY exit=1 result=skip
[2026-05-12T03:27:27Z] issue=973 category=RESOLVE_NOT_READY exit=1 result=skip
[2026-05-12T03:27:38Z] issue=973 category=RESOLVE_NOT_READY exit=1 result=skip
[2026-05-12T03:27:49Z] issue=973 category=RESOLVE_NOT_READY exit=1 result=skip
[2026-05-12T03:28:00Z] issue=973 category=RESOLVE_NOT_READY exit=1 result=skip
[2026-05-12T03:28:11Z] issue=973 category=RESOLVE_NOT_READY exit=1 result=skip
[2026-05-12T03:28:22Z] issue=973 category=RESOLVE_NOT_READY exit=1 result=skip
[2026-05-12T03:28:32Z] issue=973 category=RESOLVE_NOT_READY exit=1 result=skip
[2026-05-12T03:28:43Z] issue=973 category=RESOLVE_NOT_READY exit=1 result=skip
[2026-05-12T03:28:54Z] issue=973 category=RESOLVE_NOT_READY exit=1 result=skip
[2026-05-12T03:29:05Z] issue=973 category=INJECT_SUCCESS skill=/twl:workflow-pr-fix result=success status=running current_step=ac-verify pr= branch=
[2026-05-12T03:35:23Z] issue=973 category=RESOLVE_NOT_READY exit=1 result=skip
[2026-05-12T03:35:33Z] issue=973 category=RESOLVE_NOT_READY exit=1 result=skip
[2026-05-12T03:35:44Z] issue=973 category=RESOLVE_NOT_READY exit=1 result=skip
[2026-05-12T03:35:55Z] issue=973 category=RESOLVE_NOT_READY exit=1 result=skip
[2026-05-12T03:36:06Z] issue=973 category=RESOLVE_NOT_READY exit=1 result=skip
[2026-05-12T03:36:17Z] issue=973 category=RESOLVE_NOT_READY exit=1 result=skip
[2026-05-12T03:36:28Z] issue=973 category=RESOLVE_NOT_READY exit=1 result=skip
[2026-05-12T03:36:39Z] issue=973 category=RESOLVE_NOT_READY exit=1 result=skip
[2026-05-12T03:36:49Z] issue=973 category=RESOLVE_NOT_READY exit=1 result=skip
[2026-05-12T03:37:00Z] issue=973 category=RESOLVE_NOT_READY exit=1 result=skip
[2026-05-12T03:37:11Z] issue=973 category=RESOLVE_NOT_READY exit=1 result=skip
[2026-05-12T03:37:22Z] issue=973 category=RESOLVE_NOT_READY exit=1 result=skip
[2026-05-12T03:37:33Z] issue=973 category=RESOLVE_NOT_READY exit=1 result=skip
[2026-05-12T03:37:44Z] issue=973 category=RESOLVE_NOT_READY exit=1 result=skip
[2026-05-12T03:37:55Z] issue=973 category=RESOLVE_NOT_READY exit=1 result=skip
[2026-05-12T03:38:05Z] issue=973 category=RESOLVE_NOT_READY exit=1 result=skip
[2026-05-12T03:38:16Z] issue=973 category=RESOLVE_NOT_READY exit=1 result=skip
[2026-05-12T03:38:27Z] issue=973 category=RESOLVE_NOT_READY exit=1 result=skip
[2026-05-12T03:38:38Z] issue=973 category=RESOLVE_NOT_READY exit=1 result=skip
[2026-05-12T03:38:49Z] issue=973 category=RESOLVE_NOT_READY exit=1 result=skip
[2026-05-12T03:39:00Z] issue=973 category=RESOLVE_NOT_READY exit=1 result=skip
[2026-05-12T03:39:11Z] issue=973 category=RESOLVE_NOT_READY exit=1 result=skip
[2026-05-12T03:39:21Z] issue=973 category=RESOLVE_NOT_READY exit=1 result=skip
[2026-05-12T03:39:32Z] issue=973 category=RESOLVE_NOT_READY exit=1 result=skip
[2026-05-12T03:39:43Z] issue=973 category=RESOLVE_NOT_READY exit=1 result=skip
[2026-05-12T03:39:54Z] issue=973 category=RESOLVE_NOT_READY exit=1 result=skip
[2026-05-12T03:40:05Z] issue=973 category=RESOLVE_NOT_READY exit=1 result=skip
[2026-05-12T03:40:16Z] issue=973 category=INJECT_PR_MERGE_DEBUG skill=/twl:workflow-pr-merge status=running result=debug reason="status not merge-ready, AC-4 expected behavior"
[2026-05-12T03:40:16Z] issue=973 category=INJECT_SUCCESS skill=/twl:workflow-pr-merge result=success status=running current_step=warning-fix pr= branch=
[2026-05-12T03:40:59Z] issue=973 category=RESOLVE_NOT_READY exit=1 result=skip
[2026-05-12T03:41:10Z] issue=973 category=RESOLVE_NOT_READY exit=1 result=skip
[2026-05-12T03:41:21Z] issue=973 category=RESOLVE_NOT_READY exit=1 result=skip
[2026-05-12T03:41:32Z] issue=973 category=RESOLVE_NOT_READY exit=1 result=skip
[2026-05-12T03:41:43Z] issue=973 category=RESOLVE_NOT_READY exit=1 result=skip
[2026-05-12T03:41:54Z] issue=973 category=RESOLVE_NOT_READY exit=1 result=skip
[2026-05-12T03:42:05Z] issue=973 category=RESOLVE_NOT_READY exit=1 result=skip
[2026-05-12T03:42:16Z] issue=973 category=RESOLVE_NOT_READY exit=1 result=skip
