[2026-05-12T05:35:51Z] issue=1703 category=RESOLVE_NOT_READY exit=1 result=skip
[2026-05-12T05:36:02Z] issue=1703 category=RESOLVE_NOT_READY exit=1 result=skip
[2026-05-12T05:36:13Z] issue=1703 category=RESOLVE_NOT_READY exit=1 result=skip
[2026-05-12T05:36:24Z] issue=1703 category=RESOLVE_NOT_READY exit=1 result=skip
[2026-05-12T05:36:35Z] issue=1703 category=INJECT_SUCCESS skill=/twl:workflow-test-ready result=success status=running current_step=ac-extract pr= branch=
[2026-05-12T05:36:57Z] issue=1703 category=RESOLVE_NOT_READY exit=1 result=skip
[2026-05-12T05:37:08Z] issue=1703 category=RESOLVE_NOT_READY exit=1 result=skip
[2026-05-12T05:37:19Z] issue=1703 category=RESOLVE_NOT_READY exit=1 result=skip
[2026-05-12T05:37:29Z] issue=1703 category=RESOLVE_NOT_READY exit=1 result=skip
[2026-05-12T05:37:40Z] issue=1703 category=RESOLVE_NOT_READY exit=1 result=skip
[2026-05-12T05:37:51Z] issue=1703 category=RESOLVE_NOT_READY exit=1 result=skip
[2026-05-12T05:38:02Z] issue=1703 category=RESOLVE_NOT_READY exit=1 result=skip
[2026-05-12T05:38:13Z] issue=1703 category=RESOLVE_NOT_READY exit=1 result=skip
[2026-05-12T05:38:24Z] issue=1703 category=RESOLVE_NOT_READY exit=1 result=skip
[2026-05-12T05:38:35Z] issue=1703 category=RESOLVE_NOT_READY exit=1 result=skip
[2026-05-12T05:38:46Z] issue=1703 category=RESOLVE_NOT_READY exit=1 result=skip
[2026-05-12T05:38:57Z] issue=1703 category=RESOLVE_NOT_READY exit=1 result=skip
[2026-05-12T05:39:07Z] issue=1703 category=RESOLVE_NOT_READY exit=1 result=skip
[2026-05-12T05:39:18Z] issue=1703 category=RESOLVE_NOT_READY exit=1 result=skip
[2026-05-12T05:39:29Z] issue=1703 category=RESOLVE_NOT_READY exit=1 result=skip
[2026-05-12T05:39:40Z] issue=1703 category=RESOLVE_NOT_READY exit=1 result=skip
[2026-05-12T05:39:51Z] issue=1703 category=RESOLVE_NOT_READY exit=1 result=skip
[2026-05-12T05:40:02Z] issue=1703 category=RESOLVE_NOT_READY exit=1 result=skip
[2026-05-12T05:40:13Z] issue=1703 category=RESOLVE_NOT_READY exit=1 result=skip
[2026-05-12T05:40:24Z] issue=1703 category=RESOLVE_NOT_READY exit=1 result=skip
[2026-05-12T05:40:35Z] issue=1703 category=RESOLVE_NOT_READY exit=1 result=skip
[2026-05-12T05:40:46Z] issue=1703 category=RESOLVE_NOT_READY exit=1 result=skip
[2026-05-12T05:40:57Z] issue=1703 category=RESOLVE_NOT_READY exit=1 result=skip
[2026-05-12T05:41:08Z] issue=1703 category=RESOLVE_NOT_READY exit=1 result=skip
[2026-05-12T05:41:18Z] issue=1703 category=RESOLVE_NOT_READY exit=1 result=skip
[2026-05-12T05:41:29Z] issue=1703 category=RESOLVE_NOT_READY exit=1 result=skip
[2026-05-12T05:41:40Z] issue=1703 category=RESOLVE_NOT_READY exit=1 result=skip
[2026-05-12T05:41:51Z] issue=1703 category=RESOLVE_NOT_READY exit=1 result=skip
[2026-05-12T05:42:02Z] issue=1703 category=RESOLVE_NOT_READY exit=1 result=skip
[2026-05-12T05:42:13Z] issue=1703 category=RESOLVE_NOT_READY exit=1 result=skip
[2026-05-12T05:42:24Z] issue=1703 category=RESOLVE_NOT_READY exit=1 result=skip
[2026-05-12T05:42:35Z] issue=1703 category=RESOLVE_NOT_READY exit=1 result=skip
[2026-05-12T05:42:46Z] issue=1703 category=RESOLVE_NOT_READY exit=1 result=skip
[2026-05-12T05:42:57Z] issue=1703 category=RESOLVE_NOT_READY exit=1 result=skip
[2026-05-12T05:43:08Z] issue=1703 category=RESOLVE_NOT_READY exit=1 result=skip
[2026-05-12T05:43:19Z] issue=1703 category=RESOLVE_NOT_READY exit=1 result=skip
[2026-05-12T05:43:30Z] issue=1703 category=RESOLVE_NOT_READY exit=1 result=skip
[2026-05-12T05:43:41Z] issue=1703 category=RESOLVE_NOT_READY exit=1 result=skip
[2026-05-12T05:43:52Z] issue=1703 category=RESOLVE_NOT_READY exit=1 result=skip
[2026-05-12T05:44:03Z] issue=1703 category=RESOLVE_NOT_READY exit=1 result=skip
[2026-05-12T05:44:14Z] issue=1703 category=RESOLVE_NOT_READY exit=1 result=skip
[2026-05-12T05:44:25Z] issue=1703 category=RESOLVE_NOT_READY exit=1 result=skip
[2026-05-12T05:44:36Z] issue=1703 category=RESOLVE_NOT_READY exit=1 result=skip
[2026-05-12T05:44:47Z] issue=1703 category=RESOLVE_NOT_READY exit=1 result=skip
[2026-05-12T05:44:58Z] issue=1703 category=RESOLVE_NOT_READY exit=1 result=skip
[2026-05-12T05:45:09Z] issue=1703 category=RESOLVE_NOT_READY exit=1 result=skip
[2026-05-12T05:45:20Z] issue=1703 category=RESOLVE_NOT_READY exit=1 result=skip
[2026-05-12T05:45:31Z] issue=1703 category=RESOLVE_NOT_READY exit=1 result=skip
[2026-05-12T05:45:42Z] issue=1703 category=RESOLVE_NOT_READY exit=1 result=skip
[2026-05-12T05:45:53Z] issue=1703 category=RESOLVE_NOT_READY exit=1 result=skip
[2026-05-12T05:46:04Z] issue=1703 category=RESOLVE_NOT_READY exit=1 result=skip
[2026-05-12T05:46:15Z] issue=1703 category=RESOLVE_NOT_READY exit=1 result=skip
[2026-05-12T05:46:26Z] issue=1703 category=RESOLVE_NOT_READY exit=1 result=skip
[2026-05-12T05:46:37Z] issue=1703 category=RESOLVE_NOT_READY exit=1 result=skip
[2026-05-12T05:46:48Z] issue=1703 category=RESOLVE_NOT_READY exit=1 result=skip
[2026-05-12T05:46:59Z] issue=1703 category=RESOLVE_NOT_READY exit=1 result=skip
[2026-05-12T05:47:10Z] issue=1703 category=RESOLVE_NOT_READY exit=1 result=skip
[2026-05-12T05:47:21Z] issue=1703 category=RESOLVE_NOT_READY exit=1 result=skip
[2026-05-12T05:47:32Z] issue=1703 category=RESOLVE_NOT_READY exit=1 result=skip
[2026-05-12T05:47:43Z] issue=1703 category=RESOLVE_NOT_READY exit=1 result=skip
[2026-05-12T05:47:54Z] issue=1703 category=RESOLVE_NOT_READY exit=1 result=skip
[2026-05-12T05:48:04Z] issue=1703 category=RESOLVE_NOT_READY exit=1 result=skip
[2026-05-12T05:48:04Z] issue=1703 skill=RESOLVE_FAILED result=stagnate elapsed=603s count=56
[2026-05-12T05:48:04Z] issue=1703 skill=AUTO_UNSTUCK result=stagnate_signal elapsed=603s
[2026-05-12T05:48:15Z] issue=1703 category=RESOLVE_NOT_READY exit=1 result=skip
[2026-05-12T05:48:15Z] issue=1703 skill=RESOLVE_FAILED result=stagnate elapsed=613s count=57
[2026-05-12T05:48:15Z] issue=1703 skill=AUTO_UNSTUCK result=stagnate_signal elapsed=613s
[2026-05-12T05:48:26Z] issue=1703 category=RESOLVE_NOT_READY exit=1 result=skip
[2026-05-12T05:48:26Z] issue=1703 skill=RESOLVE_FAILED result=stagnate elapsed=624s count=58
[2026-05-12T05:48:26Z] issue=1703 skill=AUTO_UNSTUCK result=stagnate_signal elapsed=624s
[2026-05-12T05:48:37Z] issue=1703 category=RESOLVE_NOT_READY exit=1 result=skip
[2026-05-12T05:48:37Z] issue=1703 skill=RESOLVE_FAILED result=stagnate elapsed=635s count=59
[2026-05-12T05:48:37Z] issue=1703 skill=AUTO_UNSTUCK result=stagnate_signal elapsed=635s
[2026-05-12T05:48:48Z] issue=1703 category=RESOLVE_NOT_READY exit=1 result=skip
[2026-05-12T05:48:48Z] issue=1703 skill=RESOLVE_FAILED result=stagnate elapsed=646s count=60
[2026-05-12T05:48:48Z] issue=1703 skill=AUTO_UNSTUCK result=stagnate_signal elapsed=646s
[2026-05-12T05:48:59Z] issue=1703 category=RESOLVE_NOT_READY exit=1 result=skip
[2026-05-12T05:48:59Z] issue=1703 skill=RESOLVE_FAILED result=stagnate elapsed=657s count=61
[2026-05-12T05:48:59Z] issue=1703 skill=AUTO_UNSTUCK result=stagnate_signal elapsed=657s
[2026-05-12T05:49:10Z] issue=1703 category=RESOLVE_NOT_READY exit=1 result=skip
[2026-05-12T05:49:10Z] issue=1703 skill=RESOLVE_FAILED result=stagnate elapsed=668s count=62
[2026-05-12T05:49:10Z] issue=1703 skill=AUTO_UNSTUCK result=stagnate_signal elapsed=668s
[2026-05-12T05:49:21Z] issue=1703 category=RESOLVE_NOT_READY exit=1 result=skip
[2026-05-12T05:49:21Z] issue=1703 skill=RESOLVE_FAILED result=stagnate elapsed=679s count=63
[2026-05-12T05:49:21Z] issue=1703 skill=AUTO_UNSTUCK result=stagnate_signal elapsed=679s
[2026-05-12T05:49:32Z] issue=1703 category=RESOLVE_NOT_READY exit=1 result=skip
[2026-05-12T05:49:32Z] issue=1703 skill=RESOLVE_FAILED result=stagnate elapsed=690s count=64
[2026-05-12T05:49:32Z] issue=1703 skill=AUTO_UNSTUCK result=stagnate_signal elapsed=690s
[2026-05-12T05:49:43Z] issue=1703 category=RESOLVE_NOT_READY exit=1 result=skip
[2026-05-12T05:49:43Z] issue=1703 skill=RESOLVE_FAILED result=stagnate elapsed=701s count=65
[2026-05-12T05:49:43Z] issue=1703 skill=AUTO_UNSTUCK result=stagnate_signal elapsed=701s
[2026-05-12T05:49:54Z] issue=1703 category=RESOLVE_NOT_READY exit=1 result=skip
[2026-05-12T05:49:54Z] issue=1703 skill=RESOLVE_FAILED result=stagnate elapsed=712s count=66
[2026-05-12T05:49:54Z] issue=1703 skill=AUTO_UNSTUCK result=stagnate_signal elapsed=712s
[2026-05-12T05:50:05Z] issue=1703 category=RESOLVE_NOT_READY exit=1 result=skip
[2026-05-12T05:50:05Z] issue=1703 skill=RESOLVE_FAILED result=stagnate elapsed=723s count=67
[2026-05-12T05:50:05Z] issue=1703 skill=AUTO_UNSTUCK result=stagnate_signal elapsed=723s
[2026-05-12T05:50:16Z] issue=1703 category=RESOLVE_NOT_READY exit=1 result=skip
[2026-05-12T05:50:16Z] issue=1703 skill=RESOLVE_FAILED result=stagnate elapsed=734s count=68
[2026-05-12T05:50:16Z] issue=1703 skill=AUTO_UNSTUCK result=stagnate_signal elapsed=734s
[2026-05-12T05:50:27Z] issue=1703 category=RESOLVE_NOT_READY exit=1 result=skip
[2026-05-12T05:50:27Z] issue=1703 skill=RESOLVE_FAILED result=stagnate elapsed=745s count=69
[2026-05-12T05:50:27Z] issue=1703 skill=AUTO_UNSTUCK result=stagnate_signal elapsed=745s
[2026-05-12T05:50:38Z] issue=1703 category=RESOLVE_NOT_READY exit=1 result=skip
[2026-05-12T05:50:49Z] issue=1703 category=RESOLVE_NOT_READY exit=1 result=skip
[2026-05-12T05:50:59Z] issue=1703 category=RESOLVE_NOT_READY exit=1 result=skip
[2026-05-12T05:51:10Z] issue=1703 category=RESOLVE_NOT_READY exit=1 result=skip
[2026-05-12T05:51:21Z] issue=1703 category=RESOLVE_NOT_READY exit=1 result=skip
[2026-05-12T05:51:32Z] issue=1703 category=RESOLVE_NOT_READY exit=1 result=skip
[2026-05-12T05:51:43Z] issue=1703 category=RESOLVE_NOT_READY exit=1 result=skip
[2026-05-12T05:51:54Z] issue=1703 category=RESOLVE_NOT_READY exit=1 result=skip
[2026-05-12T05:52:05Z] issue=1703 category=RESOLVE_NOT_READY exit=1 result=skip
[2026-05-12T05:52:16Z] issue=1703 category=RESOLVE_NOT_READY exit=1 result=skip
[2026-05-12T05:52:27Z] issue=1703 category=RESOLVE_NOT_READY exit=1 result=skip
[2026-05-12T05:52:38Z] issue=1703 category=RESOLVE_NOT_READY exit=1 result=skip
[2026-05-12T05:52:49Z] issue=1703 category=RESOLVE_NOT_READY exit=1 result=skip
[2026-05-12T05:53:00Z] issue=1703 category=RESOLVE_NOT_READY exit=1 result=skip
[2026-05-12T05:53:11Z] issue=1703 category=RESOLVE_NOT_READY exit=1 result=skip
[2026-05-12T05:53:22Z] issue=1703 category=RESOLVE_NOT_READY exit=1 result=skip
[2026-05-12T05:53:33Z] issue=1703 category=RESOLVE_NOT_READY exit=1 result=skip
[2026-05-12T05:53:44Z] issue=1703 category=RESOLVE_NOT_READY exit=1 result=skip
[2026-05-12T05:53:55Z] issue=1703 category=RESOLVE_NOT_READY exit=1 result=skip
[2026-05-12T05:54:06Z] issue=1703 category=RESOLVE_NOT_READY exit=1 result=skip
[2026-05-12T05:54:17Z] issue=1703 category=RESOLVE_NOT_READY exit=1 result=skip
[2026-05-12T05:54:28Z] issue=1703 category=RESOLVE_NOT_READY exit=1 result=skip
[2026-05-12T05:54:39Z] issue=1703 category=RESOLVE_NOT_READY exit=1 result=skip
[2026-05-12T05:54:49Z] issue=1703 category=RESOLVE_NOT_READY exit=1 result=skip
[2026-05-12T05:55:00Z] issue=1703 category=RESOLVE_NOT_READY exit=1 result=skip
[2026-05-12T05:55:11Z] issue=1703 category=RESOLVE_NOT_READY exit=1 result=skip
[2026-05-12T05:55:22Z] issue=1703 category=INJECT_SUCCESS skill=/twl:workflow-pr-verify result=success status=running current_step=check pr= branch=
[2026-05-12T05:56:17Z] issue=1703 category=RESOLVE_NOT_READY exit=1 result=skip
[2026-05-12T05:56:28Z] issue=1703 category=RESOLVE_NOT_READY exit=1 result=skip
[2026-05-12T05:56:39Z] issue=1703 category=RESOLVE_NOT_READY exit=1 result=skip
[2026-05-12T05:56:50Z] issue=1703 category=RESOLVE_NOT_READY exit=1 result=skip
[2026-05-12T05:57:01Z] issue=1703 category=RESOLVE_NOT_READY exit=1 result=skip
[2026-05-12T05:57:12Z] issue=1703 category=RESOLVE_NOT_READY exit=1 result=skip
[2026-05-12T05:57:23Z] issue=1703 category=RESOLVE_NOT_READY exit=1 result=skip
[2026-05-12T05:57:34Z] issue=1703 category=RESOLVE_NOT_READY exit=1 result=skip
[2026-05-12T05:57:44Z] issue=1703 category=RESOLVE_NOT_READY exit=1 result=skip
[2026-05-12T05:57:55Z] issue=1703 category=RESOLVE_NOT_READY exit=1 result=skip
[2026-05-12T05:58:06Z] issue=1703 category=RESOLVE_NOT_READY exit=1 result=skip
[2026-05-12T05:58:18Z] issue=1703 category=RESOLVE_NOT_READY exit=1 result=skip
[2026-05-12T05:58:29Z] issue=1703 category=RESOLVE_NOT_READY exit=1 result=skip
[2026-05-12T05:58:40Z] issue=1703 category=RESOLVE_NOT_READY exit=1 result=skip
[2026-05-12T05:58:51Z] issue=1703 category=RESOLVE_NOT_READY exit=1 result=skip
[2026-05-12T05:59:02Z] issue=1703 category=RESOLVE_NOT_READY exit=1 result=skip
[2026-05-12T05:59:13Z] issue=1703 category=RESOLVE_NOT_READY exit=1 result=skip
[2026-05-12T05:59:24Z] issue=1703 category=RESOLVE_NOT_READY exit=1 result=skip
[2026-05-12T05:59:35Z] issue=1703 category=RESOLVE_NOT_READY exit=1 result=skip
[2026-05-12T05:59:46Z] issue=1703 category=RESOLVE_NOT_READY exit=1 result=skip
[2026-05-12T05:59:57Z] issue=1703 category=RESOLVE_NOT_READY exit=1 result=skip
[2026-05-12T06:00:08Z] issue=1703 category=RESOLVE_NOT_READY exit=1 result=skip
[2026-05-12T06:00:19Z] issue=1703 category=RESOLVE_NOT_READY exit=1 result=skip
[2026-05-12T06:00:30Z] issue=1703 category=RESOLVE_NOT_READY exit=1 result=skip
[2026-05-12T06:00:41Z] issue=1703 category=RESOLVE_NOT_READY exit=1 result=skip
[2026-05-12T06:00:52Z] issue=1703 category=RESOLVE_NOT_READY exit=1 result=skip
[2026-05-12T06:01:03Z] issue=1703 category=RESOLVE_NOT_READY exit=1 result=skip
[2026-05-12T06:01:14Z] issue=1703 category=RESOLVE_NOT_READY exit=1 result=skip
[2026-05-12T06:01:25Z] issue=1703 category=RESOLVE_NOT_READY exit=1 result=skip
[2026-05-12T06:01:36Z] issue=1703 category=RESOLVE_NOT_READY exit=1 result=skip
[2026-05-12T06:01:47Z] issue=1703 category=RESOLVE_NOT_READY exit=1 result=skip
[2026-05-12T06:01:58Z] issue=1703 category=RESOLVE_NOT_READY exit=1 result=skip
[2026-05-12T06:02:09Z] issue=1703 category=RESOLVE_NOT_READY exit=1 result=skip
[2026-05-12T06:02:20Z] issue=1703 category=RESOLVE_NOT_READY exit=1 result=skip
[2026-05-12T06:02:31Z] issue=1703 category=RESOLVE_NOT_READY exit=1 result=skip
[2026-05-12T06:02:42Z] issue=1703 category=RESOLVE_NOT_READY exit=1 result=skip
[2026-05-12T06:02:53Z] issue=1703 category=RESOLVE_NOT_READY exit=1 result=skip
[2026-05-12T06:03:04Z] issue=1703 category=RESOLVE_NOT_READY exit=1 result=skip
[2026-05-12T06:03:15Z] issue=1703 category=RESOLVE_NOT_READY exit=1 result=skip
[2026-05-12T06:03:26Z] issue=1703 category=RESOLVE_NOT_READY exit=1 result=skip
[2026-05-12T06:03:37Z] issue=1703 category=RESOLVE_NOT_READY exit=1 result=skip
[2026-05-12T06:03:48Z] issue=1703 category=RESOLVE_NOT_READY exit=1 result=skip
[2026-05-12T06:03:59Z] issue=1703 category=RESOLVE_NOT_READY exit=1 result=skip
[2026-05-12T06:04:10Z] issue=1703 category=RESOLVE_NOT_READY exit=1 result=skip
[2026-05-12T06:04:21Z] issue=1703 category=RESOLVE_NOT_READY exit=1 result=skip
[2026-05-12T06:04:32Z] issue=1703 category=RESOLVE_NOT_READY exit=1 result=skip
[2026-05-12T06:04:43Z] issue=1703 category=RESOLVE_NOT_READY exit=1 result=skip
[2026-05-12T06:04:54Z] issue=1703 category=RESOLVE_NOT_READY exit=1 result=skip
[2026-05-12T06:05:05Z] issue=1703 category=RESOLVE_NOT_READY exit=1 result=skip
[2026-05-12T06:05:15Z] issue=1703 category=RESOLVE_NOT_READY exit=1 result=skip
[2026-05-12T06:05:26Z] issue=1703 category=RESOLVE_NOT_READY exit=1 result=skip
[2026-05-12T06:05:37Z] issue=1703 category=RESOLVE_NOT_READY exit=1 result=skip
[2026-05-12T06:05:48Z] issue=1703 category=RESOLVE_NOT_READY exit=1 result=skip
[2026-05-12T06:05:59Z] issue=1703 category=RESOLVE_NOT_READY exit=1 result=skip
[2026-05-12T06:06:10Z] issue=1703 category=RESOLVE_NOT_READY exit=1 result=skip
[2026-05-12T06:06:21Z] issue=1703 category=INJECT_SUCCESS skill=/twl:workflow-pr-fix result=success status=running current_step=ac-verify pr= branch=
[2026-05-12T06:10:21Z] issue=1703 category=RESOLVE_NOT_READY exit=1 result=skip
[2026-05-12T06:10:32Z] issue=1703 category=RESOLVE_NOT_READY exit=1 result=skip
[2026-05-12T06:10:42Z] issue=1703 category=RESOLVE_NOT_READY exit=1 result=skip
[2026-05-12T06:10:53Z] issue=1703 category=RESOLVE_NOT_READY exit=1 result=skip
[2026-05-12T06:11:04Z] issue=1703 category=RESOLVE_NOT_READY exit=1 result=skip
[2026-05-12T06:11:15Z] issue=1703 category=RESOLVE_NOT_READY exit=1 result=skip
[2026-05-12T06:11:26Z] issue=1703 category=RESOLVE_NOT_READY exit=1 result=skip
[2026-05-12T06:11:37Z] issue=1703 category=RESOLVE_NOT_READY exit=1 result=skip
[2026-05-12T06:11:48Z] issue=1703 category=RESOLVE_NOT_READY exit=1 result=skip
[2026-05-12T06:11:59Z] issue=1703 category=RESOLVE_NOT_READY exit=1 result=skip
[2026-05-12T06:12:10Z] issue=1703 category=RESOLVE_NOT_READY exit=1 result=skip
[2026-05-12T06:12:21Z] issue=1703 category=RESOLVE_NOT_READY exit=1 result=skip
[2026-05-12T06:12:32Z] issue=1703 category=RESOLVE_NOT_READY exit=1 result=skip
[2026-05-12T06:12:43Z] issue=1703 category=RESOLVE_NOT_READY exit=1 result=skip
[2026-05-12T06:12:53Z] issue=1703 category=RESOLVE_NOT_READY exit=1 result=skip
[2026-05-12T06:13:04Z] issue=1703 category=RESOLVE_NOT_READY exit=1 result=skip
[2026-05-12T06:13:15Z] issue=1703 category=RESOLVE_NOT_READY exit=1 result=skip
[2026-05-12T06:13:26Z] issue=1703 category=RESOLVE_NOT_READY exit=1 result=skip
[2026-05-12T06:13:37Z] issue=1703 category=RESOLVE_NOT_READY exit=1 result=skip
[2026-05-12T06:13:48Z] issue=1703 category=RESOLVE_NOT_READY exit=1 result=skip
[2026-05-12T06:13:59Z] issue=1703 category=RESOLVE_NOT_READY exit=1 result=skip
[2026-05-12T06:14:09Z] issue=1703 category=RESOLVE_NOT_READY exit=1 result=skip
[2026-05-12T06:14:20Z] issue=1703 category=RESOLVE_NOT_READY exit=1 result=skip
[2026-05-12T06:14:31Z] issue=1703 category=RESOLVE_NOT_READY exit=1 result=skip
[2026-05-12T06:14:42Z] issue=1703 category=RESOLVE_NOT_READY exit=1 result=skip
[2026-05-12T06:14:53Z] issue=1703 category=RESOLVE_NOT_READY exit=1 result=skip
[2026-05-12T06:15:04Z] issue=1703 category=RESOLVE_NOT_READY exit=1 result=skip
[2026-05-12T06:15:15Z] issue=1703 category=RESOLVE_NOT_READY exit=1 result=skip
[2026-05-12T06:15:26Z] issue=1703 category=INJECT_PR_MERGE_DEBUG skill=/twl:workflow-pr-merge status=running result=debug reason="status not merge-ready, AC-4 expected behavior"
[2026-05-12T06:15:26Z] issue=1703 category=INJECT_SUCCESS skill=/twl:workflow-pr-merge result=success status=running current_step=warning-fix pr= branch=
[2026-05-12T06:15:58Z] issue=1703 category=RESOLVE_NOT_READY exit=1 result=skip
[2026-05-12T06:16:09Z] issue=1703 category=RESOLVE_NOT_READY exit=1 result=skip
[2026-05-12T06:16:20Z] issue=1703 category=RESOLVE_NOT_READY exit=1 result=skip
[2026-05-12T06:16:31Z] issue=1703 category=RESOLVE_NOT_READY exit=1 result=skip
[2026-05-12T06:16:42Z] issue=1703 category=RESOLVE_NOT_READY exit=1 result=skip
[2026-05-12T06:16:53Z] issue=1703 category=RESOLVE_NOT_READY exit=1 result=skip
[2026-05-12T06:17:04Z] issue=1703 category=RESOLVE_NOT_READY exit=1 result=skip
[2026-05-12T06:17:15Z] issue=1703 category=RESOLVE_NOT_READY exit=1 result=skip
