[2026-05-12T02:10:24Z] issue=1684 category=RESOLVE_NOT_READY exit=1 result=skip
[2026-05-12T02:10:35Z] issue=1684 category=RESOLVE_NOT_READY exit=1 result=skip
[2026-05-12T02:10:35Z] issue=1674 category=RESOLVE_NOT_READY exit=1 result=skip
[2026-05-12T02:10:46Z] issue=1684 category=RESOLVE_NOT_READY exit=1 result=skip
[2026-05-12T02:10:46Z] issue=1674 category=RESOLVE_NOT_READY exit=1 result=skip
[2026-05-12T02:10:57Z] issue=1684 category=RESOLVE_NOT_READY exit=1 result=skip
[2026-05-12T02:10:57Z] issue=1674 category=RESOLVE_NOT_READY exit=1 result=skip
[2026-05-12T02:11:08Z] issue=1684 category=RESOLVE_NOT_READY exit=1 result=skip
[2026-05-12T02:11:08Z] issue=1674 category=RESOLVE_NOT_READY exit=1 result=skip
[2026-05-12T02:11:19Z] issue=1684 category=RESOLVE_NOT_READY exit=1 result=skip
[2026-05-12T02:11:19Z] issue=1674 category=RESOLVE_NOT_READY exit=1 result=skip
[2026-05-12T02:11:30Z] issue=1684 category=RESOLVE_NOT_READY exit=1 result=skip
[2026-05-12T02:11:31Z] issue=1674 category=RESOLVE_NOT_READY exit=1 result=skip
[2026-05-12T02:11:42Z] issue=1684 category=RESOLVE_NOT_READY exit=1 result=skip
[2026-05-12T02:11:42Z] issue=1674 category=RESOLVE_NOT_READY exit=1 result=skip
[2026-05-12T02:11:53Z] issue=1684 category=RESOLVE_NOT_READY exit=1 result=skip
[2026-05-12T02:11:53Z] issue=1674 category=RESOLVE_NOT_READY exit=1 result=skip
[2026-05-12T02:12:04Z] issue=1684 category=RESOLVE_NOT_READY exit=1 result=skip
[2026-05-12T02:12:05Z] issue=1674 category=RESOLVE_NOT_READY exit=1 result=skip
[2026-05-12T02:12:16Z] issue=1684 category=RESOLVE_NOT_READY exit=1 result=skip
[2026-05-12T02:12:16Z] issue=1674 category=RESOLVE_NOT_READY exit=1 result=skip
[2026-05-12T02:12:27Z] issue=1684 category=RESOLVE_NOT_READY exit=1 result=skip
[2026-05-12T02:12:27Z] issue=1674 category=RESOLVE_NOT_READY exit=1 result=skip
[2026-05-12T02:12:38Z] issue=1684 category=RESOLVE_NOT_READY exit=1 result=skip
[2026-05-12T02:12:38Z] issue=1674 category=RESOLVE_NOT_READY exit=1 result=skip
[2026-05-12T02:12:49Z] issue=1684 category=RESOLVE_NOT_READY exit=1 result=skip
[2026-05-12T02:12:50Z] issue=1674 category=RESOLVE_NOT_READY exit=1 result=skip
[2026-05-12T02:13:01Z] issue=1684 category=RESOLVE_NOT_READY exit=1 result=skip
[2026-05-12T02:13:01Z] issue=1674 category=RESOLVE_NOT_READY exit=1 result=skip
[2026-05-12T02:13:12Z] issue=1684 category=RESOLVE_NOT_READY exit=1 result=skip
[2026-05-12T02:13:12Z] issue=1674 category=RESOLVE_NOT_READY exit=1 result=skip
[2026-05-12T02:13:23Z] issue=1684 category=RESOLVE_NOT_READY exit=1 result=skip
[2026-05-12T02:13:23Z] issue=1674 category=RESOLVE_NOT_READY exit=1 result=skip
[2026-05-12T02:13:34Z] issue=1684 category=RESOLVE_NOT_READY exit=1 result=skip
[2026-05-12T02:13:35Z] issue=1674 category=RESOLVE_NOT_READY exit=1 result=skip
[2026-05-12T02:13:46Z] issue=1684 category=RESOLVE_NOT_READY exit=1 result=skip
[2026-05-12T02:13:46Z] issue=1674 category=RESOLVE_NOT_READY exit=1 result=skip
[2026-05-12T02:13:57Z] issue=1684 category=RESOLVE_NOT_READY exit=1 result=skip
[2026-05-12T02:13:57Z] issue=1674 category=RESOLVE_NOT_READY exit=1 result=skip
[2026-05-12T02:14:08Z] issue=1684 category=RESOLVE_NOT_READY exit=1 result=skip
[2026-05-12T02:14:08Z] issue=1674 category=RESOLVE_NOT_READY exit=1 result=skip
[2026-05-12T02:14:19Z] issue=1684 category=RESOLVE_NOT_READY exit=1 result=skip
[2026-05-12T02:14:20Z] issue=1674 category=INJECT_SUCCESS skill=/twl:workflow-test-ready result=success status=running current_step=ac-extract pr= branch=
[2026-05-12T02:14:31Z] issue=1684 category=INJECT_SUCCESS skill=/twl:workflow-test-ready result=success status=running current_step=ac-extract pr= branch=
[2026-05-12T02:14:42Z] issue=1684 category=RESOLVE_NOT_READY exit=1 result=skip
[2026-05-12T02:14:42Z] issue=1674 category=RESOLVE_NOT_READY exit=1 result=skip
[2026-05-12T02:14:53Z] issue=1684 category=RESOLVE_NOT_READY exit=1 result=skip
[2026-05-12T02:14:54Z] issue=1674 category=RESOLVE_NOT_READY exit=1 result=skip
[2026-05-12T02:15:05Z] issue=1684 category=RESOLVE_NOT_READY exit=1 result=skip
[2026-05-12T02:15:05Z] issue=1674 category=RESOLVE_NOT_READY exit=1 result=skip
[2026-05-12T02:15:16Z] issue=1684 category=RESOLVE_NOT_READY exit=1 result=skip
[2026-05-12T02:15:16Z] issue=1674 category=RESOLVE_NOT_READY exit=1 result=skip
[2026-05-12T02:15:27Z] issue=1684 category=RESOLVE_NOT_READY exit=1 result=skip
[2026-05-12T02:15:27Z] issue=1674 category=RESOLVE_NOT_READY exit=1 result=skip
[2026-05-12T02:15:38Z] issue=1684 category=RESOLVE_NOT_READY exit=1 result=skip
[2026-05-12T02:15:39Z] issue=1674 category=RESOLVE_NOT_READY exit=1 result=skip
[2026-05-12T02:15:50Z] issue=1684 category=RESOLVE_NOT_READY exit=1 result=skip
[2026-05-12T02:15:50Z] issue=1674 category=RESOLVE_NOT_READY exit=1 result=skip
[2026-05-12T02:16:01Z] issue=1684 category=RESOLVE_NOT_READY exit=1 result=skip
[2026-05-12T02:16:01Z] issue=1674 category=RESOLVE_NOT_READY exit=1 result=skip
[2026-05-12T02:16:12Z] issue=1684 category=RESOLVE_NOT_READY exit=1 result=skip
[2026-05-12T02:16:13Z] issue=1674 category=RESOLVE_NOT_READY exit=1 result=skip
[2026-05-12T02:16:24Z] issue=1684 category=RESOLVE_NOT_READY exit=1 result=skip
[2026-05-12T02:16:24Z] issue=1674 category=RESOLVE_NOT_READY exit=1 result=skip
[2026-05-12T02:16:35Z] issue=1684 category=RESOLVE_NOT_READY exit=1 result=skip
[2026-05-12T02:16:35Z] issue=1674 category=RESOLVE_NOT_READY exit=1 result=skip
[2026-05-12T02:16:46Z] issue=1684 category=RESOLVE_NOT_READY exit=1 result=skip
[2026-05-12T02:16:46Z] issue=1674 category=RESOLVE_NOT_READY exit=1 result=skip
[2026-05-12T02:16:58Z] issue=1684 category=RESOLVE_NOT_READY exit=1 result=skip
[2026-05-12T02:16:58Z] issue=1674 category=RESOLVE_NOT_READY exit=1 result=skip
[2026-05-12T02:17:09Z] issue=1684 category=RESOLVE_NOT_READY exit=1 result=skip
[2026-05-12T02:17:09Z] issue=1674 category=RESOLVE_NOT_READY exit=1 result=skip
[2026-05-12T02:17:20Z] issue=1684 category=RESOLVE_NOT_READY exit=1 result=skip
[2026-05-12T02:17:20Z] issue=1674 category=RESOLVE_NOT_READY exit=1 result=skip
[2026-05-12T02:17:31Z] issue=1684 category=RESOLVE_NOT_READY exit=1 result=skip
[2026-05-12T02:17:32Z] issue=1674 category=RESOLVE_NOT_READY exit=1 result=skip
[2026-05-12T02:17:43Z] issue=1684 category=RESOLVE_NOT_READY exit=1 result=skip
[2026-05-12T02:17:43Z] issue=1674 category=RESOLVE_NOT_READY exit=1 result=skip
[2026-05-12T02:17:54Z] issue=1684 category=RESOLVE_NOT_READY exit=1 result=skip
[2026-05-12T02:17:54Z] issue=1674 category=RESOLVE_NOT_READY exit=1 result=skip
[2026-05-12T02:18:05Z] issue=1684 category=RESOLVE_NOT_READY exit=1 result=skip
[2026-05-12T02:18:05Z] issue=1674 category=RESOLVE_NOT_READY exit=1 result=skip
[2026-05-12T02:18:16Z] issue=1684 category=RESOLVE_NOT_READY exit=1 result=skip
[2026-05-12T02:18:17Z] issue=1674 category=RESOLVE_NOT_READY exit=1 result=skip
[2026-05-12T02:18:28Z] issue=1684 category=RESOLVE_NOT_READY exit=1 result=skip
[2026-05-12T02:18:28Z] issue=1674 category=RESOLVE_NOT_READY exit=1 result=skip
[2026-05-12T02:18:39Z] issue=1684 category=RESOLVE_NOT_READY exit=1 result=skip
[2026-05-12T02:18:39Z] issue=1674 category=RESOLVE_NOT_READY exit=1 result=skip
[2026-05-12T02:18:50Z] issue=1684 category=RESOLVE_NOT_READY exit=1 result=skip
[2026-05-12T02:18:51Z] issue=1674 category=RESOLVE_NOT_READY exit=1 result=skip
[2026-05-12T02:19:02Z] issue=1684 category=RESOLVE_NOT_READY exit=1 result=skip
[2026-05-12T02:19:02Z] issue=1674 category=RESOLVE_NOT_READY exit=1 result=skip
[2026-05-12T02:19:13Z] issue=1684 category=RESOLVE_NOT_READY exit=1 result=skip
[2026-05-12T02:19:13Z] issue=1674 category=RESOLVE_NOT_READY exit=1 result=skip
[2026-05-12T02:19:24Z] issue=1684 category=RESOLVE_NOT_READY exit=1 result=skip
[2026-05-12T02:19:24Z] issue=1674 category=RESOLVE_NOT_READY exit=1 result=skip
[2026-05-12T02:19:35Z] issue=1684 category=RESOLVE_NOT_READY exit=1 result=skip
[2026-05-12T02:19:36Z] issue=1674 category=RESOLVE_NOT_READY exit=1 result=skip
[2026-05-12T02:19:47Z] issue=1684 category=RESOLVE_NOT_READY exit=1 result=skip
[2026-05-12T02:19:47Z] issue=1674 category=RESOLVE_NOT_READY exit=1 result=skip
[2026-05-12T02:19:58Z] issue=1684 category=RESOLVE_NOT_READY exit=1 result=skip
[2026-05-12T02:19:58Z] issue=1674 category=RESOLVE_NOT_READY exit=1 result=skip
[2026-05-12T02:20:09Z] issue=1684 category=RESOLVE_NOT_READY exit=1 result=skip
[2026-05-12T02:20:09Z] issue=1674 category=RESOLVE_NOT_READY exit=1 result=skip
[2026-05-12T02:20:20Z] issue=1684 category=RESOLVE_NOT_READY exit=1 result=skip
[2026-05-12T02:20:21Z] issue=1674 category=RESOLVE_NOT_READY exit=1 result=skip
[2026-05-12T02:20:32Z] issue=1684 category=RESOLVE_NOT_READY exit=1 result=skip
[2026-05-12T02:20:32Z] issue=1674 category=RESOLVE_NOT_READY exit=1 result=skip
[2026-05-12T02:20:43Z] issue=1684 category=RESOLVE_NOT_READY exit=1 result=skip
[2026-05-12T02:20:43Z] issue=1674 category=RESOLVE_NOT_READY exit=1 result=skip
[2026-05-12T02:20:54Z] issue=1684 category=RESOLVE_NOT_READY exit=1 result=skip
[2026-05-12T02:20:55Z] issue=1674 category=RESOLVE_NOT_READY exit=1 result=skip
[2026-05-12T02:21:06Z] issue=1684 category=RESOLVE_NOT_READY exit=1 result=skip
[2026-05-12T02:21:06Z] issue=1674 category=RESOLVE_NOT_READY exit=1 result=skip
[2026-05-12T02:21:17Z] issue=1684 category=RESOLVE_NOT_READY exit=1 result=skip
[2026-05-12T02:21:17Z] issue=1674 category=RESOLVE_NOT_READY exit=1 result=skip
[2026-05-12T02:21:28Z] issue=1684 category=RESOLVE_NOT_READY exit=1 result=skip
[2026-05-12T02:21:28Z] issue=1674 category=RESOLVE_NOT_READY exit=1 result=skip
[2026-05-12T02:21:39Z] issue=1684 category=RESOLVE_NOT_READY exit=1 result=skip
[2026-05-12T02:21:40Z] issue=1674 category=RESOLVE_NOT_READY exit=1 result=skip
[2026-05-12T02:21:51Z] issue=1684 category=INJECT_SUCCESS skill=/twl:workflow-pr-verify result=success status=running current_step=check pr= branch=
[2026-05-12T02:21:51Z] issue=1674 category=RESOLVE_NOT_READY exit=1 result=skip
[2026-05-12T02:22:02Z] issue=1674 category=RESOLVE_NOT_READY exit=1 result=skip
[2026-05-12T02:22:13Z] issue=1674 category=RESOLVE_NOT_READY exit=1 result=skip
[2026-05-12T02:22:25Z] issue=1674 category=RESOLVE_NOT_READY exit=1 result=skip
[2026-05-12T02:22:36Z] issue=1674 category=RESOLVE_NOT_READY exit=1 result=skip
[2026-05-12T02:22:47Z] issue=1684 category=RESOLVE_NOT_READY exit=1 result=skip
[2026-05-12T02:22:47Z] issue=1674 category=RESOLVE_NOT_READY exit=1 result=skip
[2026-05-12T02:22:58Z] issue=1684 category=RESOLVE_NOT_READY exit=1 result=skip
[2026-05-12T02:22:58Z] issue=1674 category=RESOLVE_NOT_READY exit=1 result=skip
[2026-05-12T02:23:09Z] issue=1684 category=RESOLVE_NOT_READY exit=1 result=skip
[2026-05-12T02:23:09Z] issue=1674 category=RESOLVE_NOT_READY exit=1 result=skip
[2026-05-12T02:23:20Z] issue=1684 category=RESOLVE_NOT_READY exit=1 result=skip
[2026-05-12T02:23:21Z] issue=1674 category=RESOLVE_NOT_READY exit=1 result=skip
[2026-05-12T02:23:32Z] issue=1684 category=RESOLVE_NOT_READY exit=1 result=skip
[2026-05-12T02:23:32Z] issue=1674 category=RESOLVE_NOT_READY exit=1 result=skip
[2026-05-12T02:23:43Z] issue=1684 category=RESOLVE_NOT_READY exit=1 result=skip
[2026-05-12T02:23:43Z] issue=1674 category=RESOLVE_NOT_READY exit=1 result=skip
[2026-05-12T02:23:54Z] issue=1684 category=RESOLVE_NOT_READY exit=1 result=skip
[2026-05-12T02:23:54Z] issue=1674 category=RESOLVE_NOT_READY exit=1 result=skip
[2026-05-12T02:24:06Z] issue=1684 category=RESOLVE_NOT_READY exit=1 result=skip
[2026-05-12T02:24:06Z] issue=1674 category=RESOLVE_NOT_READY exit=1 result=skip
[2026-05-12T02:24:17Z] issue=1684 category=RESOLVE_NOT_READY exit=1 result=skip
[2026-05-12T02:24:17Z] issue=1674 category=RESOLVE_NOT_READY exit=1 result=skip
[2026-05-12T02:24:28Z] issue=1684 category=RESOLVE_NOT_READY exit=1 result=skip
[2026-05-12T02:24:29Z] issue=1674 category=RESOLVE_NOT_READY exit=1 result=skip
[2026-05-12T02:24:40Z] issue=1684 category=RESOLVE_NOT_READY exit=1 result=skip
[2026-05-12T02:24:40Z] issue=1674 category=RESOLVE_NOT_READY exit=1 result=skip
[2026-05-12T02:24:51Z] issue=1684 category=RESOLVE_NOT_READY exit=1 result=skip
[2026-05-12T02:24:51Z] issue=1674 category=RESOLVE_NOT_READY exit=1 result=skip
[2026-05-12T02:25:02Z] issue=1684 category=RESOLVE_NOT_READY exit=1 result=skip
[2026-05-12T02:25:02Z] issue=1674 category=RESOLVE_NOT_READY exit=1 result=skip
[2026-05-12T02:25:14Z] issue=1684 category=RESOLVE_NOT_READY exit=1 result=skip
[2026-05-12T02:25:14Z] issue=1674 category=RESOLVE_NOT_READY exit=1 result=skip
[2026-05-12T02:25:25Z] issue=1684 category=RESOLVE_NOT_READY exit=1 result=skip
[2026-05-12T02:25:25Z] issue=1674 category=RESOLVE_NOT_READY exit=1 result=skip
[2026-05-12T02:25:36Z] issue=1684 category=RESOLVE_NOT_READY exit=1 result=skip
[2026-05-12T02:25:37Z] issue=1674 category=RESOLVE_NOT_READY exit=1 result=skip
[2026-05-12T02:25:48Z] issue=1684 category=RESOLVE_NOT_READY exit=1 result=skip
[2026-05-12T02:25:48Z] issue=1674 category=RESOLVE_NOT_READY exit=1 result=skip
[2026-05-12T02:25:59Z] issue=1684 category=RESOLVE_NOT_READY exit=1 result=skip
[2026-05-12T02:25:59Z] issue=1674 category=RESOLVE_NOT_READY exit=1 result=skip
[2026-05-12T02:26:10Z] issue=1684 category=RESOLVE_NOT_READY exit=1 result=skip
[2026-05-12T02:26:11Z] issue=1674 category=RESOLVE_NOT_READY exit=1 result=skip
[2026-05-12T02:26:22Z] issue=1684 category=RESOLVE_NOT_READY exit=1 result=skip
[2026-05-12T02:26:22Z] issue=1674 category=RESOLVE_NOT_READY exit=1 result=skip
[2026-05-12T02:26:33Z] issue=1684 category=RESOLVE_NOT_READY exit=1 result=skip
[2026-05-12T02:26:33Z] issue=1674 category=RESOLVE_NOT_READY exit=1 result=skip
[2026-05-12T02:26:44Z] issue=1684 category=RESOLVE_NOT_READY exit=1 result=skip
[2026-05-12T02:26:44Z] issue=1674 category=RESOLVE_NOT_READY exit=1 result=skip
[2026-05-12T02:26:55Z] issue=1684 category=INJECT_SUCCESS skill=/twl:workflow-pr-fix result=success status=running current_step=ac-verify pr= branch=
[2026-05-12T02:26:56Z] issue=1674 category=RESOLVE_NOT_READY exit=1 result=skip
[2026-05-12T02:27:07Z] issue=1674 category=RESOLVE_NOT_READY exit=1 result=skip
[2026-05-12T02:27:18Z] issue=1674 category=RESOLVE_NOT_READY exit=1 result=skip
[2026-05-12T02:27:29Z] issue=1674 category=RESOLVE_NOT_READY exit=1 result=skip
[2026-05-12T02:27:41Z] issue=1674 category=RESOLVE_NOT_READY exit=1 result=skip
[2026-05-12T02:27:52Z] issue=1674 category=RESOLVE_NOT_READY exit=1 result=skip
[2026-05-12T02:28:03Z] issue=1674 category=RESOLVE_NOT_READY exit=1 result=skip
[2026-05-12T02:28:14Z] issue=1674 category=RESOLVE_NOT_READY exit=1 result=skip
[2026-05-12T02:28:25Z] issue=1684 category=INJECT_PR_MERGE_DEBUG skill=/twl:workflow-pr-merge status=running result=debug reason="status not merge-ready, AC-4 expected behavior"
[2026-05-12T02:28:25Z] issue=1684 category=INJECT_SUCCESS skill=/twl:workflow-pr-merge result=success status=running current_step=warning-fix pr= branch=
[2026-05-12T02:28:26Z] issue=1674 category=RESOLVE_NOT_READY exit=1 result=skip
[2026-05-12T02:28:37Z] issue=1674 category=RESOLVE_NOT_READY exit=1 result=skip
[2026-05-12T02:28:48Z] issue=1674 category=RESOLVE_NOT_READY exit=1 result=skip
[2026-05-12T02:28:59Z] issue=1674 category=RESOLVE_NOT_READY exit=1 result=skip
[2026-05-12T02:29:11Z] issue=1674 category=RESOLVE_NOT_READY exit=1 result=skip
[2026-05-12T02:29:22Z] issue=1674 category=RESOLVE_NOT_READY exit=1 result=skip
[2026-05-12T02:29:33Z] issue=1674 category=RESOLVE_NOT_READY exit=1 result=skip
[2026-05-12T02:29:44Z] issue=1674 category=RESOLVE_NOT_READY exit=1 result=skip
[2026-05-12T02:29:55Z] issue=1674 category=RESOLVE_NOT_READY exit=1 result=skip
[2026-05-12T02:30:07Z] issue=1674 category=RESOLVE_NOT_READY exit=1 result=skip
[2026-05-12T02:30:18Z] issue=1674 category=RESOLVE_NOT_READY exit=1 result=skip
[2026-05-12T02:30:29Z] issue=1684 category=RESOLVE_NOT_READY exit=1 result=skip
[2026-05-12T02:30:29Z] issue=1674 category=RESOLVE_NOT_READY exit=1 result=skip
[2026-05-12T02:30:40Z] issue=1684 category=RESOLVE_NOT_READY exit=1 result=skip
[2026-05-12T02:30:41Z] issue=1674 category=RESOLVE_NOT_READY exit=1 result=skip
[2026-05-12T02:30:52Z] issue=1684 category=RESOLVE_NOT_READY exit=1 result=skip
[2026-05-12T02:30:52Z] issue=1674 category=RESOLVE_NOT_READY exit=1 result=skip
[2026-05-12T02:31:03Z] issue=1684 category=RESOLVE_NOT_READY exit=1 result=skip
[2026-05-12T02:31:03Z] issue=1674 category=RESOLVE_NOT_READY exit=1 result=skip
[2026-05-12T02:31:14Z] issue=1684 category=RESOLVE_NOT_READY exit=1 result=skip
[2026-05-12T02:31:14Z] issue=1674 category=RESOLVE_NOT_READY exit=1 result=skip
[2026-05-12T02:31:25Z] issue=1684 category=RESOLVE_NOT_READY exit=1 result=skip
[2026-05-12T02:31:26Z] issue=1674 category=RESOLVE_NOT_READY exit=1 result=skip
[2026-05-12T02:31:37Z] issue=1684 category=RESOLVE_NOT_READY exit=1 result=skip
[2026-05-12T02:31:37Z] issue=1674 category=RESOLVE_NOT_READY exit=1 result=skip
[2026-05-12T02:31:48Z] issue=1684 category=RESOLVE_NOT_READY exit=1 result=skip
[2026-05-12T02:31:48Z] issue=1674 category=RESOLVE_NOT_READY exit=1 result=skip
[2026-05-12T02:31:59Z] issue=1684 category=RESOLVE_NOT_READY exit=1 result=skip
[2026-05-12T02:32:00Z] issue=1674 category=RESOLVE_NOT_READY exit=1 result=skip
[2026-05-12T02:32:10Z] issue=1684 category=RESOLVE_NOT_READY exit=1 result=skip
[2026-05-12T02:32:11Z] issue=1674 category=RESOLVE_NOT_READY exit=1 result=skip
[2026-05-12T02:32:22Z] issue=1684 category=RESOLVE_NOT_READY exit=1 result=skip
[2026-05-12T02:32:22Z] issue=1674 category=RESOLVE_NOT_READY exit=1 result=skip
[2026-05-12T02:32:33Z] issue=1684 category=RESOLVE_NOT_READY exit=1 result=skip
[2026-05-12T02:32:33Z] issue=1674 category=RESOLVE_NOT_READY exit=1 result=skip
[2026-05-12T02:32:44Z] issue=1684 category=RESOLVE_NOT_READY exit=1 result=skip
[2026-05-12T02:32:45Z] issue=1674 category=RESOLVE_NOT_READY exit=1 result=skip
[2026-05-12T02:32:55Z] issue=1684 category=RESOLVE_NOT_READY exit=1 result=skip
[2026-05-12T02:32:56Z] issue=1674 category=RESOLVE_NOT_READY exit=1 result=skip
[2026-05-12T02:33:07Z] issue=1684 category=RESOLVE_NOT_READY exit=1 result=skip
[2026-05-12T02:33:07Z] issue=1674 category=RESOLVE_NOT_READY exit=1 result=skip
[2026-05-12T02:33:18Z] issue=1684 category=RESOLVE_NOT_READY exit=1 result=skip
[2026-05-12T02:33:18Z] issue=1674 category=RESOLVE_NOT_READY exit=1 result=skip
[2026-05-12T02:33:29Z] issue=1684 category=RESOLVE_NOT_READY exit=1 result=skip
[2026-05-12T02:33:30Z] issue=1674 category=RESOLVE_NOT_READY exit=1 result=skip
[2026-05-12T02:33:41Z] issue=1684 category=RESOLVE_NOT_READY exit=1 result=skip
[2026-05-12T02:33:41Z] issue=1674 category=RESOLVE_NOT_READY exit=1 result=skip
[2026-05-12T02:33:52Z] issue=1684 category=RESOLVE_NOT_READY exit=1 result=skip
[2026-05-12T02:33:52Z] issue=1674 category=RESOLVE_NOT_READY exit=1 result=skip
[2026-05-12T02:34:03Z] issue=1684 category=RESOLVE_NOT_READY exit=1 result=skip
[2026-05-12T02:34:03Z] issue=1674 category=RESOLVE_NOT_READY exit=1 result=skip
[2026-05-12T02:34:14Z] issue=1684 category=RESOLVE_NOT_READY exit=1 result=skip
[2026-05-12T02:34:15Z] issue=1674 category=RESOLVE_NOT_READY exit=1 result=skip
[2026-05-12T02:34:26Z] issue=1684 category=RESOLVE_NOT_READY exit=1 result=skip
[2026-05-12T02:34:26Z] issue=1674 category=RESOLVE_NOT_READY exit=1 result=skip
[2026-05-12T02:34:37Z] issue=1684 category=RESOLVE_NOT_READY exit=1 result=skip
[2026-05-12T02:34:37Z] issue=1674 category=RESOLVE_NOT_READY exit=1 result=skip
[2026-05-12T02:34:48Z] issue=1684 category=RESOLVE_NOT_READY exit=1 result=skip
[2026-05-12T02:34:48Z] issue=1674 category=RESOLVE_NOT_READY exit=1 result=skip
[2026-05-12T02:34:59Z] issue=1684 category=RESOLVE_NOT_READY exit=1 result=skip
[2026-05-12T02:34:59Z] issue=1674 category=RESOLVE_NOT_READY exit=1 result=skip
[2026-05-12T02:35:10Z] issue=1684 category=RESOLVE_NOT_READY exit=1 result=skip
[2026-05-12T02:35:11Z] issue=1674 category=RESOLVE_NOT_READY exit=1 result=skip
[2026-05-12T02:35:22Z] issue=1684 category=RESOLVE_NOT_READY exit=1 result=skip
[2026-05-12T02:35:22Z] issue=1674 category=INJECT_SUCCESS skill=/twl:workflow-pr-verify result=success status=running current_step=check pr= branch=
[2026-05-12T02:35:33Z] issue=1684 category=RESOLVE_NOT_READY exit=1 result=skip
[2026-05-12T02:35:44Z] issue=1684 category=RESOLVE_NOT_READY exit=1 result=skip
[2026-05-12T02:35:44Z] issue=1674 category=RESOLVE_NOT_READY exit=1 result=skip
[2026-05-12T02:35:55Z] issue=1684 category=RESOLVE_NOT_READY exit=1 result=skip
[2026-05-12T02:35:56Z] issue=1674 category=RESOLVE_NOT_READY exit=1 result=skip
[2026-05-12T02:36:07Z] issue=1684 category=RESOLVE_NOT_READY exit=1 result=skip
[2026-05-12T02:36:07Z] issue=1674 category=RESOLVE_NOT_READY exit=1 result=skip
[2026-05-12T02:36:18Z] issue=1684 category=RESOLVE_NOT_READY exit=1 result=skip
[2026-05-12T02:36:18Z] issue=1674 category=RESOLVE_NOT_READY exit=1 result=skip
[2026-05-12T02:36:29Z] issue=1684 category=RESOLVE_NOT_READY exit=1 result=skip
[2026-05-12T02:36:30Z] issue=1674 category=RESOLVE_NOT_READY exit=1 result=skip
[2026-05-12T02:36:41Z] issue=1684 category=RESOLVE_NOT_READY exit=1 result=skip
[2026-05-12T02:36:41Z] issue=1674 category=RESOLVE_NOT_READY exit=1 result=skip
[2026-05-12T02:36:52Z] issue=1684 category=RESOLVE_NOT_READY exit=1 result=skip
[2026-05-12T02:36:52Z] issue=1674 category=RESOLVE_NOT_READY exit=1 result=skip
[2026-05-12T02:37:03Z] issue=1684 category=RESOLVE_NOT_READY exit=1 result=skip
[2026-05-12T02:37:04Z] issue=1674 category=RESOLVE_NOT_READY exit=1 result=skip
[2026-05-12T02:37:14Z] issue=1674 category=RESOLVE_NOT_READY exit=1 result=skip
[2026-05-12T02:37:25Z] issue=1674 category=RESOLVE_NOT_READY exit=1 result=skip
[2026-05-12T02:37:36Z] issue=1674 category=RESOLVE_NOT_READY exit=1 result=skip
[2026-05-12T02:37:47Z] issue=1674 category=RESOLVE_NOT_READY exit=1 result=skip
[2026-05-12T02:37:58Z] issue=1674 category=RESOLVE_NOT_READY exit=1 result=skip
[2026-05-12T02:38:09Z] issue=1674 category=RESOLVE_NOT_READY exit=1 result=skip
[2026-05-12T02:38:20Z] issue=1674 category=RESOLVE_NOT_READY exit=1 result=skip
[2026-05-12T02:38:31Z] issue=1674 category=RESOLVE_NOT_READY exit=1 result=skip
[2026-05-12T02:38:42Z] issue=1674 category=RESOLVE_NOT_READY exit=1 result=skip
[2026-05-12T02:38:53Z] issue=1674 category=RESOLVE_NOT_READY exit=1 result=skip
[2026-05-12T02:39:04Z] issue=1674 category=RESOLVE_NOT_READY exit=1 result=skip
[2026-05-12T02:39:15Z] issue=1674 category=RESOLVE_NOT_READY exit=1 result=skip
[2026-05-12T02:39:26Z] issue=1674 category=RESOLVE_NOT_READY exit=1 result=skip
[2026-05-12T02:39:37Z] issue=1674 category=RESOLVE_NOT_READY exit=1 result=skip
[2026-05-12T02:39:48Z] issue=1674 category=RESOLVE_NOT_READY exit=1 result=skip
[2026-05-12T02:39:59Z] issue=1674 category=RESOLVE_NOT_READY exit=1 result=skip
[2026-05-12T02:40:10Z] issue=1674 category=RESOLVE_NOT_READY exit=1 result=skip
[2026-05-12T02:40:21Z] issue=1674 category=RESOLVE_NOT_READY exit=1 result=skip
[2026-05-12T02:40:32Z] issue=1674 category=RESOLVE_NOT_READY exit=1 result=skip
[2026-05-12T02:40:43Z] issue=1674 category=RESOLVE_NOT_READY exit=1 result=skip
[2026-05-12T02:40:54Z] issue=1674 category=RESOLVE_NOT_READY exit=1 result=skip
[2026-05-12T02:41:05Z] issue=1674 category=RESOLVE_NOT_READY exit=1 result=skip
[2026-05-12T02:41:16Z] issue=1674 category=RESOLVE_NOT_READY exit=1 result=skip
[2026-05-12T02:41:27Z] issue=1674 category=INJECT_SUCCESS skill=/twl:workflow-pr-fix result=success status=running current_step=ac-verify pr= branch=
[2026-05-12T02:42:33Z] issue=1674 category=RESOLVE_NOT_READY exit=1 result=skip
[2026-05-12T02:42:44Z] issue=1674 category=RESOLVE_NOT_READY exit=1 result=skip
[2026-05-12T02:42:55Z] issue=1674 category=RESOLVE_NOT_READY exit=1 result=skip
[2026-05-12T02:43:06Z] issue=1674 category=RESOLVE_NOT_READY exit=1 result=skip
[2026-05-12T02:43:17Z] issue=1674 category=RESOLVE_NOT_READY exit=1 result=skip
[2026-05-12T02:43:28Z] issue=1674 category=INJECT_PR_MERGE_DEBUG skill=/twl:workflow-pr-merge status=running result=debug reason="status not merge-ready, AC-4 expected behavior"
[2026-05-12T02:43:28Z] issue=1674 category=INJECT_SUCCESS skill=/twl:workflow-pr-merge result=success status=running current_step=warning-fix pr= branch=
[2026-05-12T02:44:56Z] issue=1674 category=RESOLVE_NOT_READY exit=1 result=skip
[2026-05-12T02:45:07Z] issue=1674 category=RESOLVE_NOT_READY exit=1 result=skip
[2026-05-12T02:45:18Z] issue=1674 category=RESOLVE_NOT_READY exit=1 result=skip
[2026-05-12T02:45:29Z] issue=1674 category=RESOLVE_NOT_READY exit=1 result=skip
[2026-05-12T02:45:40Z] issue=1674 category=RESOLVE_NOT_READY exit=1 result=skip
[2026-05-12T02:45:51Z] issue=1674 category=RESOLVE_NOT_READY exit=1 result=skip
